Thu Jul 24 13:21:36 2025
A.L.E: Arcade Learning Environment (version 0.11.0+unknown)
[Powered by Stella]
Game console created:
  ROM file:  ./rom/space_invaders.bin
  Cart Name: Space Invaders (1978) (Atari) [!]
  Cart MD5:  72ffbef6504b75e69ee1045af9075f66
  Display Format:  AUTO-DETECT ==> NTSC
  ROM Size:        4096
  Bankswitch Type: AUTO-DETECT ==> 4K

Running ROM file...
Random seed is 123

Training Parameters:
Lives:         3
Episodes:      1000
Alpha:         0.00025
Gamma:         0.99
Epsilon:       1
Epsilon Min:   0.1
Epsilon Decay: 0.99999
Replay:        50000
Replay Min:    10000
Noop:          30
Frame Skip:    2
Update Freq.:  1000
Batch Size:    32
History Size:  4
Init Weights:  Xavier normal

Episode    0 score:   75 steps: 1529 ai:    0 random:  500 epsilon: 1.0000000 avg loss: -nan
Episode    1 score:  210 steps: 2177 ai:    0 random:  716 epsilon: 1.0000000 avg loss: -nan
Episode    2 score:   55 steps: 1187 ai:    0 random:  386 epsilon: 1.0000000 avg loss: -nan
Episode    3 score:  135 steps: 2132 ai:    0 random:  701 epsilon: 1.0000000 avg loss: -nan
Episode    4 score:   80 steps: 1490 ai:    0 random:  487 epsilon: 1.0000000 avg loss: -nan
Episode    5 score:  210 steps: 2225 ai:    0 random:  732 epsilon: 1.0000000 avg loss: -nan
Episode    6 score:  110 steps: 1871 ai:    0 random:  614 epsilon: 1.0000000 avg loss: -nan
Episode    7 score:  240 steps: 2846 ai:    0 random:  939 epsilon: 1.0000000 avg loss: -nan
Episode    8 score:  100 steps: 1595 ai:    0 random:  522 epsilon: 1.0000000 avg loss: -nan
Episode    9 score:  165 steps: 2393 ai:    0 random:  788 epsilon: 1.0000000 avg loss: -nan
Episode   10 score:  110 steps: 2054 ai:    0 random:  675 epsilon: 1.0000000 avg loss: -nan
Episode   11 score:   75 steps: 1841 ai:    0 random:  604 epsilon: 1.0000000 avg loss: -nan
Episode   12 score:   50 steps: 1181 ai:    0 random:  384 epsilon: 1.0000000 avg loss: -nan
Episode   13 score:  120 steps: 1889 ai:    0 random:  620 epsilon: 1.0000000 avg loss: -nan
Episode   14 score:   55 steps: 1367 ai:    0 random:  446 epsilon: 1.0000000 avg loss: -nan
Episode   15 score:  120 steps: 1889 ai:    0 random:  620 epsilon: 1.0000000 avg loss: -nan
Episode   16 score:  120 steps: 1853 ai:    0 random:  608 epsilon: 0.9965680 avg loss: 0.14823461
Episode   17 score:  105 steps: 1559 ai:    2 random:  508 epsilon: 0.9914915 avg loss: 0.12888341
Episode   18 score:  135 steps: 2213 ai:    9 random:  719 epsilon: 0.9842908 avg loss: 0.11939541
Episode   19 score:  490 steps: 3728 ai:   26 random: 1207 epsilon: 0.9722131 avg loss: 0.12725836
Episode   20 score:  240 steps: 3137 ai:   41 random:  995 epsilon: 0.9621791 avg loss: 0.12011651
Episode   21 score:   55 steps: 1778 ai:   23 random:  560 epsilon: 0.9565790 avg loss: 0.12261643
Episode   22 score:  245 steps: 2831 ai:   43 random:  891 epsilon: 0.9476749 avg loss: 0.12980956
Episode   23 score:   45 steps: 1508 ai:   21 random:  472 epsilon: 0.9430055 avg loss: 0.12738025
Episode   24 score:  210 steps: 3629 ai:   89 random: 1111 epsilon: 0.9317411 avg loss: 0.12133681
Episode   25 score:  105 steps: 1577 ai:   40 random:  476 epsilon: 0.9269419 avg loss: 0.12679872
Episode   26 score:  185 steps: 2465 ai:   73 random:  739 epsilon: 0.9194328 avg loss: 0.11808640
Episode   27 score:    0 steps: 1598 ai:   49 random:  474 epsilon: 0.9146321 avg loss: 0.12094774
Episode   28 score:  180 steps: 2783 ai:   84 random:  834 epsilon: 0.9062639 avg loss: 0.11551951
Episode   29 score:  305 steps: 1943 ai:   56 random:  582 epsilon: 0.9004922 avg loss: 0.11506223
Episode   30 score:  120 steps: 2033 ai:   68 random:  600 epsilon: 0.8944889 avg loss: 0.12386495
Episode   31 score:  155 steps: 2330 ai:   69 random:  698 epsilon: 0.8876464 avg loss: 0.12343318
Episode   32 score:  155 steps: 2321 ai:   92 random:  672 epsilon: 0.8808818 avg loss: 0.12050540
Episode   33 score:  355 steps: 1991 ai:   85 random:  569 epsilon: 0.8751318 avg loss: 0.11635669
Episode   34 score:  110 steps: 1823 ai:   81 random:  517 epsilon: 0.8699067 avg loss: 0.12208502
Episode   35 score:  210 steps: 2837 ai:  121 random:  815 epsilon: 0.8617909 avg loss: 0.11658403
Episode   36 score:  150 steps: 2309 ai:  103 random:  657 epsilon: 0.8552562 avg loss: 0.11672957
Episode   37 score:  120 steps: 1949 ai:  104 random:  536 epsilon: 0.8497936 avg loss: 0.11948199
Episode   38 score:  265 steps: 2891 ai:  138 random:  816 epsilon: 0.8417119 avg loss: 0.11479460
Episode   39 score:  120 steps: 1784 ai:   86 random:  499 epsilon: 0.8367954 avg loss: 0.12315723
Episode   40 score:  135 steps: 1976 ai:   97 random:  552 epsilon: 0.8313763 avg loss: 0.11019424
Episode   41 score:   80 steps: 1850 ai:   95 random:  512 epsilon: 0.8263399 avg loss: 0.11802961
Episode   42 score:  110 steps: 1535 ai:   82 random:  420 epsilon: 0.8221968 avg loss: 0.12105040
Episode   43 score:   35 steps: 1538 ai:   90 random:  413 epsilon: 0.8180622 avg loss: 0.12032153
Episode   44 score:  120 steps: 1865 ai:  111 random:  501 epsilon: 0.8130647 avg loss: 0.11022142
Episode   45 score:  105 steps: 2195 ai:  156 random:  566 epsilon: 0.8072078 avg loss: 0.13021729
Episode   46 score:  125 steps: 2480 ai:  156 random:  661 epsilon: 0.8006288 avg loss: 0.12435480
Episode   47 score:  105 steps: 1958 ai:  135 random:  508 epsilon: 0.7954929 avg loss: 0.11787000
Episode   48 score:  155 steps: 2033 ai:  129 random:  539 epsilon: 0.7901910 avg loss: 0.12498035
Episode   49 score:  110 steps: 2057 ai:  147 random:  529 epsilon: 0.7848610 avg loss: 0.11157756
Episode   50 score:   45 steps: 1613 ai:  119 random:  409 epsilon: 0.7807222 avg loss: 0.12037419
Episode   51 score:  180 steps: 2399 ai:  161 random:  629 epsilon: 0.7745707 avg loss: 0.12407176
Episode   52 score:  215 steps: 2477 ai:  201 random:  615 epsilon: 0.7682677 avg loss: 0.12054500
Episode   53 score:  155 steps: 2096 ai:  157 random:  532 epsilon: 0.7629848 avg loss: 0.11549289
Episode   54 score:  120 steps: 1964 ai:  165 random:  480 epsilon: 0.7580705 avg loss: 0.12327846
Episode   55 score:  290 steps: 3821 ai:  312 random:  952 epsilon: 0.7485375 avg loss: 0.11736190
Episode   56 score:  180 steps: 2429 ai:  184 random:  616 epsilon: 0.7425650 avg loss: 0.11811922
Episode   57 score:  135 steps: 1988 ai:  163 random:  490 epsilon: 0.7377267 avg loss: 0.11332259
Episode   58 score:  130 steps: 2012 ai:  165 random:  496 epsilon: 0.7328597 avg loss: 0.11204279
Episode   59 score:  410 steps: 2693 ai:  248 random:  640 epsilon: 0.7263723 avg loss: 0.11463510
Episode   60 score:  120 steps: 1637 ai:  139 random:  397 epsilon: 0.7224807 avg loss: 0.11678434
Episode   61 score:  105 steps: 2012 ai:  173 random:  488 epsilon: 0.7177134 avg loss: 0.11867721
Episode   62 score:  135 steps: 2012 ai:  186 random:  475 epsilon: 0.7129818 avg loss: 0.12479641
Episode   63 score:  210 steps: 2525 ai:  225 random:  607 epsilon: 0.7070665 avg loss: 0.10931864
Episode   64 score:  595 steps: 3977 ai:  379 random:  937 epsilon: 0.6978099 avg loss: 0.11714315
Episode   65 score:  210 steps: 2333 ai:  227 random:  541 epsilon: 0.6924626 avg loss: 0.10931393
Episode   66 score:  110 steps: 2021 ai:  209 random:  455 epsilon: 0.6878716 avg loss: 0.11718161
Episode   67 score:  180 steps: 2381 ai:  250 random:  534 epsilon: 0.6824944 avg loss: 0.12009896
Episode   68 score:   50 steps: 1565 ai:  150 random:  362 epsilon: 0.6790071 avg loss: 0.11175956
Episode   69 score:  135 steps: 1871 ai:  208 random:  406 epsilon: 0.6748416 avg loss: 0.10971922
Episode   70 score:  210 steps: 2423 ai:  264 random:  534 epsilon: 0.6694684 avg loss: 0.11561638
Episode   71 score:  235 steps: 2813 ai:  330 random:  598 epsilon: 0.6632770 avg loss: 0.12040014
Episode   72 score:   50 steps: 1517 ai:  165 random:  331 epsilon: 0.6599954 avg loss: 0.12628429
Episode   73 score:  120 steps: 1946 ai:  236 random:  403 epsilon: 0.6557854 avg loss: 0.11733449
Episode   74 score:  210 steps: 2381 ai:  269 random:  515 epsilon: 0.6506554 avg loss: 0.12268012
Episode   75 score:  110 steps: 2063 ai:  231 random:  447 epsilon: 0.6462505 avg loss: 0.11262990
Episode   76 score:  105 steps: 1685 ai:  201 random:  351 epsilon: 0.6426933 avg loss: 0.11815253
Episode   77 score:   80 steps: 1652 ai:  209 random:  332 epsilon: 0.6392169 avg loss: 0.11413577
Episode   78 score:  180 steps: 2447 ai:  308 random:  498 epsilon: 0.6340765 avg loss: 0.12091558
Episode   79 score:  105 steps: 1973 ai:  242 random:  406 epsilon: 0.6299809 avg loss: 0.11392573
Episode   80 score:  155 steps: 2345 ai:  269 random:  503 epsilon: 0.6251304 avg loss: 0.11595545
Episode   81 score:  110 steps: 2009 ai:  253 random:  407 epsilon: 0.6210095 avg loss: 0.11561296
Episode   82 score:  380 steps: 2525 ai:  315 random:  517 epsilon: 0.6158541 avg loss: 0.11096855
Episode   83 score:  120 steps: 1967 ai:  243 random:  403 epsilon: 0.6118882 avg loss: 0.11095740
Episode   84 score:  215 steps: 2507 ai:  322 random:  504 epsilon: 0.6068491 avg loss: 0.11648481
Episode   85 score:  260 steps: 2885 ai:  371 random:  581 epsilon: 0.6010917 avg loss: 0.11611785
Episode   86 score:  110 steps: 2000 ai:  272 random:  385 epsilon: 0.5971472 avg loss: 0.11649353
Episode   87 score:  240 steps: 2417 ai:  342 random:  454 epsilon: 0.5924026 avg loss: 0.10960877
Episode   88 score:  110 steps: 1988 ai:  265 random:  388 epsilon: 0.5885479 avg loss: 0.11488827
Episode   89 score:   75 steps: 1553 ai:  193 random:  315 epsilon: 0.5855579 avg loss: 0.11709578
Episode   90 score:  180 steps: 2375 ai:  327 random:  455 epsilon: 0.5809901 avg loss: 0.10840677
Episode   91 score:  115 steps: 2156 ai:  289 random:  420 epsilon: 0.5768844 avg loss: 0.11092177
Episode   92 score:   75 steps: 1571 ai:  238 random:  276 epsilon: 0.5739177 avg loss: 0.11448411
Episode   93 score:  125 steps: 2159 ai:  323 random:  387 epsilon: 0.5698550 avg loss: 0.11663914
Episode   94 score:  145 steps: 2051 ai:  289 random:  385 epsilon: 0.5660239 avg loss: 0.11297685
Episode   95 score:   80 steps: 1598 ai:  248 random:  275 epsilon: 0.5630624 avg loss: 0.12069935
Episode   96 score:  110 steps: 1667 ai:  231 random:  315 epsilon: 0.5599973 avg loss: 0.11471166
Episode   97 score:   55 steps: 1619 ai:  221 random:  309 epsilon: 0.5570278 avg loss: 0.12183183
Episode   98 score:  105 steps: 2009 ai:  291 random:  369 epsilon: 0.5533642 avg loss: 0.11666555
Episode   99 score:  120 steps: 1874 ai:  265 random:  350 epsilon: 0.5499619 avg loss: 0.11076456
Episode  100 score:   40 steps: 1586 ai:  215 random:  304 epsilon: 0.5471159 avg loss: 0.11132683
Episode  101 score:  290 steps: 4097 ai:  589 random:  767 epsilon: 0.5397341 avg loss: 0.11469585
Episode  102 score:  355 steps: 2405 ai:  395 random:  397 epsilon: 0.5354739 avg loss: 0.11233726
Episode  103 score:  120 steps: 1991 ai:  313 random:  341 epsilon: 0.5319742 avg loss: 0.11040133
Episode  104 score:  185 steps: 2384 ai:  352 random:  433 epsilon: 0.5278099 avg loss: 0.11373467
Episode  105 score:  110 steps: 1898 ai:  284 random:  339 epsilon: 0.5245306 avg loss: 0.11315068
Episode  106 score:  110 steps: 1622 ai:  262 random:  269 epsilon: 0.5217454 avg loss: 0.11384037
Episode  107 score:  200 steps: 2039 ai:  344 random:  326 epsilon: 0.5182607 avg loss: 0.11544281
Episode  108 score:  300 steps: 4208 ai:  705 random:  688 epsilon: 0.5110813 avg loss: 0.11074518
Episode  109 score:  215 steps: 2813 ai:  458 random:  470 epsilon: 0.5063546 avg loss: 0.10923203
Episode  110 score:  290 steps: 2957 ai:  483 random:  493 epsilon: 0.5014282 avg loss: 0.11010733
Episode  111 score:  210 steps: 2405 ai:  409 random:  383 epsilon: 0.4974691 avg loss: 0.11334570
Episode  112 score:  110 steps: 1898 ai:  308 random:  315 epsilon: 0.4943754 avg loss: 0.11344716
Episode  113 score:  110 steps: 1535 ai:  260 random:  242 epsilon: 0.4918959 avg loss: 0.11175828
Episode  114 score:  105 steps: 1910 ai:  328 random:  299 epsilon: 0.4888174 avg loss: 0.10598457
Episode  115 score:  105 steps: 1571 ai:  246 random:  268 epsilon: 0.4863070 avg loss: 0.11345289
Episode  116 score:  225 steps: 2519 ai:  434 random:  396 epsilon: 0.4822833 avg loss: 0.11127787
Episode  117 score:  120 steps: 1589 ai:  277 random:  243 epsilon: 0.4797782 avg loss: 0.11261930
Episode  118 score:  105 steps: 2015 ai:  348 random:  314 epsilon: 0.4766085 avg loss: 0.11518589
Episode  119 score:  180 steps: 2378 ai:  410 random:  373 epsilon: 0.4728863 avg loss: 0.11271239
Episode  120 score:  105 steps: 1922 ai:  342 random:  289 epsilon: 0.4699077 avg loss: 0.10809930
Episode  121 score:  155 steps: 2147 ai:  369 random:  337 epsilon: 0.4665971 avg loss: 0.11393185
Episode  122 score:  110 steps: 1607 ai:  307 random:  219 epsilon: 0.4641463 avg loss: 0.10876589
Episode  123 score:  355 steps: 2135 ai:  371 random:  331 epsilon: 0.4608949 avg loss: 0.11419767
Episode  124 score:  180 steps: 2555 ai:  472 random:  370 epsilon: 0.4570235 avg loss: 0.11808357
Episode  125 score:  130 steps: 1997 ai:  335 random:  321 epsilon: 0.4540312 avg loss: 0.10776499
Episode  126 score:  210 steps: 2468 ai:  424 random:  389 epsilon: 0.4503508 avg loss: 0.11217115
Episode  127 score:  140 steps: 1724 ai:  324 random:  241 epsilon: 0.4478090 avg loss: 0.11353261
Episode  128 score:  210 steps: 2468 ai:  466 random:  347 epsilon: 0.4441797 avg loss: 0.11634309
Episode  129 score:  105 steps: 2042 ai:  378 random:  293 epsilon: 0.4412052 avg loss: 0.11597350
Episode  130 score:  155 steps: 2144 ai:  396 random:  309 epsilon: 0.4381016 avg loss: 0.12022117
Episode  131 score:  185 steps: 2408 ai:  460 random:  333 epsilon: 0.4346369 avg loss: 0.10937960
Episode  132 score:  140 steps: 1727 ai:  320 random:  246 epsilon: 0.4321801 avg loss: 0.10384566
Episode  133 score:  125 steps: 1985 ai:  363 random:  289 epsilon: 0.4293674 avg loss: 0.11390769
Episode  134 score:  105 steps: 1961 ai:  366 random:  278 epsilon: 0.4266069 avg loss: 0.11499364
Episode  135 score:  150 steps: 2138 ai:  417 random:  286 epsilon: 0.4236144 avg loss: 0.11345058
Episode  136 score:  110 steps: 1997 ai:  371 random:  285 epsilon: 0.4208403 avg loss: 0.11272580
Episode  137 score:  110 steps: 1931 ai:  357 random:  277 epsilon: 0.4181761 avg loss: 0.11371259
Episode  138 score:   60 steps: 2126 ai:  394 random:  305 epsilon: 0.4152595 avg loss: 0.11165396
Episode  139 score:  225 steps: 2417 ai:  454 random:  342 epsilon: 0.4119632 avg loss: 0.10948003
Episode  140 score:  110 steps: 1529 ai:  297 random:  203 epsilon: 0.4099068 avg loss: 0.11774635
Episode  141 score:  215 steps: 2420 ai:  482 random:  315 epsilon: 0.4066478 avg loss: 0.10450753
Episode  142 score:  180 steps: 2435 ai:  457 random:  345 epsilon: 0.4033943 avg loss: 0.10792806
Episode  143 score:  355 steps: 4052 ai:  820 random:  521 epsilon: 0.3980151 avg loss: 0.10601285
Episode  144 score:  135 steps: 2159 ai:  429 random:  281 epsilon: 0.3951957 avg loss: 0.12205840
Episode  145 score:  270 steps: 2720 ai:  555 random:  342 epsilon: 0.3916606 avg loss: 0.11391360
Episode  146 score:   30 steps: 1499 ai:  313 random:  177 epsilon: 0.3897454 avg loss: 0.10353443
Episode  147 score:   80 steps: 1514 ai:  299 random:  196 epsilon: 0.3878172 avg loss: 0.11409383
Episode  148 score:  110 steps: 1919 ai:  385 random:  245 epsilon: 0.3853767 avg loss: 0.11044482
Episode  149 score:  270 steps: 3857 ai:  771 random:  505 epsilon: 0.3804864 avg loss: 0.10776004
Episode  150 score:  105 steps: 1949 ai:  408 random:  232 epsilon: 0.3780561 avg loss: 0.11128945
Episode  151 score:  515 steps: 4241 ai:  856 random:  548 epsilon: 0.3727774 avg loss: 0.10939456
Episode  152 score:  215 steps: 2564 ai:  522 random:  323 epsilon: 0.3696368 avg loss: 0.11090784
Episode  153 score:  200 steps: 2357 ai:  512 random:  264 epsilon: 0.3667755 avg loss: 0.11009625
Episode  154 score:  225 steps: 2639 ai:  541 random:  329 epsilon: 0.3635944 avg loss: 0.10734612
Episode  155 score:  120 steps: 1916 ai:  425 random:  204 epsilon: 0.3613099 avg loss: 0.10993641
Episode  156 score:  160 steps: 2411 ai:  511 random:  283 epsilon: 0.3584481 avg loss: 0.11044087
Episode  157 score:  210 steps: 2420 ai:  496 random:  301 epsilon: 0.3555983 avg loss: 0.10790801
Episode  158 score:  110 steps: 1763 ai:  391 random:  187 epsilon: 0.3535484 avg loss: 0.10710902
Episode  159 score:  220 steps: 2405 ai:  498 random:  294 epsilon: 0.3507559 avg loss: 0.10566679
Episode  160 score:  165 steps: 2399 ai:  491 random:  299 epsilon: 0.3479923 avg loss: 0.11023131
Episode  161 score:  135 steps: 2063 ai:  444 random:  234 epsilon: 0.3456376 avg loss: 0.10842677
Episode  162 score:  235 steps: 2399 ai:  533 random:  257 epsilon: 0.3429137 avg loss: 0.11107363
Episode  163 score:  260 steps: 3098 ai:  655 random:  368 epsilon: 0.3394195 avg loss: 0.10920010
Episode  164 score:  150 steps: 2117 ai:  442 random:  254 epsilon: 0.3370614 avg loss: 0.11061596
Episode  165 score:  120 steps: 1925 ai:  400 random:  232 epsilon: 0.3349330 avg loss: 0.10134960
Episode  166 score:  120 steps: 2009 ai:  448 random:  212 epsilon: 0.3327290 avg loss: 0.11018357
Episode  167 score:  675 steps: 4574 ai: 1021 random:  494 epsilon: 0.3277198 avg loss: 0.10833223
Episode  168 score:  225 steps: 2462 ai:  552 random:  259 epsilon: 0.3250687 avg loss: 0.11085816
Episode  169 score:  190 steps: 2399 ai:  539 random:  251 epsilon: 0.3225062 avg loss: 0.10574226
Episode  170 score:  130 steps: 2015 ai:  432 random:  230 epsilon: 0.3203755 avg loss: 0.10870451
Episode  171 score:  125 steps: 1985 ai:  446 random:  206 epsilon: 0.3182923 avg loss: 0.10454736
Episode  172 score:  115 steps: 1997 ai:  436 random:  220 epsilon: 0.3162075 avg loss: 0.10500271
Episode  173 score:  120 steps: 1535 ai:  336 random:  166 epsilon: 0.3146217 avg loss: 0.11086469
Episode  174 score:  145 steps: 2234 ai:  516 random:  219 epsilon: 0.3123157 avg loss: 0.10886765
Episode  175 score:  155 steps: 2774 ai:  645 random:  270 epsilon: 0.3094673 avg loss: 0.10824343
Episode  176 score:  105 steps: 1631 ai:  361 random:  173 epsilon: 0.3078143 avg loss: 0.11228091
Episode  177 score:  105 steps: 1655 ai:  342 random:  200 epsilon: 0.3061506 avg loss: 0.11343425
Episode  178 score:  210 steps: 2444 ai:  572 random:  233 epsilon: 0.3036929 avg loss: 0.10697649
Episode  179 score:   65 steps: 1517 ai:  338 random:  158 epsilon: 0.3021851 avg loss: 0.11495378
Episode  180 score:  250 steps: 2495 ai:  568 random:  254 epsilon: 0.2997099 avg loss: 0.10753310
Episode  181 score:  245 steps: 2393 ai:  557 random:  231 epsilon: 0.2973555 avg loss: 0.10699464
Episode  182 score:  180 steps: 4010 ai:  955 random:  372 epsilon: 0.2934280 avg loss: 0.10579447
Episode  183 score:  215 steps: 2507 ai:  595 random:  231 epsilon: 0.2910128 avg loss: 0.10930074
Episode  184 score:  530 steps: 3587 ai:  846 random:  340 epsilon: 0.2875758 avg loss: 0.10827989
Episode  185 score:  135 steps: 2045 ai:  490 random:  182 epsilon: 0.2856493 avg loss: 0.10343999
Episode  186 score:  105 steps: 1985 ai:  476 random:  176 epsilon: 0.2837885 avg loss: 0.11413640
Episode  187 score:  215 steps: 2579 ai:  604 random:  246 epsilon: 0.2813819 avg loss: 0.11141028
Episode  188 score:  200 steps: 2861 ai:  663 random:  281 epsilon: 0.2787360 avg loss: 0.11169564
Episode  189 score:  115 steps: 1970 ai:  470 random:  177 epsilon: 0.2769378 avg loss: 0.11529154
Episode  190 score:   75 steps: 1517 ai:  354 random:  142 epsilon: 0.2755631 avg loss: 0.10716968
Episode  191 score:  425 steps: 2756 ai:  645 random:  264 epsilon: 0.2730680 avg loss: 0.10739152
Episode  192 score:  265 steps: 2861 ai:  670 random:  274 epsilon: 0.2704997 avg loss: 0.10549062
Episode  193 score:  125 steps: 1925 ai:  443 random:  189 epsilon: 0.2687918 avg loss: 0.10834817
Episode  194 score:  230 steps: 2465 ai:  596 random:  216 epsilon: 0.2666139 avg loss: 0.10721605
Episode  195 score:  180 steps: 2402 ai:  597 random:  194 epsilon: 0.2645131 avg loss: 0.10593693
Episode  196 score:  105 steps: 1892 ai:  466 random:  155 epsilon: 0.2628718 avg loss: 0.11204502
Episode  197 score:   40 steps: 1895 ai:  472 random:  150 epsilon: 0.2612406 avg loss: 0.10279117
Episode  198 score:  105 steps: 1847 ai:  448 random:  158 epsilon: 0.2596599 avg loss: 0.10553174
Episode  199 score:  210 steps: 2465 ai:  584 random:  228 epsilon: 0.2575546 avg loss: 0.10541041
Episode  200 score:  185 steps: 2447 ai:  611 random:  195 epsilon: 0.2554875 avg loss: 0.10702068
Episode  201 score:  160 steps: 2435 ai:  598 random:  204 epsilon: 0.2534439 avg loss: 0.10114348
Episode  202 score:  145 steps: 2033 ai:  507 random:  161 epsilon: 0.2517518 avg loss: 0.12105818
Episode  203 score:  135 steps: 2333 ai:  580 random:  188 epsilon: 0.2498260 avg loss: 0.10467382
Episode  204 score:  190 steps: 2441 ai:  607 random:  197 epsilon: 0.2478219 avg loss: 0.10896018
Episode  205 score:  110 steps: 2015 ai:  495 random:  167 epsilon: 0.2461846 avg loss: 0.10918244
Episode  206 score:  165 steps: 2048 ai:  504 random:  169 epsilon: 0.2445315 avg loss: 0.11105971
Episode  207 score:  105 steps: 1652 ai:  410 random:  131 epsilon: 0.2432099 avg loss: 0.10772167
Episode  208 score:  105 steps: 1511 ai:  382 random:  112 epsilon: 0.2420101 avg loss: 0.11162560
Episode  209 score:  220 steps: 2459 ai:  612 random:  198 epsilon: 0.2400552 avg loss: 0.10642503
Episode  210 score:  120 steps: 1985 ai:  484 random:  168 epsilon: 0.2384932 avg loss: 0.11444959
Episode  211 score:   75 steps: 1514 ai:  354 random:  141 epsilon: 0.2373132 avg loss: 0.10490082
Episode  212 score:  140 steps: 2009 ai:  513 random:  147 epsilon: 0.2357502 avg loss: 0.10324592
Episode  213 score:  645 steps: 4493 ai: 1121 random:  367 epsilon: 0.2322643 avg loss: 0.11106424
Episode  214 score:  110 steps: 1925 ai:  473 random:  159 epsilon: 0.2307990 avg loss: 0.11056618
Episode  215 score:  240 steps: 2459 ai:  621 random:  189 epsilon: 0.2289345 avg loss: 0.11569579
Episode  216 score:  110 steps: 1523 ai:  383 random:  115 epsilon: 0.2277958 avg loss: 0.10409786
Episode  217 score:  125 steps: 2063 ai:  529 random:  149 epsilon: 0.2262545 avg loss: 0.10509903
Episode  218 score:  325 steps: 2903 ai:  745 random:  213 epsilon: 0.2240936 avg loss: 0.11090951
Episode  219 score:  345 steps: 4046 ai: 1037 random:  302 epsilon: 0.2211090 avg loss: 0.11376349
Episode  220 score:  215 steps: 2549 ai:  671 random:  169 epsilon: 0.2192572 avg loss: 0.10475359
Episode  221 score:  255 steps: 2702 ai:  680 random:  211 epsilon: 0.2173102 avg loss: 0.11447101
Episode  222 score:  170 steps: 3929 ai: 1027 random:  273 epsilon: 0.2144996 avg loss: 0.10602466
Episode  223 score:  170 steps: 2387 ai:  632 random:  154 epsilon: 0.2128181 avg loss: 0.11251071
Episode  224 score:  165 steps: 2387 ai:  607 random:  179 epsilon: 0.2111496 avg loss: 0.09832223
Episode  225 score:  190 steps: 2405 ai:  616 random:  176 epsilon: 0.2094814 avg loss: 0.10926978
Episode  226 score:  130 steps: 2411 ai:  635 random:  159 epsilon: 0.2078221 avg loss: 0.10770190
Episode  227 score:  215 steps: 2495 ai:  646 random:  176 epsilon: 0.2061179 avg loss: 0.10865220
Episode  228 score:  160 steps: 1955 ai:  514 random:  128 epsilon: 0.2047976 avg loss: 0.11070347
Episode  229 score:  260 steps: 2882 ai:  745 random:  206 epsilon: 0.2028568 avg loss: 0.10685225
Episode  230 score:   85 steps: 1883 ai:  485 random:  133 epsilon: 0.2016046 avg loss: 0.09806351
Episode  231 score:  120 steps: 1628 ai:  445 random:   88 epsilon: 0.2005324 avg loss: 0.10765306
Episode  232 score:  265 steps: 3101 ai:  825 random:  199 epsilon: 0.1984862 avg loss: 0.10795035
Episode  233 score:  120 steps: 2081 ai:  545 random:  139 epsilon: 0.1971309 avg loss: 0.10798479
Episode  234 score:  125 steps: 3971 ai: 1061 random:  253 epsilon: 0.1945549 avg loss: 0.10786071
Episode  235 score:  290 steps: 3455 ai:  933 random:  209 epsilon: 0.1923428 avg loss: 0.11141752
Episode  236 score:  140 steps: 1649 ai:  427 random:  113 epsilon: 0.1913048 avg loss: 0.09889967
Episode  237 score:  285 steps: 2651 ai:  720 random:  154 epsilon: 0.1896378 avg loss: 0.10807438
Episode  238 score:  220 steps: 2441 ai:  675 random:  129 epsilon: 0.1881173 avg loss: 0.11334313
Episode  239 score:  255 steps: 2735 ai:  727 random:  175 epsilon: 0.1864264 avg loss: 0.10853482
Episode  240 score:  240 steps: 2585 ai:  688 random:  164 epsilon: 0.1848428 avg loss: 0.10616786
Episode  241 score:  325 steps: 4466 ai: 1210 random:  269 epsilon: 0.1821248 avg loss: 0.10560294
Episode  242 score:  120 steps: 2186 ai:  587 random:  132 epsilon: 0.1808177 avg loss: 0.10394912
Episode  243 score:   60 steps: 1493 ai:  392 random:   96 epsilon: 0.1799377 avg loss: 0.10260841
Episode  244 score:  215 steps: 4529 ai: 1237 random:  263 epsilon: 0.1772552 avg loss: 0.10214750
Episode  245 score:  215 steps: 2507 ai:  697 random:  129 epsilon: 0.1757951 avg loss: 0.10895451
Episode  246 score:  240 steps: 2564 ai:  701 random:  144 epsilon: 0.1743139 avg loss: 0.10156499
Episode  247 score:  115 steps: 1724 ai:  475 random:   90 epsilon: 0.1733291 avg loss: 0.10634982
Episode  248 score:  195 steps: 2417 ai:  665 random:  131 epsilon: 0.1719532 avg loss: 0.10262963
Episode  249 score:  360 steps: 3950 ai: 1072 random:  235 epsilon: 0.1697187 avg loss: 0.10639423
Episode  250 score:  155 steps: 2066 ai:  566 random:  113 epsilon: 0.1685681 avg loss: 0.10580697
Episode  251 score:  110 steps: 1991 ai:  526 random:  128 epsilon: 0.1674669 avg loss: 0.10835530
Episode  252 score:  105 steps: 1679 ai:  451 random:   99 epsilon: 0.1665485 avg loss: 0.10037453
Episode  253 score:  560 steps: 3716 ai: 1023 random:  206 epsilon: 0.1645101 avg loss: 0.10868917
Episode  254 score:  135 steps: 2141 ai:  567 random:  137 epsilon: 0.1633555 avg loss: 0.10062052
Episode  255 score:  220 steps: 2648 ai:  743 random:  130 epsilon: 0.1619338 avg loss: 0.10348618
Episode  256 score:  575 steps: 4091 ai: 1153 random:  201 epsilon: 0.1597524 avg loss: 0.10278411
Episode  257 score:  265 steps: 2879 ai:  804 random:  146 epsilon: 0.1582400 avg loss: 0.10379564
Episode  258 score:  340 steps: 3989 ai: 1124 random:  196 epsilon: 0.1561629 avg loss: 0.10280077
Episode  259 score:  260 steps: 2879 ai:  815 random:  135 epsilon: 0.1546844 avg loss: 0.09976624
Episode  260 score:  130 steps: 1904 ai:  527 random:   98 epsilon: 0.1537188 avg loss: 0.11117205
Episode  261 score:  110 steps: 2006 ai:  549 random:  110 epsilon: 0.1527073 avg loss: 0.09965590
Episode  262 score:  225 steps: 2405 ai:  669 random:  123 epsilon: 0.1515018 avg loss: 0.10460216
Episode  263 score:  150 steps: 2078 ai:  577 random:  106 epsilon: 0.1504694 avg loss: 0.09519592
Episode  264 score:  110 steps: 1949 ai:  537 random:  103 epsilon: 0.1495066 avg loss: 0.10100171
Episode  265 score:  120 steps: 1994 ai:  563 random:   92 epsilon: 0.1485306 avg loss: 0.10323444
Episode  266 score:  160 steps: 2759 ai:  777 random:  133 epsilon: 0.1471835 avg loss: 0.10638819
Episode  267 score:   75 steps: 1511 ai:  424 random:   70 epsilon: 0.1464560 avg loss: 0.09647496
Episode  268 score:  190 steps: 4004 ai: 1138 random:  187 epsilon: 0.1445268 avg loss: 0.09905105
Episode  269 score:  260 steps: 2867 ai:  807 random:  139 epsilon: 0.1431640 avg loss: 0.10030497
Episode  270 score:  105 steps: 1991 ai:  565 random:   89 epsilon: 0.1422285 avg loss: 0.10096225
Episode  271 score:  110 steps: 1985 ai:  558 random:   94 epsilon: 0.1413043 avg loss: 0.10629712
Episode  272 score:  255 steps: 3278 ai:  930 random:  153 epsilon: 0.1397802 avg loss: 0.09957757
Episode  273 score:  485 steps: 4079 ai: 1166 random:  184 epsilon: 0.1379025 avg loss: 0.09905106
Episode  274 score:  105 steps: 2195 ai:  634 random:   88 epsilon: 0.1369099 avg loss: 0.09769737
Episode  275 score:   80 steps: 1523 ai:  437 random:   61 epsilon: 0.1362272 avg loss: 0.09755286
Episode  276 score:  110 steps: 1985 ai:  555 random:   97 epsilon: 0.1353424 avg loss: 0.09893217
Episode  277 score:   75 steps: 1541 ai:  423 random:   81 epsilon: 0.1346591 avg loss: 0.10747897
Episode  278 score:  105 steps: 1955 ai:  545 random:   97 epsilon: 0.1337981 avg loss: 0.09502767
Episode  279 score:  530 steps: 3551 ai: 1011 random:  163 epsilon: 0.1322343 avg loss: 0.10266333
Episode  280 score:   75 steps: 2015 ai:  558 random:  104 epsilon: 0.1313602 avg loss: 0.09977159
Episode  281 score:   65 steps: 1727 ai:  479 random:   87 epsilon: 0.1306180 avg loss: 0.10391236
Episode  282 score:  155 steps: 3524 ai: 1009 random:  156 epsilon: 0.1291030 avg loss: 0.10041261
Episode  283 score:   75 steps: 1538 ai:  432 random:   71 epsilon: 0.1284540 avg loss: 0.09957476
Episode  284 score:  110 steps: 1607 ai:  454 random:   72 epsilon: 0.1277799 avg loss: 0.09685950
Episode  285 score:  190 steps: 2411 ai:  682 random:  112 epsilon: 0.1267679 avg loss: 0.09689444
Episode  286 score:  105 steps: 1631 ai:  479 random:   55 epsilon: 0.1260915 avg loss: 0.10560498
Episode  287 score:  110 steps: 2078 ai:  601 random:   82 epsilon: 0.1252325 avg loss: 0.10152062
Episode  288 score:  470 steps: 2984 ai:  870 random:  115 epsilon: 0.1240033 avg loss: 0.10429802
Episode  289 score:  120 steps: 1949 ai:  564 random:   76 epsilon: 0.1232111 avg loss: 0.10233094
Episode  290 score:  220 steps: 2417 ai:  697 random:   99 epsilon: 0.1222331 avg loss: 0.09829054
Episode  291 score:  240 steps: 3290 ai:  949 random:  138 epsilon: 0.1209094 avg loss: 0.09481019
Episode  292 score:  215 steps: 2606 ai:  754 random:  105 epsilon: 0.1198744 avg loss: 0.10181773
Episode  293 score:  110 steps: 2069 ai:  607 random:   73 epsilon: 0.1190609 avg loss: 0.09646999
Episode  294 score:  190 steps: 2429 ai:  689 random:  111 epsilon: 0.1181108 avg loss: 0.09878263
Episode  295 score:  360 steps: 3902 ai: 1120 random:  171 epsilon: 0.1165937 avg loss: 0.10453378
Episode  296 score:  215 steps: 2447 ai:  704 random:  102 epsilon: 0.1156562 avg loss: 0.09884323
Episode  297 score:  145 steps: 3992 ai: 1164 random:  157 epsilon: 0.1141365 avg loss: 0.09682985
Episode  298 score:  115 steps: 1910 ai:  541 random:   86 epsilon: 0.1134220 avg loss: 0.09871066
Episode  299 score:  175 steps: 2507 ai:  734 random:   92 epsilon: 0.1124881 avg loss: 0.10394202
Episode  300 score:  340 steps: 4112 ai: 1197 random:  164 epsilon: 0.1109655 avg loss: 0.10116817
Episode  301 score:  495 steps: 4721 ai: 1409 random:  155 epsilon: 0.1092412 avg loss: 0.10127890
Episode  302 score:  220 steps: 2549 ai:  752 random:   88 epsilon: 0.1083258 avg loss: 0.10226613
Episode  303 score:  185 steps: 3008 ai:  871 random:  122 epsilon: 0.1072544 avg loss: 0.10320703
Episode  304 score:  185 steps: 2411 ai:  719 random:   75 epsilon: 0.1064051 avg loss: 0.09900181
Episode  305 score:  210 steps: 2462 ai:  720 random:   91 epsilon: 0.1055444 avg loss: 0.09446041
Episode  306 score:  245 steps: 4067 ai: 1223 random:  123 epsilon: 0.1041314 avg loss: 0.10023835
Episode  307 score:  290 steps: 2867 ai:  830 random:  116 epsilon: 0.1031493 avg loss: 0.10123486
Episode  308 score:  260 steps: 3161 ai:  952 random:   92 epsilon: 0.1020769 avg loss: 0.09856396
Episode  309 score:  110 steps: 2030 ai:  608 random:   59 epsilon: 0.1013972 avg loss: 0.10104118
Episode  310 score:  335 steps: 3011 ai:  897 random:   97 epsilon: 0.1003932 avg loss: 0.09772902
Episode  311 score:  450 steps: 4145 ai: 1224 random:  148 epsilon: 0.1000000 avg loss: 0.10042017
Episode  312 score:  395 steps: 4403 ai: 1311 random:  147 epsilon: 0.1000000 avg loss: 0.09896203
Episode  313 score:  115 steps: 2096 ai:  633 random:   56 epsilon: 0.1000000 avg loss: 0.10433831
Episode  314 score:  240 steps: 2627 ai:  773 random:   93 epsilon: 0.1000000 avg loss: 0.09961377
Episode  315 score:  175 steps: 3983 ai: 1187 random:  131 epsilon: 0.1000000 avg loss: 0.09713566
Episode  316 score:  140 steps: 2429 ai:  720 random:   80 epsilon: 0.1000000 avg loss: 0.10107684
Episode  317 score:  105 steps: 1712 ai:  510 random:   51 epsilon: 0.1000000 avg loss: 0.10845862
Episode  318 score:   30 steps: 1793 ai:  540 random:   48 epsilon: 0.1000000 avg loss: 0.09838661
Episode  319 score:  290 steps: 2225 ai:  652 random:   80 epsilon: 0.1000000 avg loss: 0.09632740
Episode  320 score:  265 steps: 3557 ai: 1042 random:  134 epsilon: 0.1000000 avg loss: 0.10094916
Episode  321 score:  175 steps: 2108 ai:  615 random:   78 epsilon: 0.1000000 avg loss: 0.09130448
Episode  322 score:  650 steps: 4163 ai: 1253 random:  125 epsilon: 0.1000000 avg loss: 0.09744802
Episode  323 score:  155 steps: 3899 ai: 1165 random:  125 epsilon: 0.1000000 avg loss: 0.10127563
Episode  324 score:  305 steps: 4100 ai: 1226 random:  131 epsilon: 0.1000000 avg loss: 0.09929575
Episode  325 score:  195 steps: 2471 ai:  737 random:   77 epsilon: 0.1000000 avg loss: 0.09754722
Episode  326 score:   85 steps: 2093 ai:  604 random:   84 epsilon: 0.1000000 avg loss: 0.09708827
Episode  327 score:  190 steps: 2519 ai:  739 random:   91 epsilon: 0.1000000 avg loss: 0.09345840
Episode  328 score:  255 steps: 2906 ai:  859 random:  100 epsilon: 0.1000000 avg loss: 0.10054074
Episode  329 score:  175 steps: 2060 ai:  606 random:   71 epsilon: 0.1000000 avg loss: 0.09884517
Episode  330 score:  300 steps: 3014 ai:  882 random:  113 epsilon: 0.1000000 avg loss: 0.10356225
Episode  331 score:  290 steps: 2801 ai:  805 random:  119 epsilon: 0.1000000 avg loss: 0.09880122
Episode  332 score:  105 steps: 1520 ai:  449 random:   48 epsilon: 0.1000000 avg loss: 0.09151493
Episode  333 score:  135 steps: 1958 ai:  579 random:   64 epsilon: 0.1000000 avg loss: 0.09926644
Episode  334 score:  210 steps: 2423 ai:  709 random:   89 epsilon: 0.1000000 avg loss: 0.09885059
Episode  335 score:  130 steps: 1967 ai:  574 random:   72 epsilon: 0.1000000 avg loss: 0.09613118
Episode  336 score:  150 steps: 2387 ai:  714 random:   72 epsilon: 0.1000000 avg loss: 0.10203807
Episode  337 score:  175 steps: 2399 ai:  716 random:   74 epsilon: 0.1000000 avg loss: 0.10196497
Episode  338 score:  105 steps: 1982 ai:  583 random:   68 epsilon: 0.1000000 avg loss: 0.10110619
Episode  339 score:  315 steps: 3371 ai:  989 random:  125 epsilon: 0.1000000 avg loss: 0.10046213
Episode  340 score:  165 steps: 2561 ai:  755 random:   89 epsilon: 0.1000000 avg loss: 0.09996614
Episode  341 score:  270 steps: 2840 ai:  826 random:  111 epsilon: 0.1000000 avg loss: 0.10262944
Episode  342 score:  260 steps: 2699 ai:  806 random:   84 epsilon: 0.1000000 avg loss: 0.10512068
Episode  343 score:  460 steps: 4613 ai: 1375 random:  153 epsilon: 0.1000000 avg loss: 0.09767597
Episode  344 score:  180 steps: 2429 ai:  717 random:   83 epsilon: 0.1000000 avg loss: 0.10197222
Episode  345 score:  115 steps: 1979 ai:  582 random:   68 epsilon: 0.1000000 avg loss: 0.10094358
Episode  346 score:  210 steps: 2429 ai:  725 random:   75 epsilon: 0.1000000 avg loss: 0.10375595
Episode  347 score:  125 steps: 1910 ai:  581 random:   46 epsilon: 0.1000000 avg loss: 0.10138179
Episode  348 score:  240 steps: 4223 ai: 1244 random:  154 epsilon: 0.1000000 avg loss: 0.10423088
Episode  349 score:  135 steps: 2033 ai:  598 random:   70 epsilon: 0.1000000 avg loss: 0.10095584
Episode  350 score:  225 steps: 4196 ai: 1255 random:  134 epsilon: 0.1000000 avg loss: 0.10075181
Episode  351 score:   95 steps: 2090 ai:  624 random:   63 epsilon: 0.1000000 avg loss: 0.10166768
Episode  352 score:  130 steps: 2768 ai:  836 random:   77 epsilon: 0.1000000 avg loss: 0.10285979
Episode  353 score:  130 steps: 2087 ai:  622 random:   64 epsilon: 0.1000000 avg loss: 0.10670777
Episode  354 score:  105 steps: 1631 ai:  489 random:   45 epsilon: 0.1000000 avg loss: 0.10058325
Episode  355 score:  175 steps: 2018 ai:  591 random:   72 epsilon: 0.1000000 avg loss: 0.10408242
Episode  356 score:  140 steps: 2384 ai:  702 random:   83 epsilon: 0.1000000 avg loss: 0.10570716
Episode  357 score:  255 steps: 2468 ai:  735 random:   78 epsilon: 0.1000000 avg loss: 0.10776100
Episode  358 score:  120 steps: 2105 ai:  615 random:   77 epsilon: 0.1000000 avg loss: 0.09823580
Episode  359 score:  160 steps: 2381 ai:  713 random:   71 epsilon: 0.1000000 avg loss: 0.10418082
Episode  360 score:  215 steps: 2465 ai:  725 random:   87 epsilon: 0.1000000 avg loss: 0.10323863
Episode  361 score:  105 steps: 1745 ai:  510 random:   62 epsilon: 0.1000000 avg loss: 0.11720644
Episode  362 score:  105 steps: 2003 ai:  590 random:   68 epsilon: 0.1000000 avg loss: 0.10075651
Episode  363 score:  280 steps: 2990 ai:  887 random:  100 epsilon: 0.1000000 avg loss: 0.10383884
Episode  364 score:  240 steps: 4022 ai: 1202 random:  129 epsilon: 0.1000000 avg loss: 0.11016674
Episode  365 score:  235 steps: 2498 ai:  757 random:   66 epsilon: 0.1000000 avg loss: 0.11254470
Episode  366 score:  110 steps: 1991 ai:  583 random:   71 epsilon: 0.1000000 avg loss: 0.10644355
Episode  367 score:  170 steps: 2363 ai:  695 random:   83 epsilon: 0.1000000 avg loss: 0.11053193
Episode  368 score:  235 steps: 4508 ai: 1345 random:  148 epsilon: 0.1000000 avg loss: 0.10730665
Episode  369 score:  150 steps: 2417 ai:  723 random:   73 epsilon: 0.1000000 avg loss: 0.10625117
Episode  370 score:  130 steps: 2042 ai:  596 random:   75 epsilon: 0.1000000 avg loss: 0.10861527
Episode  371 score:  115 steps: 2039 ai:  612 random:   58 epsilon: 0.1000000 avg loss: 0.11306750
Episode  372 score:  440 steps: 2570 ai:  750 random:   97 epsilon: 0.1000000 avg loss: 0.11093909
Episode  373 score:  270 steps: 4466 ai: 1338 random:  141 epsilon: 0.1000000 avg loss: 0.10811911
Episode  374 score:  120 steps: 2093 ai:  609 random:   79 epsilon: 0.1000000 avg loss: 0.10662963
Episode  375 score:  245 steps: 3098 ai:  920 random:  103 epsilon: 0.1000000 avg loss: 0.11348992
Episode  376 score:  225 steps: 2522 ai:  746 random:   85 epsilon: 0.1000000 avg loss: 0.11281952
Episode  377 score:  255 steps: 2693 ai:  783 random:  105 epsilon: 0.1000000 avg loss: 0.10622424
Episode  378 score:  220 steps: 4499 ai: 1340 random:  150 epsilon: 0.1000000 avg loss: 0.10599178
Episode  379 score:  110 steps: 1973 ai:  576 random:   72 epsilon: 0.1000000 avg loss: 0.10756235
Episode  380 score:  155 steps: 3935 ai: 1177 random:  125 epsilon: 0.1000000 avg loss: 0.11324193
Episode  381 score:  115 steps: 1949 ai:  583 random:   57 epsilon: 0.1000000 avg loss: 0.11481138
Episode  382 score:  140 steps: 2417 ai:  710 random:   86 epsilon: 0.1000000 avg loss: 0.10811259
Episode  383 score:  200 steps: 2105 ai:  625 random:   67 epsilon: 0.1000000 avg loss: 0.11321479
Episode  384 score:  350 steps: 4037 ai: 1212 random:  124 epsilon: 0.1000000 avg loss: 0.10832602
Episode  385 score:  200 steps: 2453 ai:  710 random:   98 epsilon: 0.1000000 avg loss: 0.10872363
Episode  386 score:  250 steps: 2984 ai:  889 random:   96 epsilon: 0.1000000 avg loss: 0.10337856
Episode  387 score:  285 steps: 2729 ai:  817 random:   83 epsilon: 0.1000000 avg loss: 0.10183428
Episode  388 score:  190 steps: 4091 ai: 1231 random:  123 epsilon: 0.1000000 avg loss: 0.10799814
Episode  389 score:  420 steps: 4121 ai: 1233 random:  131 epsilon: 0.1000000 avg loss: 0.10673735
Episode  390 score:  220 steps: 4385 ai: 1303 random:  149 epsilon: 0.1000000 avg loss: 0.10686845
Episode  391 score:  175 steps: 2579 ai:  763 random:   87 epsilon: 0.1000000 avg loss: 0.10381352
Episode  392 score:  200 steps: 2525 ai:  747 random:   85 epsilon: 0.1000000 avg loss: 0.10221659
Episode  393 score:  135 steps: 2045 ai:  602 random:   70 epsilon: 0.1000000 avg loss: 0.10997149
Episode  394 score:  110 steps: 1505 ai:  447 random:   45 epsilon: 0.1000000 avg loss: 0.09552055
Episode  395 score:  120 steps: 2069 ai:  613 random:   67 epsilon: 0.1000000 avg loss: 0.10288671
Episode  396 score:  215 steps: 3917 ai: 1171 random:  125 epsilon: 0.1000000 avg loss: 0.10577120
Episode  397 score:  105 steps: 1640 ai:  488 random:   49 epsilon: 0.1000000 avg loss: 0.09794390
Episode  398 score:   75 steps: 1643 ai:  493 random:   45 epsilon: 0.1000000 avg loss: 0.11228325
Episode  399 score:  125 steps: 1985 ai:  587 random:   65 epsilon: 0.1000000 avg loss: 0.10479547
Episode  400 score:  110 steps: 2057 ai:  611 random:   65 epsilon: 0.1000000 avg loss: 0.10365138
Episode  401 score:  215 steps: 2531 ai:  728 random:  106 epsilon: 0.1000000 avg loss: 0.11020867
Episode  402 score:  110 steps: 1529 ai:  446 random:   54 epsilon: 0.1000000 avg loss: 0.10037778
Episode  403 score:  150 steps: 2159 ai:  639 random:   71 epsilon: 0.1000000 avg loss: 0.10984393
Episode  404 score:  110 steps: 1997 ai:  596 random:   60 epsilon: 0.1000000 avg loss: 0.10140163
Episode  405 score:  525 steps: 4529 ai: 1336 random:  164 epsilon: 0.1000000 avg loss: 0.10498067
Episode  406 score:  140 steps: 2015 ai:  596 random:   66 epsilon: 0.1000000 avg loss: 0.10358232
Episode  407 score:  110 steps: 1997 ai:  587 random:   69 epsilon: 0.1000000 avg loss: 0.10415483
Episode  408 score:  155 steps: 2399 ai:  711 random:   79 epsilon: 0.1000000 avg loss: 0.10797389
Episode  409 score:  530 steps: 4424 ai: 1324 random:  141 epsilon: 0.1000000 avg loss: 0.10326099
Episode  410 score:  470 steps: 3002 ai:  904 random:   87 epsilon: 0.1000000 avg loss: 0.10264157
Episode  411 score:  195 steps: 2507 ai:  737 random:   89 epsilon: 0.1000000 avg loss: 0.10606759
Episode  412 score:  215 steps: 2537 ai:  755 random:   81 epsilon: 0.1000000 avg loss: 0.10175810
Episode  413 score:  135 steps: 2096 ai:  617 random:   72 epsilon: 0.1000000 avg loss: 0.11074667
Episode  414 score:  110 steps: 2165 ai:  634 random:   78 epsilon: 0.1000000 avg loss: 0.10345090
Episode  415 score:  145 steps: 2783 ai:  824 random:   94 epsilon: 0.1000000 avg loss: 0.10420491
Episode  416 score:  115 steps: 2150 ai:  639 random:   68 epsilon: 0.1000000 avg loss: 0.10341872
Episode  417 score:  135 steps: 2009 ai:  607 random:   53 epsilon: 0.1000000 avg loss: 0.10432049
Episode  418 score:  195 steps: 2429 ai:  726 random:   74 epsilon: 0.1000000 avg loss: 0.10691392
Episode  419 score:  205 steps: 2441 ai:  726 random:   78 epsilon: 0.1000000 avg loss: 0.09851286
Episode  420 score:  215 steps: 2432 ai:  719 random:   82 epsilon: 0.1000000 avg loss: 0.10594443
Episode  421 score:   90 steps: 2165 ai:  649 random:   63 epsilon: 0.1000000 avg loss: 0.10118320
Episode  422 score:  115 steps: 2030 ai:  626 random:   41 epsilon: 0.1000000 avg loss: 0.11124339
Episode  423 score:  115 steps: 2057 ai:  593 random:   83 epsilon: 0.1000000 avg loss: 0.10842999
Episode  424 score:  260 steps: 2897 ai:  852 random:  104 epsilon: 0.1000000 avg loss: 0.10578640
Episode  425 score:  190 steps: 2459 ai:  729 random:   81 epsilon: 0.1000000 avg loss: 0.10403908
Episode  426 score:  105 steps: 1709 ai:  496 random:   64 epsilon: 0.1000000 avg loss: 0.11031133
Episode  427 score:  260 steps: 2900 ai:  847 random:  110 epsilon: 0.1000000 avg loss: 0.10609800
Episode  428 score:  130 steps: 2132 ai:  629 random:   72 epsilon: 0.1000000 avg loss: 0.11009702
Episode  429 score:  170 steps: 2549 ai:  756 random:   84 epsilon: 0.1000000 avg loss: 0.10718753
Episode  430 score:  215 steps: 2534 ai:  755 random:   80 epsilon: 0.1000000 avg loss: 0.10972480
Episode  431 score:  115 steps: 2075 ai:  622 random:   60 epsilon: 0.1000000 avg loss: 0.11010453
Episode  432 score:  205 steps: 3923 ai: 1152 random:  146 epsilon: 0.1000000 avg loss: 0.10730723
Episode  433 score:  160 steps: 2381 ai:  700 random:   84 epsilon: 0.1000000 avg loss: 0.10339255
Episode  434 score:  250 steps: 2909 ai:  866 random:   94 epsilon: 0.1000000 avg loss: 0.11292203
Episode  435 score:  265 steps: 3107 ai:  929 random:   97 epsilon: 0.1000000 avg loss: 0.10395639
Episode  436 score:  155 steps: 2120 ai:  640 random:   57 epsilon: 0.1000000 avg loss: 0.10075216
Episode  437 score:  550 steps: 4715 ai: 1377 random:  185 epsilon: 0.1000000 avg loss: 0.10711619
Episode  438 score:  245 steps: 3077 ai:  926 random:   90 epsilon: 0.1000000 avg loss: 0.10913005
Episode  439 score:  105 steps: 1607 ai:  470 random:   56 epsilon: 0.1000000 avg loss: 0.11098350
Episode  440 score:  185 steps: 2651 ai:  785 random:   89 epsilon: 0.1000000 avg loss: 0.11505882
Episode  441 score:  260 steps: 2918 ai:  882 random:   81 epsilon: 0.1000000 avg loss: 0.10995865
Episode  442 score:  400 steps: 5297 ai: 1587 random:  169 epsilon: 0.1000000 avg loss: 0.10244558
Episode  443 score:  245 steps: 4211 ai: 1242 random:  152 epsilon: 0.1000000 avg loss: 0.10322188
Episode  444 score:  105 steps: 1991 ai:  592 random:   62 epsilon: 0.1000000 avg loss: 0.10659877
Episode  445 score:  150 steps: 1940 ai:  590 random:   47 epsilon: 0.1000000 avg loss: 0.11623448
Episode  446 score:  285 steps: 2819 ai:  832 random:   98 epsilon: 0.1000000 avg loss: 0.10681325
Episode  447 score:  300 steps: 3017 ai:  914 random:   82 epsilon: 0.1000000 avg loss: 0.10738979
Episode  448 score:  220 steps: 2510 ai:  730 random:   97 epsilon: 0.1000000 avg loss: 0.10851723
Episode  449 score:  110 steps: 1982 ai:  581 random:   70 epsilon: 0.1000000 avg loss: 0.11118071
Episode  450 score:  110 steps: 2045 ai:  616 random:   56 epsilon: 0.1000000 avg loss: 0.10257413
Episode  451 score:  215 steps: 2507 ai:  757 random:   69 epsilon: 0.1000000 avg loss: 0.10879129
Episode  452 score:  485 steps: 4502 ai: 1345 random:  146 epsilon: 0.1000000 avg loss: 0.10747331
Episode  453 score:  140 steps: 2381 ai:  704 random:   80 epsilon: 0.1000000 avg loss: 0.11276239
Episode  454 score:  110 steps: 1922 ai:  564 random:   67 epsilon: 0.1000000 avg loss: 0.10873852
Episode  455 score:  105 steps: 1991 ai:  584 random:   70 epsilon: 0.1000000 avg loss: 0.10430264
Episode  456 score:  115 steps: 1934 ai:  557 random:   78 epsilon: 0.1000000 avg loss: 0.10306033
Episode  457 score:  285 steps: 3689 ai: 1079 random:  141 epsilon: 0.1000000 avg loss: 0.11300947
Episode  458 score:  240 steps: 2732 ai:  813 random:   88 epsilon: 0.1000000 avg loss: 0.10873127
Episode  459 score:  165 steps: 2597 ai:  762 random:   94 epsilon: 0.1000000 avg loss: 0.10969123
Episode  460 score:  125 steps: 1799 ai:  531 random:   59 epsilon: 0.1000000 avg loss: 0.10771697
Episode  461 score:  105 steps: 1613 ai:  483 random:   45 epsilon: 0.1000000 avg loss: 0.11191576
Episode  462 score:  215 steps: 2597 ai:  777 random:   79 epsilon: 0.1000000 avg loss: 0.10548949
Episode  463 score:  595 steps: 4241 ai: 1256 random:  148 epsilon: 0.1000000 avg loss: 0.10701482
Episode  464 score:  110 steps: 1541 ai:  460 random:   44 epsilon: 0.1000000 avg loss: 0.10960831
Episode  465 score:  115 steps: 2051 ai:  594 random:   80 epsilon: 0.1000000 avg loss: 0.10536747
Episode  466 score:  110 steps: 1529 ai:  451 random:   49 epsilon: 0.1000000 avg loss: 0.10660329
Episode  467 score:  185 steps: 2531 ai:  757 random:   77 epsilon: 0.1000000 avg loss: 0.10768339
Episode  468 score:  440 steps: 4193 ai: 1242 random:  146 epsilon: 0.1000000 avg loss: 0.10722220
Episode  469 score:  180 steps: 2447 ai:  711 random:   95 epsilon: 0.1000000 avg loss: 0.10149774
Episode  470 score:  195 steps: 2099 ai:  633 random:   57 epsilon: 0.1000000 avg loss: 0.10593716
Episode  471 score:  230 steps: 2507 ai:  738 random:   88 epsilon: 0.1000000 avg loss: 0.10433675
Episode  472 score:  215 steps: 2627 ai:  775 random:   91 epsilon: 0.1000000 avg loss: 0.10242430
Episode  473 score:  430 steps: 4742 ai: 1426 random:  145 epsilon: 0.1000000 avg loss: 0.10604824
Episode  474 score:  150 steps: 2066 ai:  620 random:   59 epsilon: 0.1000000 avg loss: 0.10600226
Episode  475 score:  180 steps: 4016 ai: 1196 random:  133 epsilon: 0.1000000 avg loss: 0.10587398
Episode  476 score:  105 steps: 1610 ai:  463 random:   64 epsilon: 0.1000000 avg loss: 0.11380754
Episode  477 score:  190 steps: 2519 ai:  737 random:   93 epsilon: 0.1000000 avg loss: 0.10550251
Episode  478 score:  420 steps: 2693 ai:  803 random:   85 epsilon: 0.1000000 avg loss: 0.10054571
Episode  479 score:  390 steps: 3995 ai: 1192 random:  130 epsilon: 0.1000000 avg loss: 0.10229262
Episode  480 score:  110 steps: 1532 ai:  459 random:   42 epsilon: 0.1000000 avg loss: 0.09996619
Episode  481 score:  105 steps: 1637 ai:  473 random:   63 epsilon: 0.1000000 avg loss: 0.10394835
Episode  482 score:  115 steps: 1901 ai:  564 random:   60 epsilon: 0.1000000 avg loss: 0.10236457
Episode  483 score:   80 steps: 2051 ai:  615 random:   59 epsilon: 0.1000000 avg loss: 0.10553301
Episode  484 score:  255 steps: 2573 ai:  753 random:   95 epsilon: 0.1000000 avg loss: 0.10532206
Episode  485 score:  105 steps: 1589 ai:  472 random:   48 epsilon: 0.1000000 avg loss: 0.10311145
Episode  486 score:  110 steps: 2027 ai:  607 random:   59 epsilon: 0.1000000 avg loss: 0.10068122
Episode  487 score:  335 steps: 2924 ai:  883 random:   82 epsilon: 0.1000000 avg loss: 0.10193468
Episode  488 score:  115 steps: 2117 ai:  638 random:   58 epsilon: 0.1000000 avg loss: 0.10317407
Episode  489 score:  355 steps: 3953 ai: 1196 random:  112 epsilon: 0.1000000 avg loss: 0.10186833
Episode  490 score:  245 steps: 4199 ai: 1244 random:  146 epsilon: 0.1000000 avg loss: 0.10199075
Episode  491 score:  380 steps: 4097 ai: 1215 random:  141 epsilon: 0.1000000 avg loss: 0.10142204
Episode  492 score:  120 steps: 1961 ai:  583 random:   61 epsilon: 0.1000000 avg loss: 0.10487921
Episode  493 score:  200 steps: 2513 ai:  735 random:   93 epsilon: 0.1000000 avg loss: 0.09854465
Episode  494 score:  215 steps: 3029 ai:  902 random:   98 epsilon: 0.1000000 avg loss: 0.10389436
Episode  495 score:  160 steps: 2372 ai:  689 random:   92 epsilon: 0.1000000 avg loss: 0.10054130
Episode  496 score:  245 steps: 4193 ai: 1268 random:  120 epsilon: 0.1000000 avg loss: 0.10242562
Episode  497 score:   85 steps: 2147 ai:  647 random:   59 epsilon: 0.1000000 avg loss: 0.09768442
Episode  498 score:  255 steps: 3197 ai:  953 random:  103 epsilon: 0.1000000 avg loss: 0.10135492
Episode  499 score:  215 steps: 2423 ai:  710 random:   88 epsilon: 0.1000000 avg loss: 0.10223330
Episode  500 score:  215 steps: 2423 ai:  719 random:   79 epsilon: 0.1000000 avg loss: 0.10481128
Episode  501 score:  145 steps: 2072 ai:  621 random:   60 epsilon: 0.1000000 avg loss: 0.10582518
Episode  502 score:  115 steps: 1967 ai:  583 random:   63 epsilon: 0.1000000 avg loss: 0.10088664
Episode  503 score:  165 steps: 2441 ai:  732 random:   72 epsilon: 0.1000000 avg loss: 0.11441945
Episode  504 score:  110 steps: 1643 ai:  484 random:   54 epsilon: 0.1000000 avg loss: 0.11107666
Episode  505 score:  225 steps: 2879 ai:  858 random:   92 epsilon: 0.1000000 avg loss: 0.11106021
Episode  506 score:  230 steps: 3959 ai: 1179 random:  131 epsilon: 0.1000000 avg loss: 0.10535912
Episode  507 score:  665 steps: 4349 ai: 1310 random:  130 epsilon: 0.1000000 avg loss: 0.10675950
Episode  508 score:  185 steps: 2462 ai:  740 random:   71 epsilon: 0.1000000 avg loss: 0.10484822
Episode  509 score:  135 steps: 1997 ai:  571 random:   85 epsilon: 0.1000000 avg loss: 0.11078025
Episode  510 score:  270 steps: 4187 ai: 1245 random:  141 epsilon: 0.1000000 avg loss: 0.10584058
Episode  511 score:  715 steps: 4892 ai: 1472 random:  149 epsilon: 0.1000000 avg loss: 0.10277638
Episode  512 score:  255 steps: 3641 ai: 1077 random:  127 epsilon: 0.1000000 avg loss: 0.09871927
Episode  513 score:   95 steps: 2186 ai:  635 random:   84 epsilon: 0.1000000 avg loss: 0.10933602
Episode  514 score:  490 steps: 3506 ai: 1051 random:  108 epsilon: 0.1000000 avg loss: 0.10233094
Episode  515 score:  120 steps: 1928 ai:  574 random:   59 epsilon: 0.1000000 avg loss: 0.11243080
Episode  516 score:  340 steps: 4169 ai: 1250 random:  130 epsilon: 0.1000000 avg loss: 0.10265656
Episode  517 score:  165 steps: 2459 ai:  740 random:   70 epsilon: 0.1000000 avg loss: 0.09816307
Episode  518 score:  355 steps: 3986 ai: 1183 random:  136 epsilon: 0.1000000 avg loss: 0.10175461
Episode  519 score:  110 steps: 2051 ai:  606 random:   68 epsilon: 0.1000000 avg loss: 0.10429746
Episode  520 score:  175 steps: 3923 ai: 1175 random:  123 epsilon: 0.1000000 avg loss: 0.10109077
Episode  521 score:  110 steps: 2033 ai:  604 random:   64 epsilon: 0.1000000 avg loss: 0.10339549
Episode  522 score:  330 steps: 3005 ai:  890 random:  102 epsilon: 0.1000000 avg loss: 0.10175116
Episode  523 score:  260 steps: 2924 ai:  872 random:   93 epsilon: 0.1000000 avg loss: 0.09874628
Episode  524 score:  210 steps: 2468 ai:  733 random:   80 epsilon: 0.1000000 avg loss: 0.09889639
Episode  525 score:  190 steps: 2435 ai:  727 random:   75 epsilon: 0.1000000 avg loss: 0.09286059
Episode  526 score:  165 steps: 2426 ai:  734 random:   65 epsilon: 0.1000000 avg loss: 0.10464421
Episode  527 score:   80 steps: 1925 ai:  560 random:   72 epsilon: 0.1000000 avg loss: 0.10061574
Episode  528 score:  280 steps: 2633 ai:  798 random:   70 epsilon: 0.1000000 avg loss: 0.10401339
Episode  529 score:  380 steps: 4085 ai: 1220 random:  132 epsilon: 0.1000000 avg loss: 0.09988755
Episode  530 score:  215 steps: 3905 ai: 1167 random:  125 epsilon: 0.1000000 avg loss: 0.10124853
Episode  531 score:  160 steps: 2081 ai:  608 random:   76 epsilon: 0.1000000 avg loss: 0.09776829
Episode  532 score:  170 steps: 4043 ai: 1209 random:  129 epsilon: 0.1000000 avg loss: 0.09852352
Episode  533 score:  375 steps: 3920 ai: 1157 random:  140 epsilon: 0.1000000 avg loss: 0.10051190
Episode  534 score:  365 steps: 4001 ai: 1190 random:  134 epsilon: 0.1000000 avg loss: 0.10023687
Episode  535 score:  185 steps: 2429 ai:  715 random:   85 epsilon: 0.1000000 avg loss: 0.10272542
Episode  536 score:  110 steps: 2126 ai:  629 random:   70 epsilon: 0.1000000 avg loss: 0.09791233
Episode  537 score:  115 steps: 2051 ai:  612 random:   62 epsilon: 0.1000000 avg loss: 0.09337589
Episode  538 score:  190 steps: 2504 ai:  741 random:   84 epsilon: 0.1000000 avg loss: 0.09982283
Episode  539 score:  140 steps: 4016 ai: 1211 random:  118 epsilon: 0.1000000 avg loss: 0.09757419
Episode  540 score:  135 steps: 2018 ai:  602 random:   61 epsilon: 0.1000000 avg loss: 0.09426620
Episode  541 score:  415 steps: 4580 ai: 1374 random:  143 epsilon: 0.1000000 avg loss: 0.09445608
Episode  542 score:  310 steps: 4019 ai: 1196 random:  134 epsilon: 0.1000000 avg loss: 0.09944682
Episode  543 score:  105 steps: 1619 ai:  479 random:   51 epsilon: 0.1000000 avg loss: 0.08951265
Episode  544 score:  110 steps: 1991 ai:  584 random:   70 epsilon: 0.1000000 avg loss: 0.10078231
Episode  545 score:  425 steps: 4247 ai: 1275 random:  131 epsilon: 0.1000000 avg loss: 0.09998328
Episode  546 score:  315 steps: 3254 ai:  974 random:  101 epsilon: 0.1000000 avg loss: 0.09791991
Episode  547 score:  200 steps: 2378 ai:  699 random:   84 epsilon: 0.1000000 avg loss: 0.09873288
Episode  548 score:  105 steps: 2069 ai:  612 random:   68 epsilon: 0.1000000 avg loss: 0.09599255
Episode  549 score:  135 steps: 2051 ai:  594 random:   80 epsilon: 0.1000000 avg loss: 0.09424260
Episode  550 score:  195 steps: 2396 ai:  697 random:   92 epsilon: 0.1000000 avg loss: 0.09449322
Episode  551 score:  415 steps: 4262 ai: 1282 random:  129 epsilon: 0.1000000 avg loss: 0.09755706
Episode  552 score:  255 steps: 3119 ai:  923 random:  107 epsilon: 0.1000000 avg loss: 0.09727439
Episode  553 score:  190 steps: 2420 ai:  703 random:   94 epsilon: 0.1000000 avg loss: 0.10391913
Episode  554 score:  190 steps: 2519 ai:  747 random:   83 epsilon: 0.1000000 avg loss: 0.09889783
Episode  555 score:  610 steps: 4427 ai: 1316 random:  150 epsilon: 0.1000000 avg loss: 0.09588139
Episode  556 score:  180 steps: 2510 ai:  753 random:   74 epsilon: 0.1000000 avg loss: 0.09870167
Episode  557 score:  215 steps: 2615 ai:  770 random:   92 epsilon: 0.1000000 avg loss: 0.10083946
Episode  558 score:  215 steps: 2618 ai:  796 random:   67 epsilon: 0.1000000 avg loss: 0.09570320
Episode  559 score:  175 steps: 2102 ai:  620 random:   71 epsilon: 0.1000000 avg loss: 0.10005238
Episode  560 score:  245 steps: 2915 ai:  857 random:  105 epsilon: 0.1000000 avg loss: 0.09585117
Episode  561 score:  155 steps: 2393 ai:  713 random:   75 epsilon: 0.1000000 avg loss: 0.09458214
Episode  562 score:  105 steps: 1985 ai:  591 random:   61 epsilon: 0.1000000 avg loss: 0.10069064
Episode  563 score:  100 steps: 2123 ai:  637 random:   61 epsilon: 0.1000000 avg loss: 0.10030970
Episode  564 score:  165 steps: 2363 ai:  695 random:   83 epsilon: 0.1000000 avg loss: 0.09887243
Episode  565 score:  110 steps: 1952 ai:  559 random:   82 epsilon: 0.1000000 avg loss: 0.08901756
Episode  566 score:  270 steps: 2840 ai:  834 random:  103 epsilon: 0.1000000 avg loss: 0.10227633
Episode  567 score:   90 steps: 2171 ai:  642 random:   72 epsilon: 0.1000000 avg loss: 0.10109651
Episode  568 score:  185 steps: 2960 ai:  868 random:  109 epsilon: 0.1000000 avg loss: 0.09996762
Episode  569 score:  145 steps: 1970 ai:  586 random:   61 epsilon: 0.1000000 avg loss: 0.10548711
Episode  570 score:  300 steps: 2753 ai:  812 random:   96 epsilon: 0.1000000 avg loss: 0.10028705
Episode  571 score:  240 steps: 4223 ai: 1256 random:  142 epsilon: 0.1000000 avg loss: 0.10252458
Episode  572 score:  235 steps: 2477 ai:  726 random:   90 epsilon: 0.1000000 avg loss: 0.10008427
Episode  573 score:  105 steps: 1610 ai:  472 random:   55 epsilon: 0.1000000 avg loss: 0.10499498
Episode  574 score:  210 steps: 2591 ai:  768 random:   86 epsilon: 0.1000000 avg loss: 0.09753934
Episode  575 score:  200 steps: 2633 ai:  783 random:   85 epsilon: 0.1000000 avg loss: 0.09931710
Episode  576 score:  240 steps: 3980 ai: 1183 random:  134 epsilon: 0.1000000 avg loss: 0.10018066
Episode  577 score:  300 steps: 3923 ai: 1168 random:  130 epsilon: 0.1000000 avg loss: 0.10047778
Episode  578 score:  240 steps: 2636 ai:  785 random:   84 epsilon: 0.1000000 avg loss: 0.10446043
Episode  579 score:  140 steps: 2120 ai:  630 random:   67 epsilon: 0.1000000 avg loss: 0.10060711
Episode  580 score:  400 steps: 3995 ai: 1204 random:  118 epsilon: 0.1000000 avg loss: 0.09972013
Episode  581 score:  125 steps: 1973 ai:  578 random:   70 epsilon: 0.1000000 avg loss: 0.10451666
Episode  582 score:  105 steps: 2039 ai:  600 random:   70 epsilon: 0.1000000 avg loss: 0.10185229
Episode  583 score:  260 steps: 3731 ai: 1120 random:  114 epsilon: 0.1000000 avg loss: 0.10017725
Episode  584 score:  195 steps: 2543 ai:  760 random:   78 epsilon: 0.1000000 avg loss: 0.10025503
Episode  585 score:  205 steps: 4193 ai: 1229 random:  159 epsilon: 0.1000000 avg loss: 0.10198538
Episode  586 score:  220 steps: 2597 ai:  759 random:   97 epsilon: 0.1000000 avg loss: 0.10217173
Episode  587 score:  235 steps: 4145 ai: 1220 random:  152 epsilon: 0.1000000 avg loss: 0.10063833
Episode  588 score:  290 steps: 3743 ai: 1123 random:  115 epsilon: 0.1000000 avg loss: 0.10241857
Episode  589 score:  115 steps: 1904 ai:  564 random:   61 epsilon: 0.1000000 avg loss: 0.10476975
Episode  590 score:  105 steps: 1613 ai:  474 random:   54 epsilon: 0.1000000 avg loss: 0.09713933
Episode  591 score:  260 steps: 3062 ai:  918 random:   93 epsilon: 0.1000000 avg loss: 0.09781177
Episode  592 score:  510 steps: 4607 ai: 1355 random:  171 epsilon: 0.1000000 avg loss: 0.09937747
Episode  593 score:  190 steps: 2405 ai:  717 random:   75 epsilon: 0.1000000 avg loss: 0.09788862
Episode  594 score:  120 steps: 1937 ai:  570 random:   66 epsilon: 0.1000000 avg loss: 0.10651841
Episode  595 score:  170 steps: 4019 ai: 1217 random:  113 epsilon: 0.1000000 avg loss: 0.10078340
Episode  596 score:  115 steps: 2090 ai:  624 random:   63 epsilon: 0.1000000 avg loss: 0.09741197
Episode  597 score:  410 steps: 4205 ai: 1261 random:  131 epsilon: 0.1000000 avg loss: 0.09842913
Episode  598 score:  135 steps: 2387 ai:  698 random:   88 epsilon: 0.1000000 avg loss: 0.09555963
Episode  599 score:  180 steps: 2447 ai:  726 random:   80 epsilon: 0.1000000 avg loss: 0.10888262
Episode  600 score:  180 steps: 2774 ai:  839 random:   76 epsilon: 0.1000000 avg loss: 0.10290014
Episode  601 score:  260 steps: 3095 ai:  924 random:   98 epsilon: 0.1000000 avg loss: 0.10333436
Episode  602 score:  260 steps: 2912 ai:  868 random:   93 epsilon: 0.1000000 avg loss: 0.09814587
Episode  603 score:  245 steps: 2423 ai:  730 random:   68 epsilon: 0.1000000 avg loss: 0.09595654
Episode  604 score:  330 steps: 3833 ai: 1143 random:  125 epsilon: 0.1000000 avg loss: 0.10600402
Episode  605 score:  140 steps: 2033 ai:  589 random:   79 epsilon: 0.1000000 avg loss: 0.10384754
Episode  606 score:  145 steps: 2405 ai:  713 random:   79 epsilon: 0.1000000 avg loss: 0.10307370
Episode  607 score:  110 steps: 1541 ai:  459 random:   45 epsilon: 0.1000000 avg loss: 0.10547198
Episode  608 score:  120 steps: 2045 ai:  605 random:   67 epsilon: 0.1000000 avg loss: 0.09890621
Episode  609 score:  165 steps: 3929 ai: 1173 random:  127 epsilon: 0.1000000 avg loss: 0.10141657
Episode  610 score:  185 steps: 3983 ai: 1171 random:  147 epsilon: 0.1000000 avg loss: 0.10230540
Episode  611 score:  350 steps: 3932 ai: 1179 random:  122 epsilon: 0.1000000 avg loss: 0.10528428
Episode  612 score:  215 steps: 2429 ai:  725 random:   75 epsilon: 0.1000000 avg loss: 0.10200484
Episode  613 score:  110 steps: 2003 ai:  584 random:   74 epsilon: 0.1000000 avg loss: 0.10142948
Episode  614 score:  440 steps: 3590 ai: 1071 random:  116 epsilon: 0.1000000 avg loss: 0.09667225
Episode  615 score:  110 steps: 2171 ai:  643 random:   71 epsilon: 0.1000000 avg loss: 0.09470425
Episode  616 score:  140 steps: 2411 ai:  715 random:   79 epsilon: 0.1000000 avg loss: 0.09505721
Episode  617 score:  210 steps: 2474 ai:  714 random:  101 epsilon: 0.1000000 avg loss: 0.10147412
Episode  618 score:  170 steps: 2417 ai:  706 random:   90 epsilon: 0.1000000 avg loss: 0.11330900
Episode  619 score:  240 steps: 4568 ai: 1338 random:  175 epsilon: 0.1000000 avg loss: 0.10067728
Episode  620 score:  105 steps: 1925 ai:  585 random:   47 epsilon: 0.1000000 avg loss: 0.09946121
Episode  621 score:  185 steps: 2453 ai:  725 random:   83 epsilon: 0.1000000 avg loss: 0.09809033
Episode  622 score:  105 steps: 1514 ai:  453 random:   42 epsilon: 0.1000000 avg loss: 0.09764195
Episode  623 score:  110 steps: 1979 ai:  587 random:   63 epsilon: 0.1000000 avg loss: 0.10629931
Episode  624 score:  145 steps: 2327 ai:  674 random:   92 epsilon: 0.1000000 avg loss: 0.10104414
Episode  625 score:  195 steps: 2429 ai:  728 random:   72 epsilon: 0.1000000 avg loss: 0.10334135
Episode  626 score:  195 steps: 3959 ai: 1182 random:  128 epsilon: 0.1000000 avg loss: 0.10175996
Episode  627 score:  130 steps: 2060 ai:  602 random:   75 epsilon: 0.1000000 avg loss: 0.10768681
Episode  628 score:  115 steps: 1967 ai:  589 random:   57 epsilon: 0.1000000 avg loss: 0.10068147
Episode  629 score:  335 steps: 4085 ai: 1228 random:  124 epsilon: 0.1000000 avg loss: 0.10537042
Episode  630 score:  215 steps: 2483 ai:  727 random:   91 epsilon: 0.1000000 avg loss: 0.10849040
Episode  631 score:  110 steps: 2096 ai:  617 random:   72 epsilon: 0.1000000 avg loss: 0.10809676
Episode  632 score:  135 steps: 1913 ai:  574 random:   54 epsilon: 0.1000000 avg loss: 0.10653238
Episode  633 score:  295 steps: 2939 ai:  854 random:  116 epsilon: 0.1000000 avg loss: 0.10098406
Episode  634 score:  105 steps: 1514 ai:  451 random:   44 epsilon: 0.1000000 avg loss: 0.10728635
Episode  635 score:  160 steps: 2450 ai:  726 random:   81 epsilon: 0.1000000 avg loss: 0.10614160
Episode  636 score:  340 steps: 3593 ai: 1064 random:  124 epsilon: 0.1000000 avg loss: 0.11022044
Episode  637 score:  215 steps: 2789 ai:  818 random:  102 epsilon: 0.1000000 avg loss: 0.10832201
Episode  638 score:  240 steps: 3287 ai:  973 random:  113 epsilon: 0.1000000 avg loss: 0.10363744
Episode  639 score:  110 steps: 1925 ai:  560 random:   72 epsilon: 0.1000000 avg loss: 0.09992560
Episode  640 score:   95 steps: 2051 ai:  616 random:   58 epsilon: 0.1000000 avg loss: 0.10061287
Episode  641 score:  185 steps: 2387 ai:  699 random:   87 epsilon: 0.1000000 avg loss: 0.10365269
Episode  642 score:  210 steps: 2609 ai:  791 random:   69 epsilon: 0.1000000 avg loss: 0.10530441
Episode  643 score:  225 steps: 2594 ai:  783 random:   72 epsilon: 0.1000000 avg loss: 0.10486830
Episode  644 score:  100 steps: 2123 ai:  637 random:   61 epsilon: 0.1000000 avg loss: 0.10568954
Episode  645 score:  115 steps: 2081 ai:  615 random:   69 epsilon: 0.1000000 avg loss: 0.11044100
Episode  646 score:  215 steps: 2450 ai:  720 random:   87 epsilon: 0.1000000 avg loss: 0.11309657
Episode  647 score:   80 steps: 1532 ai:  455 random:   46 epsilon: 0.1000000 avg loss: 0.09907359
Episode  648 score:  120 steps: 2069 ai:  601 random:   79 epsilon: 0.1000000 avg loss: 0.11069680
Episode  649 score:  105 steps: 2000 ai:  581 random:   76 epsilon: 0.1000000 avg loss: 0.11180347
Episode  650 score:  210 steps: 2417 ai:  718 random:   78 epsilon: 0.1000000 avg loss: 0.12002094
Episode  651 score:  140 steps: 2060 ai:  615 random:   62 epsilon: 0.1000000 avg loss: 0.11654511
Episode  652 score:  105 steps: 2000 ai:  599 random:   58 epsilon: 0.1000000 avg loss: 0.11240240
Episode  653 score:  215 steps: 2627 ai:  776 random:   90 epsilon: 0.1000000 avg loss: 0.11011981
Episode  654 score:  180 steps: 2117 ai:  633 random:   63 epsilon: 0.1000000 avg loss: 0.11866923
Episode  655 score:  110 steps: 1991 ai:  584 random:   70 epsilon: 0.1000000 avg loss: 0.11604033
Episode  656 score:   75 steps: 2018 ai:  590 random:   73 epsilon: 0.1000000 avg loss: 0.11391420
Episode  657 score:  245 steps: 2909 ai:  857 random:  103 epsilon: 0.1000000 avg loss: 0.11238368
Episode  658 score:  120 steps: 1967 ai:  600 random:   46 epsilon: 0.1000000 avg loss: 0.11632268
Episode  659 score:   55 steps: 1523 ai:  447 random:   51 epsilon: 0.1000000 avg loss: 0.11482681
Episode  660 score:  375 steps: 4061 ai: 1215 random:  129 epsilon: 0.1000000 avg loss: 0.11277827
Episode  661 score:  240 steps: 4583 ai: 1379 random:  139 epsilon: 0.1000000 avg loss: 0.11448357
Episode  662 score:  110 steps: 1670 ai:  488 random:   59 epsilon: 0.1000000 avg loss: 0.11909505
Episode  663 score:  110 steps: 2057 ai:  613 random:   63 epsilon: 0.1000000 avg loss: 0.11491467
Episode  664 score:  225 steps: 2486 ai:  749 random:   70 epsilon: 0.1000000 avg loss: 0.10988833
Episode  665 score:  240 steps: 2501 ai:  728 random:   96 epsilon: 0.1000000 avg loss: 0.10828699
Episode  666 score:  520 steps: 3491 ai: 1034 random:  120 epsilon: 0.1000000 avg loss: 0.10918485
Episode  667 score:  220 steps: 2573 ai:  771 random:   77 epsilon: 0.1000000 avg loss: 0.11114284
Episode  668 score:  125 steps: 2054 ai:  612 random:   63 epsilon: 0.1000000 avg loss: 0.11277441
Episode  669 score:  420 steps: 4217 ai: 1260 random:  136 epsilon: 0.1000000 avg loss: 0.11162657
Episode  670 score:  225 steps: 4277 ai: 1279 random:  137 epsilon: 0.1000000 avg loss: 0.11470568
Episode  671 score:  125 steps: 2042 ai:  602 random:   69 epsilon: 0.1000000 avg loss: 0.11703059
Episode  672 score:  255 steps: 3287 ai:  981 random:  105 epsilon: 0.1000000 avg loss: 0.11018815
Episode  673 score:  240 steps: 3632 ai: 1082 random:  119 epsilon: 0.1000000 avg loss: 0.11147093
Episode  674 score:  190 steps: 2783 ai:  824 random:   94 epsilon: 0.1000000 avg loss: 0.10866917
Episode  675 score:  230 steps: 2426 ai:  717 random:   82 epsilon: 0.1000000 avg loss: 0.11143382
Episode  676 score:  230 steps: 3293 ai:  967 random:  121 epsilon: 0.1000000 avg loss: 0.11221232
Episode  677 score:  125 steps: 2057 ai:  610 random:   66 epsilon: 0.1000000 avg loss: 0.10983999
Episode  678 score:  210 steps: 2414 ai:  720 random:   75 epsilon: 0.1000000 avg loss: 0.11713035
Episode  679 score:  690 steps: 3620 ai: 1086 random:  111 epsilon: 0.1000000 avg loss: 0.11152397
Episode  680 score:  210 steps: 2528 ai:  731 random:  102 epsilon: 0.1000000 avg loss: 0.10828264
Episode  681 score:  125 steps: 2072 ai:  620 random:   61 epsilon: 0.1000000 avg loss: 0.11204147
Episode  682 score:  120 steps: 1973 ai:  571 random:   77 epsilon: 0.1000000 avg loss: 0.11011828
Episode  683 score:  265 steps: 2480 ai:  732 random:   85 epsilon: 0.1000000 avg loss: 0.10712606
Episode  684 score:  340 steps: 6035 ai: 1790 random:  212 epsilon: 0.1000000 avg loss: 0.10865226
Episode  685 score:  185 steps: 2606 ai:  786 random:   73 epsilon: 0.1000000 avg loss: 0.11109165
Episode  686 score:  110 steps: 1535 ai:  455 random:   47 epsilon: 0.1000000 avg loss: 0.10427964
Episode  687 score:  140 steps: 2369 ai:  712 random:   68 epsilon: 0.1000000 avg loss: 0.10930202
Episode  688 score:  240 steps: 3911 ai: 1169 random:  125 epsilon: 0.1000000 avg loss: 0.11175433
Episode  689 score:  105 steps: 1976 ai:  576 random:   73 epsilon: 0.1000000 avg loss: 0.10768485
Episode  690 score:  210 steps: 2693 ai:  800 random:   88 epsilon: 0.1000000 avg loss: 0.10790464
Episode  691 score:  205 steps: 2402 ai:  712 random:   79 epsilon: 0.1000000 avg loss: 0.11123178
Episode  692 score:  110 steps: 2033 ai:  581 random:   87 epsilon: 0.1000000 avg loss: 0.11019562
Episode  693 score:  110 steps: 1967 ai:  603 random:   43 epsilon: 0.1000000 avg loss: 0.11099107
Episode  694 score:  230 steps: 2402 ai:  707 random:   84 epsilon: 0.1000000 avg loss: 0.10251455
Episode  695 score:  140 steps: 2093 ai:  621 random:   67 epsilon: 0.1000000 avg loss: 0.11596779
Episode  696 score:  165 steps: 2375 ai:  704 random:   78 epsilon: 0.1000000 avg loss: 0.10946454
Episode  697 score:  165 steps: 2507 ai:  737 random:   89 epsilon: 0.1000000 avg loss: 0.10898488
Episode  698 score:  230 steps: 2645 ai:  787 random:   85 epsilon: 0.1000000 avg loss: 0.10871272
Episode  699 score:  180 steps: 2420 ai:  704 random:   93 epsilon: 0.1000000 avg loss: 0.11710192
Episode  700 score:  285 steps: 2939 ai:  869 random:  101 epsilon: 0.1000000 avg loss: 0.11137967
Episode  701 score:  180 steps: 2753 ai:  834 random:   74 epsilon: 0.1000000 avg loss: 0.10829408
Episode  702 score:  185 steps: 2459 ai:  717 random:   93 epsilon: 0.1000000 avg loss: 0.10870458
Episode  703 score:  225 steps: 2417 ai:  722 random:   74 epsilon: 0.1000000 avg loss: 0.11056701
Episode  704 score:  135 steps: 2060 ai:  610 random:   67 epsilon: 0.1000000 avg loss: 0.10335506
Episode  705 score:  265 steps: 2741 ai:  809 random:   95 epsilon: 0.1000000 avg loss: 0.11735105
Episode  706 score:   80 steps: 1529 ai:  449 random:   51 epsilon: 0.1000000 avg loss: 0.11182571
Episode  707 score:  320 steps: 2714 ai:  799 random:   96 epsilon: 0.1000000 avg loss: 0.10760279
Episode  708 score:  110 steps: 1637 ai:  484 random:   52 epsilon: 0.1000000 avg loss: 0.10925621
Episode  709 score:  215 steps: 2582 ai:  756 random:   95 epsilon: 0.1000000 avg loss: 0.11823545
Episode  710 score:  240 steps: 2576 ai:  751 random:   98 epsilon: 0.1000000 avg loss: 0.10545830
Episode  711 score:   90 steps: 2168 ai:  649 random:   64 epsilon: 0.1000000 avg loss: 0.10899209
Episode  712 score:  125 steps: 1940 ai:  576 random:   61 epsilon: 0.1000000 avg loss: 0.10764328
Episode  713 score:  555 steps: 4481 ai: 1347 random:  137 epsilon: 0.1000000 avg loss: 0.10597337
Episode  714 score:  135 steps: 2138 ai:  645 random:   58 epsilon: 0.1000000 avg loss: 0.10688114
Episode  715 score:  190 steps: 2495 ai:  729 random:   93 epsilon: 0.1000000 avg loss: 0.10759451
Episode  716 score:  180 steps: 2399 ai:  716 random:   74 epsilon: 0.1000000 avg loss: 0.10493528
Episode  717 score:  450 steps: 4316 ai: 1274 random:  155 epsilon: 0.1000000 avg loss: 0.10330558
Episode  718 score:  210 steps: 2429 ai:  725 random:   75 epsilon: 0.1000000 avg loss: 0.10100644
Episode  719 score:  155 steps: 2840 ai:  830 random:  107 epsilon: 0.1000000 avg loss: 0.10866235
Episode  720 score:  185 steps: 2399 ai:  708 random:   82 epsilon: 0.1000000 avg loss: 0.10705637
Episode  721 score:  290 steps: 3887 ai: 1144 random:  142 epsilon: 0.1000000 avg loss: 0.10204906
Episode  722 score:  130 steps: 2039 ai:  608 random:   62 epsilon: 0.1000000 avg loss: 0.10539180
Episode  723 score:  175 steps: 2510 ai:  752 random:   75 epsilon: 0.1000000 avg loss: 0.10415020
Episode  724 score:  125 steps: 3899 ai: 1152 random:  138 epsilon: 0.1000000 avg loss: 0.10454777
Episode  725 score:  430 steps: 2936 ai:  880 random:   89 epsilon: 0.1000000 avg loss: 0.10512109
Episode  726 score:  160 steps: 2768 ai:  834 random:   79 epsilon: 0.1000000 avg loss: 0.11063199
Episode  727 score:  240 steps: 3302 ai:  973 random:  118 epsilon: 0.1000000 avg loss: 0.10806410
Episode  728 score:  190 steps: 2501 ai:  739 random:   85 epsilon: 0.1000000 avg loss: 0.10318227
Episode  729 score:  215 steps: 2453 ai:  727 random:   81 epsilon: 0.1000000 avg loss: 0.10802875
Episode  730 score:  140 steps: 2123 ai:  632 random:   66 epsilon: 0.1000000 avg loss: 0.10977750
Episode  731 score:  140 steps: 1967 ai:  578 random:   68 epsilon: 0.1000000 avg loss: 0.10471611
Episode  732 score:  115 steps: 2135 ai:  627 random:   75 epsilon: 0.1000000 avg loss: 0.11415856
Episode  733 score:  180 steps: 2405 ai:  704 random:   88 epsilon: 0.1000000 avg loss: 0.11351284
Episode  734 score:  255 steps: 2651 ai:  789 random:   85 epsilon: 0.1000000 avg loss: 0.10727342
Episode  735 score:  155 steps: 3935 ai: 1164 random:  138 epsilon: 0.1000000 avg loss: 0.10852018
Episode  736 score:  185 steps: 2441 ai:  730 random:   74 epsilon: 0.1000000 avg loss: 0.10799627
Episode  737 score:  120 steps: 1940 ai:  568 random:   69 epsilon: 0.1000000 avg loss: 0.11665102
Episode  738 score:  195 steps: 2690 ai:  797 random:   90 epsilon: 0.1000000 avg loss: 0.10654665
Episode  739 score:  215 steps: 2417 ai:  714 random:   82 epsilon: 0.1000000 avg loss: 0.11039262
Episode  740 score:  245 steps: 3017 ai:  887 random:  109 epsilon: 0.1000000 avg loss: 0.11208182
Episode  741 score:  160 steps: 2762 ai:  817 random:   94 epsilon: 0.1000000 avg loss: 0.10591141
Episode  742 score:  110 steps: 1907 ai:  569 random:   57 epsilon: 0.1000000 avg loss: 0.10987082
Episode  743 score:  125 steps: 2153 ai:  650 random:   58 epsilon: 0.1000000 avg loss: 0.10970519
Episode  744 score:  315 steps: 3164 ai:  933 random:  112 epsilon: 0.1000000 avg loss: 0.10668944
Episode  745 score:  105 steps: 1949 ai:  586 random:   54 epsilon: 0.1000000 avg loss: 0.10944366
Episode  746 score:  185 steps: 2441 ai:  715 random:   89 epsilon: 0.1000000 avg loss: 0.10825917
Episode  747 score:  245 steps: 2639 ai:  770 random:  100 epsilon: 0.1000000 avg loss: 0.11183483
Episode  748 score:  280 steps: 3905 ai: 1158 random:  134 epsilon: 0.1000000 avg loss: 0.11263895
Episode  749 score:  200 steps: 2378 ai:  700 random:   83 epsilon: 0.1000000 avg loss: 0.10512495
Episode  750 score:  255 steps: 3755 ai: 1118 random:  124 epsilon: 0.1000000 avg loss: 0.10781426
Episode  751 score:  110 steps: 1961 ai:  584 random:   60 epsilon: 0.1000000 avg loss: 0.11294616
Episode  752 score:  110 steps: 2129 ai:  617 random:   83 epsilon: 0.1000000 avg loss: 0.10371767
Episode  753 score:  120 steps: 2060 ai:  611 random:   66 epsilon: 0.1000000 avg loss: 0.10570234
Episode  754 score:  215 steps: 4166 ai: 1244 random:  135 epsilon: 0.1000000 avg loss: 0.10750903
Episode  755 score:  105 steps: 1604 ai:  468 random:   57 epsilon: 0.1000000 avg loss: 0.10804441
Episode  756 score:  520 steps: 3440 ai: 1020 random:  117 epsilon: 0.1000000 avg loss: 0.10666202
Episode  757 score:  185 steps: 2468 ai:  729 random:   84 epsilon: 0.1000000 avg loss: 0.10719970
Episode  758 score:  185 steps: 2462 ai:  731 random:   80 epsilon: 0.1000000 avg loss: 0.10649116
Episode  759 score:  200 steps: 2417 ai:  707 random:   89 epsilon: 0.1000000 avg loss: 0.10432437
Episode  760 score:  120 steps: 1973 ai:  581 random:   67 epsilon: 0.1000000 avg loss: 0.10649702
Episode  761 score:  190 steps: 2474 ai:  741 random:   74 epsilon: 0.1000000 avg loss: 0.11413007
Episode  762 score:  220 steps: 2453 ai:  738 random:   70 epsilon: 0.1000000 avg loss: 0.10790246
Episode  763 score:  275 steps: 2870 ai:  844 random:  103 epsilon: 0.1000000 avg loss: 0.10965588
Episode  764 score:  130 steps: 1961 ai:  573 random:   71 epsilon: 0.1000000 avg loss: 0.10554676
Episode  765 score:  210 steps: 2504 ai:  736 random:   89 epsilon: 0.1000000 avg loss: 0.10721649
Episode  766 score:  290 steps: 2999 ai:  888 random:  102 epsilon: 0.1000000 avg loss: 0.11638262
Episode  767 score:  115 steps: 2015 ai:  603 random:   59 epsilon: 0.1000000 avg loss: 0.10524496
Episode  768 score:  445 steps: 3740 ai: 1110 random:  127 epsilon: 0.1000000 avg loss: 0.11124537
Episode  769 score:  200 steps: 2633 ai:  779 random:   89 epsilon: 0.1000000 avg loss: 0.11371005
Episode  770 score:  475 steps: 4211 ai: 1257 random:  137 epsilon: 0.1000000 avg loss: 0.10901227
Episode  771 score:  230 steps: 2534 ai:  757 random:   78 epsilon: 0.1000000 avg loss: 0.10709968
Episode  772 score:  200 steps: 2633 ai:  787 random:   81 epsilon: 0.1000000 avg loss: 0.11081999
Episode  773 score:  420 steps: 4271 ai: 1278 random:  136 epsilon: 0.1000000 avg loss: 0.11189144
Episode  774 score:  110 steps: 1961 ai:  580 random:   64 epsilon: 0.1000000 avg loss: 0.10660378
Episode  775 score:  155 steps: 2204 ai:  654 random:   71 epsilon: 0.1000000 avg loss: 0.10892104
Episode  776 score:   80 steps: 1520 ai:  441 random:   56 epsilon: 0.1000000 avg loss: 0.10283381
Episode  777 score:  110 steps: 2003 ai:  609 random:   49 epsilon: 0.1000000 avg loss: 0.10766008
Episode  778 score:  230 steps: 2681 ai:  785 random:   99 epsilon: 0.1000000 avg loss: 0.11082285
Episode  779 score:  135 steps: 2036 ai:  601 random:   68 epsilon: 0.1000000 avg loss: 0.10915748
Episode  780 score:  115 steps: 2135 ai:  617 random:   85 epsilon: 0.1000000 avg loss: 0.10912125
Episode  781 score:  140 steps: 2144 ai:  634 random:   71 epsilon: 0.1000000 avg loss: 0.11315446
Episode  782 score:  270 steps: 2825 ai:  838 random:   94 epsilon: 0.1000000 avg loss: 0.11414061
Episode  783 score:  310 steps: 2948 ai:  874 random:   99 epsilon: 0.1000000 avg loss: 0.11130556
Episode  784 score:  175 steps: 2405 ai:  727 random:   65 epsilon: 0.1000000 avg loss: 0.10793109
Episode  785 score:   75 steps: 1511 ai:  441 random:   53 epsilon: 0.1000000 avg loss: 0.11785406
Episode  786 score:  190 steps: 2594 ai:  774 random:   81 epsilon: 0.1000000 avg loss: 0.10541708
Episode  787 score:  230 steps: 2603 ai:  777 random:   81 epsilon: 0.1000000 avg loss: 0.11216696
Episode  788 score:  390 steps: 4313 ai: 1276 random:  152 epsilon: 0.1000000 avg loss: 0.10983467
Episode  789 score:  370 steps: 4106 ai: 1229 random:  130 epsilon: 0.1000000 avg loss: 0.10757438
Episode  790 score:  230 steps: 2567 ai:  765 random:   81 epsilon: 0.1000000 avg loss: 0.10901867
Episode  791 score:  215 steps: 2567 ai:  748 random:   98 epsilon: 0.1000000 avg loss: 0.10984423
Episode  792 score:  285 steps: 3119 ai:  944 random:   86 epsilon: 0.1000000 avg loss: 0.10780527
Episode  793 score:  210 steps: 2501 ai:  743 random:   81 epsilon: 0.1000000 avg loss: 0.11694670
Episode  794 score:  110 steps: 2075 ai:  614 random:   68 epsilon: 0.1000000 avg loss: 0.10725688
Episode  795 score:  215 steps: 2498 ai:  743 random:   80 epsilon: 0.1000000 avg loss: 0.11254717
Episode  796 score:  295 steps: 4448 ai: 1311 random:  162 epsilon: 0.1000000 avg loss: 0.10908970
Episode  797 score:  215 steps: 2465 ai:  726 random:   86 epsilon: 0.1000000 avg loss: 0.10987295
Episode  798 score:  125 steps: 1967 ai:  578 random:   68 epsilon: 0.1000000 avg loss: 0.11831076
Episode  799 score:  190 steps: 2429 ai:  718 random:   82 epsilon: 0.1000000 avg loss: 0.11075655
Episode  800 score:  475 steps: 2999 ai:  890 random:  100 epsilon: 0.1000000 avg loss: 0.11469288
Episode  801 score:  650 steps: 4541 ai: 1342 random:  162 epsilon: 0.1000000 avg loss: 0.11090079
Episode  802 score:  140 steps: 4022 ai: 1197 random:  134 epsilon: 0.1000000 avg loss: 0.11226703
Episode  803 score:  140 steps: 2456 ai:  714 random:   95 epsilon: 0.1000000 avg loss: 0.10930831
Episode  804 score:  125 steps: 2762 ai:  830 random:   81 epsilon: 0.1000000 avg loss: 0.10816088
Episode  805 score:  320 steps: 3077 ai:  919 random:   97 epsilon: 0.1000000 avg loss: 0.10888382
Episode  806 score:  330 steps: 3956 ai: 1184 random:  125 epsilon: 0.1000000 avg loss: 0.11077835
Episode  807 score:  230 steps: 2474 ai:  726 random:   89 epsilon: 0.1000000 avg loss: 0.10299331
Episode  808 score:  215 steps: 2570 ai:  772 random:   75 epsilon: 0.1000000 avg loss: 0.10225535
Episode  809 score:  285 steps: 3632 ai: 1098 random:  103 epsilon: 0.1000000 avg loss: 0.11049204
Episode  810 score:  280 steps: 2738 ai:  799 random:  104 epsilon: 0.1000000 avg loss: 0.10700292
Episode  811 score:  105 steps: 1661 ai:  486 random:   58 epsilon: 0.1000000 avg loss: 0.11134471
Episode  812 score:  110 steps: 1523 ai:  448 random:   50 epsilon: 0.1000000 avg loss: 0.10861707
Episode  813 score:  220 steps: 2483 ai:  731 random:   87 epsilon: 0.1000000 avg loss: 0.10954818
Episode  814 score:  255 steps: 2645 ai:  798 random:   74 epsilon: 0.1000000 avg loss: 0.10333913
Episode  815 score:  140 steps: 2036 ai:  616 random:   53 epsilon: 0.1000000 avg loss: 0.10373365
Episode  816 score:  185 steps: 2441 ai:  726 random:   78 epsilon: 0.1000000 avg loss: 0.11173400
Episode  817 score:  130 steps: 1982 ai:  584 random:   67 epsilon: 0.1000000 avg loss: 0.10933914
Episode  818 score:  105 steps: 1835 ai:  550 random:   52 epsilon: 0.1000000 avg loss: 0.10964310
Episode  819 score:  160 steps: 2033 ai:  607 random:   61 epsilon: 0.1000000 avg loss: 0.10273946
Episode  820 score:  155 steps: 1988 ai:  583 random:   70 epsilon: 0.1000000 avg loss: 0.10774839
Episode  821 score:  170 steps: 3995 ai: 1188 random:  134 epsilon: 0.1000000 avg loss: 0.10709473
Episode  822 score:  190 steps: 2579 ai:  767 random:   83 epsilon: 0.1000000 avg loss: 0.11029357
Episode  823 score:  110 steps: 1952 ai:  575 random:   66 epsilon: 0.1000000 avg loss: 0.10175249
Episode  824 score:  145 steps: 2795 ai:  826 random:   96 epsilon: 0.1000000 avg loss: 0.10454900
Episode  825 score:  120 steps: 1964 ai:  585 random:   60 epsilon: 0.1000000 avg loss: 0.10721408
Episode  826 score:  195 steps: 2441 ai:  711 random:   93 epsilon: 0.1000000 avg loss: 0.10957430
Episode  827 score:  110 steps: 2090 ai:  614 random:   73 epsilon: 0.1000000 avg loss: 0.11313274
Episode  828 score:  110 steps: 2021 ai:  594 random:   70 epsilon: 0.1000000 avg loss: 0.11755407
Episode  829 score:  120 steps: 1541 ai:  455 random:   49 epsilon: 0.1000000 avg loss: 0.11483682
Episode  830 score:  110 steps: 1541 ai:  460 random:   44 epsilon: 0.1000000 avg loss: 0.11285970
Episode  831 score:  585 steps: 5843 ai: 1754 random:  184 epsilon: 0.1000000 avg loss: 0.10525179
Episode  832 score:  215 steps: 2405 ai:  710 random:   82 epsilon: 0.1000000 avg loss: 0.10607217
Episode  833 score:  295 steps: 3524 ai: 1054 random:  111 epsilon: 0.1000000 avg loss: 0.10836062
Episode  834 score:  215 steps: 2438 ai:  729 random:   74 epsilon: 0.1000000 avg loss: 0.10431873
Episode  835 score:  120 steps: 2066 ai:  608 random:   71 epsilon: 0.1000000 avg loss: 0.11013545
Episode  836 score:  505 steps: 3818 ai: 1141 random:  122 epsilon: 0.1000000 avg loss: 0.10331783
Episode  837 score:  465 steps: 3377 ai: 1009 random:  107 epsilon: 0.1000000 avg loss: 0.10350488
Episode  838 score:  165 steps: 2399 ai:  706 random:   84 epsilon: 0.1000000 avg loss: 0.10820811
Episode  839 score:  110 steps: 1997 ai:  586 random:   70 epsilon: 0.1000000 avg loss: 0.11238007
Episode  840 score:  125 steps: 1745 ai:  513 random:   59 epsilon: 0.1000000 avg loss: 0.09766047
Episode  841 score:  195 steps: 2669 ai:  795 random:   85 epsilon: 0.1000000 avg loss: 0.10056530
Episode  842 score:  265 steps: 3233 ai:  963 random:  105 epsilon: 0.1000000 avg loss: 0.10094473
Episode  843 score:  105 steps: 1613 ai:  477 random:   51 epsilon: 0.1000000 avg loss: 0.10731503
Episode  844 score:  370 steps: 3623 ai: 1066 random:  132 epsilon: 0.1000000 avg loss: 0.10523774
Episode  845 score:  160 steps: 2447 ai:  732 random:   74 epsilon: 0.1000000 avg loss: 0.11113429
Episode  846 score:  265 steps: 2723 ai:  813 random:   85 epsilon: 0.1000000 avg loss: 0.10262453
Episode  847 score:  225 steps: 4499 ai: 1322 random:  168 epsilon: 0.1000000 avg loss: 0.10061379
Episode  848 score:  155 steps: 2765 ai:  810 random:  102 epsilon: 0.1000000 avg loss: 0.10385839
Episode  849 score:  165 steps: 2525 ai:  741 random:   91 epsilon: 0.1000000 avg loss: 0.10366848
Episode  850 score:  165 steps: 2426 ai:  704 random:   95 epsilon: 0.1000000 avg loss: 0.10894684
Episode  851 score:  175 steps: 2447 ai:  713 random:   93 epsilon: 0.1000000 avg loss: 0.09952327
Episode  852 score:  120 steps: 1544 ai:  451 random:   54 epsilon: 0.1000000 avg loss: 0.10076956
Episode  853 score:  550 steps: 4193 ai: 1275 random:  113 epsilon: 0.1000000 avg loss: 0.10376438
Episode  854 score:  115 steps: 2135 ai:  624 random:   78 epsilon: 0.1000000 avg loss: 0.09511406
Episode  855 score:  245 steps: 2561 ai:  773 random:   71 epsilon: 0.1000000 avg loss: 0.10800702
Episode  856 score:  135 steps: 2129 ai:  636 random:   64 epsilon: 0.1000000 avg loss: 0.09583709
Episode  857 score:  450 steps: 4253 ai: 1254 random:  154 epsilon: 0.1000000 avg loss: 0.10298091
Episode  858 score:  330 steps: 3608 ai: 1069 random:  124 epsilon: 0.1000000 avg loss: 0.10483557
Episode  859 score:  110 steps: 2171 ai:  640 random:   74 epsilon: 0.1000000 avg loss: 0.10856694
Episode  860 score:  105 steps: 1991 ai:  574 random:   80 epsilon: 0.1000000 avg loss: 0.11276834
Episode  861 score:  410 steps: 4247 ai: 1263 random:  143 epsilon: 0.1000000 avg loss: 0.09955176
Episode  862 score:  205 steps: 2813 ai:  833 random:   95 epsilon: 0.1000000 avg loss: 0.10015599
Episode  863 score:  120 steps: 1961 ai:  586 random:   58 epsilon: 0.1000000 avg loss: 0.10288148
Episode  864 score:  110 steps: 2168 ai:  648 random:   65 epsilon: 0.1000000 avg loss: 0.10497194
Episode  865 score:  120 steps: 1985 ai:  593 random:   59 epsilon: 0.1000000 avg loss: 0.10383309
Episode  866 score:  110 steps: 2057 ai:  607 random:   69 epsilon: 0.1000000 avg loss: 0.10178870
Episode  867 score:  245 steps: 2483 ai:  717 random:  101 epsilon: 0.1000000 avg loss: 0.09896723
Episode  868 score:  160 steps: 3941 ai: 1181 random:  123 epsilon: 0.1000000 avg loss: 0.10516735
Episode  869 score:  250 steps: 2663 ai:  791 random:   87 epsilon: 0.1000000 avg loss: 0.09960900
Episode  870 score:  120 steps: 2024 ai:  594 random:   71 epsilon: 0.1000000 avg loss: 0.09967671
Episode  871 score:  270 steps: 3143 ai:  925 random:  113 epsilon: 0.1000000 avg loss: 0.10392315
Episode  872 score:  105 steps: 1922 ai:  569 random:   62 epsilon: 0.1000000 avg loss: 0.09781024
Episode  873 score:  240 steps: 3257 ai:  964 random:  112 epsilon: 0.1000000 avg loss: 0.09740613
Episode  874 score:  110 steps: 2018 ai:  594 random:   69 epsilon: 0.1000000 avg loss: 0.10129911
Episode  875 score:  225 steps: 2429 ai:  718 random:   82 epsilon: 0.1000000 avg loss: 0.10464398
Episode  876 score:  230 steps: 2855 ai:  839 random:  103 epsilon: 0.1000000 avg loss: 0.09886136
Episode  877 score:  195 steps: 2420 ai:  715 random:   82 epsilon: 0.1000000 avg loss: 0.10098391
Episode  878 score:  165 steps: 2447 ai:  717 random:   89 epsilon: 0.1000000 avg loss: 0.10032226
Episode  879 score:  170 steps: 2378 ai:  697 random:   86 epsilon: 0.1000000 avg loss: 0.09856836
Episode  880 score:  405 steps: 4079 ai: 1205 random:  145 epsilon: 0.1000000 avg loss: 0.09666581
Episode  881 score:  190 steps: 2438 ai:  734 random:   69 epsilon: 0.1000000 avg loss: 0.09993510
Episode  882 score:  295 steps: 3014 ai:  896 random:   99 epsilon: 0.1000000 avg loss: 0.09600054
Episode  883 score:  290 steps: 4130 ai: 1232 random:  135 epsilon: 0.1000000 avg loss: 0.09707146
Episode  884 score:  140 steps: 2015 ai:  599 random:   63 epsilon: 0.1000000 avg loss: 0.10159519
Episode  885 score:  115 steps: 2129 ai:  644 random:   56 epsilon: 0.1000000 avg loss: 0.10607070
Episode  886 score:  105 steps: 1949 ai:  572 random:   68 epsilon: 0.1000000 avg loss: 0.10060276
Episode  887 score:  135 steps: 2393 ai:  715 random:   73 epsilon: 0.1000000 avg loss: 0.10260599
Episode  888 score:  200 steps: 2627 ai:  775 random:   91 epsilon: 0.1000000 avg loss: 0.10334267
Episode  889 score:  230 steps: 4259 ai: 1262 random:  148 epsilon: 0.1000000 avg loss: 0.10199336
Episode  890 score:  195 steps: 2381 ai:  705 random:   79 epsilon: 0.1000000 avg loss: 0.10748605
Episode  891 score:  160 steps: 3947 ai: 1178 random:  128 epsilon: 0.1000000 avg loss: 0.10184838
Episode  892 score:  230 steps: 2513 ai:  749 random:   79 epsilon: 0.1000000 avg loss: 0.09946547
Episode  893 score:  115 steps: 2003 ai:  600 random:   58 epsilon: 0.1000000 avg loss: 0.10151798
Episode  894 score:  145 steps: 2405 ai:  708 random:   84 epsilon: 0.1000000 avg loss: 0.10731761
Episode  895 score:  195 steps: 2423 ai:  715 random:   83 epsilon: 0.1000000 avg loss: 0.10371306
Episode  896 score:  270 steps: 2975 ai:  876 random:  106 epsilon: 0.1000000 avg loss: 0.09938251
Episode  897 score:  205 steps: 2759 ai:  811 random:   99 epsilon: 0.1000000 avg loss: 0.10059624
Episode  898 score:  180 steps: 4013 ai: 1209 random:  119 epsilon: 0.1000000 avg loss: 0.10692671
Episode  899 score:  180 steps: 2459 ai:  732 random:   78 epsilon: 0.1000000 avg loss: 0.10653740
Episode  900 score:  385 steps: 3899 ai: 1161 random:  129 epsilon: 0.1000000 avg loss: 0.10420193
Episode  901 score:  420 steps: 2459 ai:  737 random:   73 epsilon: 0.1000000 avg loss: 0.10499646
Episode  902 score:  230 steps: 2369 ai:  696 random:   84 epsilon: 0.1000000 avg loss: 0.10352280
Episode  903 score:  110 steps: 1955 ai:  576 random:   66 epsilon: 0.1000000 avg loss: 0.10003354
Episode  904 score:  260 steps: 2693 ai:  809 random:   79 epsilon: 0.1000000 avg loss: 0.10201863
Episode  905 score:  100 steps: 2387 ai:  717 random:   69 epsilon: 0.1000000 avg loss: 0.09524798
Episode  906 score:  105 steps: 1631 ai:  486 random:   48 epsilon: 0.1000000 avg loss: 0.10147294
Episode  907 score:  155 steps: 2435 ai:  728 random:   74 epsilon: 0.1000000 avg loss: 0.10209843
Episode  908 score:  165 steps: 2084 ai:  607 random:   78 epsilon: 0.1000000 avg loss: 0.10450567
Episode  909 score:  230 steps: 2603 ai:  769 random:   89 epsilon: 0.1000000 avg loss: 0.10198366
Episode  910 score:  180 steps: 2399 ai:  696 random:   94 epsilon: 0.1000000 avg loss: 0.09963577
Episode  911 score:  150 steps: 2084 ai:  620 random:   65 epsilon: 0.1000000 avg loss: 0.11057221
Episode  912 score:  185 steps: 2594 ai:  777 random:   78 epsilon: 0.1000000 avg loss: 0.11266340
Episode  913 score:  255 steps: 3947 ai: 1178 random:  128 epsilon: 0.1000000 avg loss: 0.09892039
Episode  914 score:  125 steps: 2048 ai:  595 random:   78 epsilon: 0.1000000 avg loss: 0.10768322
Episode  915 score:  140 steps: 3989 ai: 1189 random:  131 epsilon: 0.1000000 avg loss: 0.10666309
Episode  916 score:  435 steps: 4235 ai: 1247 random:  155 epsilon: 0.1000000 avg loss: 0.10344026
Episode  917 score:  140 steps: 1985 ai:  596 random:   56 epsilon: 0.1000000 avg loss: 0.10881951
Episode  918 score:  220 steps: 2552 ai:  766 random:   75 epsilon: 0.1000000 avg loss: 0.10465795
Episode  919 score:  220 steps: 2441 ai:  739 random:   65 epsilon: 0.1000000 avg loss: 0.10824534
Episode  920 score:  175 steps: 2015 ai:  594 random:   68 epsilon: 0.1000000 avg loss: 0.10410737
Episode  921 score:  345 steps: 3050 ai:  911 random:   96 epsilon: 0.1000000 avg loss: 0.10187958
Episode  922 score:  105 steps: 1613 ai:  466 random:   62 epsilon: 0.1000000 avg loss: 0.10586873
Episode  923 score:  135 steps: 2141 ai:  637 random:   67 epsilon: 0.1000000 avg loss: 0.10862801
Episode  924 score:  175 steps: 3917 ai: 1169 random:  127 epsilon: 0.1000000 avg loss: 0.10330277
Episode  925 score:  110 steps: 1526 ai:  439 random:   60 epsilon: 0.1000000 avg loss: 0.11057806
Episode  926 score:  265 steps: 2882 ai:  849 random:  102 epsilon: 0.1000000 avg loss: 0.10724932
Episode  927 score:  290 steps: 2843 ai:  849 random:   89 epsilon: 0.1000000 avg loss: 0.10492596
Episode  928 score:  265 steps: 3029 ai:  903 random:   97 epsilon: 0.1000000 avg loss: 0.10098143
Episode  929 score:  255 steps: 4226 ai: 1260 random:  139 epsilon: 0.1000000 avg loss: 0.10735167
Episode  930 score:  250 steps: 2420 ai:  722 random:   75 epsilon: 0.1000000 avg loss: 0.10775286
Episode  931 score:  225 steps: 2627 ai:  766 random:  100 epsilon: 0.1000000 avg loss: 0.10326244
Episode  932 score:  110 steps: 1961 ai:  585 random:   59 epsilon: 0.1000000 avg loss: 0.10209174
Episode  933 score:  395 steps: 4019 ai: 1213 random:  117 epsilon: 0.1000000 avg loss: 0.10698836
Episode  934 score:  130 steps: 2048 ai:  590 random:   83 epsilon: 0.1000000 avg loss: 0.10626576
Episode  935 score:   80 steps: 1535 ai:  449 random:   53 epsilon: 0.1000000 avg loss: 0.10802122
Episode  936 score:  140 steps: 2129 ai:  623 random:   77 epsilon: 0.1000000 avg loss: 0.10749703
Episode  937 score:  125 steps: 2123 ai:  628 random:   70 epsilon: 0.1000000 avg loss: 0.10683725
Episode  938 score:  215 steps: 2513 ai:  741 random:   87 epsilon: 0.1000000 avg loss: 0.10349495
Episode  939 score:  250 steps: 2459 ai:  726 random:   84 epsilon: 0.1000000 avg loss: 0.10759948
Episode  940 score:  460 steps: 4007 ai: 1221 random:  105 epsilon: 0.1000000 avg loss: 0.11516139
Episode  941 score:  180 steps: 2636 ai:  776 random:   93 epsilon: 0.1000000 avg loss: 0.11180717
Episode  942 score:  280 steps: 3458 ai: 1033 random:  110 epsilon: 0.1000000 avg loss: 0.11289832
Episode  943 score:  135 steps: 2369 ai:  714 random:   66 epsilon: 0.1000000 avg loss: 0.11292049
Episode  944 score:  225 steps: 2420 ai:  713 random:   84 epsilon: 0.1000000 avg loss: 0.10840600
Episode  945 score:  120 steps: 1988 ai:  589 random:   64 epsilon: 0.1000000 avg loss: 0.10495329
Episode  946 score:  225 steps: 4217 ai: 1237 random:  159 epsilon: 0.1000000 avg loss: 0.10798560
Episode  947 score:  230 steps: 2408 ai:  709 random:   84 epsilon: 0.1000000 avg loss: 0.11300029
Episode  948 score:  245 steps: 2771 ai:  826 random:   88 epsilon: 0.1000000 avg loss: 0.11205021
Episode  949 score:  105 steps: 2021 ai:  592 random:   72 epsilon: 0.1000000 avg loss: 0.10473558
Episode  950 score:  105 steps: 1697 ai:  501 random:   55 epsilon: 0.1000000 avg loss: 0.11738634
Episode  951 score:  260 steps: 2867 ai:  854 random:   92 epsilon: 0.1000000 avg loss: 0.11131319
Episode  952 score:  165 steps: 2039 ai:  599 random:   71 epsilon: 0.1000000 avg loss: 0.11431499
Episode  953 score:  215 steps: 2408 ai:  708 random:   85 epsilon: 0.1000000 avg loss: 0.10964514
Episode  954 score:  465 steps: 4373 ai: 1301 random:  147 epsilon: 0.1000000 avg loss: 0.10941852
Episode  955 score:  125 steps: 2057 ai:  605 random:   71 epsilon: 0.1000000 avg loss: 0.10925763
Episode  956 score:   80 steps: 2039 ai:  607 random:   63 epsilon: 0.1000000 avg loss: 0.11077134
Episode  957 score:  465 steps: 3707 ai: 1094 random:  132 epsilon: 0.1000000 avg loss: 0.10798274
Episode  958 score:  195 steps: 2441 ai:  729 random:   75 epsilon: 0.1000000 avg loss: 0.10870312
Episode  959 score:  170 steps: 2408 ai:  710 random:   83 epsilon: 0.1000000 avg loss: 0.11067307
Episode  960 score:  110 steps: 1697 ai:  501 random:   55 epsilon: 0.1000000 avg loss: 0.10348754
Episode  961 score:  105 steps: 1607 ai:  480 random:   46 epsilon: 0.1000000 avg loss: 0.10701981
Episode  962 score:  125 steps: 2117 ai:  623 random:   73 epsilon: 0.1000000 avg loss: 0.10784277
Episode  963 score:  250 steps: 3047 ai:  909 random:   97 epsilon: 0.1000000 avg loss: 0.10967228
Episode  964 score:  105 steps: 1610 ai:  471 random:   56 epsilon: 0.1000000 avg loss: 0.10712105
Episode  965 score:  120 steps: 1997 ai:  596 random:   60 epsilon: 0.1000000 avg loss: 0.10368944
Episode  966 score:  220 steps: 2510 ai:  735 random:   92 epsilon: 0.1000000 avg loss: 0.10737610
Episode  967 score:  110 steps: 2009 ai:  600 random:   60 epsilon: 0.1000000 avg loss: 0.11323199
Episode  968 score:  160 steps: 3995 ai: 1201 random:  121 epsilon: 0.1000000 avg loss: 0.11137741
Episode  969 score:  250 steps: 2537 ai:  759 random:   77 epsilon: 0.1000000 avg loss: 0.10800100
Episode  970 score:  260 steps: 2726 ai:  803 random:   96 epsilon: 0.1000000 avg loss: 0.11021866
Episode  971 score:  180 steps: 2405 ai:  727 random:   65 epsilon: 0.1000000 avg loss: 0.10672845
Episode  972 score:  125 steps: 2039 ai:  588 random:   82 epsilon: 0.1000000 avg loss: 0.10650303
Episode  973 score:  200 steps: 2453 ai:  729 random:   79 epsilon: 0.1000000 avg loss: 0.10195322
Episode  974 score:  170 steps: 2411 ai:  723 random:   71 epsilon: 0.1000000 avg loss: 0.11118525
Episode  975 score:  455 steps: 3344 ai:  991 random:  114 epsilon: 0.1000000 avg loss: 0.11667393
Episode  976 score:  225 steps: 2570 ai:  761 random:   86 epsilon: 0.1000000 avg loss: 0.10569939
Episode  977 score:  470 steps: 3233 ai:  976 random:   92 epsilon: 0.1000000 avg loss: 0.11663360
Episode  978 score:  185 steps: 2414 ai:  718 random:   77 epsilon: 0.1000000 avg loss: 0.10619761
Episode  979 score:  190 steps: 2411 ai:  706 random:   88 epsilon: 0.1000000 avg loss: 0.10970182
Episode  980 score:  130 steps: 1931 ai:  584 random:   50 epsilon: 0.1000000 avg loss: 0.11663281
Episode  981 score:  185 steps: 2402 ai:  707 random:   84 epsilon: 0.1000000 avg loss: 0.10896490
Episode  982 score:  105 steps: 1610 ai:  470 random:   57 epsilon: 0.1000000 avg loss: 0.10870231
Episode  983 score:  460 steps: 3137 ai:  931 random:  105 epsilon: 0.1000000 avg loss: 0.11544467
Episode  984 score:  140 steps: 2108 ai:  630 random:   63 epsilon: 0.1000000 avg loss: 0.11088131
Episode  985 score:  215 steps: 2555 ai:  762 random:   80 epsilon: 0.1000000 avg loss: 0.11121454
Episode  986 score:  210 steps: 2507 ai:  740 random:   86 epsilon: 0.1000000 avg loss: 0.11585018
Episode  987 score:  155 steps: 2159 ai:  639 random:   71 epsilon: 0.1000000 avg loss: 0.11666710
Episode  988 score:  250 steps: 2999 ai:  911 random:   79 epsilon: 0.1000000 avg loss: 0.11420694
Episode  989 score:  165 steps: 3989 ai: 1179 random:  141 epsilon: 0.1000000 avg loss: 0.11097775
Episode  990 score:  360 steps: 2825 ai:  830 random:  102 epsilon: 0.1000000 avg loss: 0.11053336
Episode  991 score:  460 steps: 4508 ai: 1358 random:  135 epsilon: 0.1000000 avg loss: 0.10940099
Episode  992 score:  160 steps: 2321 ai:  702 random:   62 epsilon: 0.1000000 avg loss: 0.10715543
Episode  993 score:  415 steps: 3980 ai: 1190 random:  127 epsilon: 0.1000000 avg loss: 0.10976070
Episode  994 score:  100 steps: 2150 ai:  641 random:   66 epsilon: 0.1000000 avg loss: 0.11413428
Episode  995 score:  365 steps: 2954 ai:  873 random:  102 epsilon: 0.1000000 avg loss: 0.10279911
Episode  996 score:  490 steps: 4133 ai: 1232 random:  136 epsilon: 0.1000000 avg loss: 0.10981956
Episode  997 score:  230 steps: 4244 ai: 1263 random:  142 epsilon: 0.1000000 avg loss: 0.09870472
Episode  998 score:  325 steps: 2798 ai:  839 random:   84 epsilon: 0.1000000 avg loss: 0.09971972
Episode  999 score:  325 steps: 3914 ai: 1175 random:  120 epsilon: 0.1000000 avg loss: 0.10559616

Elapsed Time: 2558s - Episode 511 Max Score: 715
