Mon Jul 28 23:09:18 2025
A.L.E: Arcade Learning Environment (version 0.11.0+unknown)
[Powered by Stella]
Game console created:
  ROM file:  ./rom/space_invaders.bin
  Cart Name: Space Invaders (1978) (Atari) [!]
  Cart MD5:  72ffbef6504b75e69ee1045af9075f66
  Display Format:  AUTO-DETECT ==> NTSC
  ROM Size:        4096
  Bankswitch Type: AUTO-DETECT ==> 4K

Running ROM file...
Random seed is 123

Training Parameters:
Lives:         3
Episodes:      1000
Alpha:         0.00025
Gamma:         0.99
Epsilon:       1
Epsilon Min:   0.1
Epsilon Decay: 0.99999
Replay:        100000
Replay Min:    10000
Noop:          30
Frame Skip:    0
Update Freq.:  10000
Batch Size:    32
History Size:  4
Init Weights:  Xavier uniform

Episode    0 score:  410 steps: 2473 ai:   33 random: 2411 epsilon: 0.9758238 avg loss: -nan
Episode    1 score:  110 steps: 1709 ai:   47 random: 1633 epsilon: 0.9595443 avg loss: -nan
Episode    2 score:   75 steps: 1539 ai:   84 random: 1426 epsilon: 0.9451445 avg loss: -nan
Episode    3 score:  230 steps: 2735 ai:  189 random: 2517 epsilon: 0.9198749 avg loss: -nan
Episode    4 score:  120 steps: 2125 ai:  199 random: 1897 epsilon: 0.9007712 avg loss: 0.08233526
Episode    5 score:  465 steps: 4643 ai:  562 random: 4052 epsilon: 0.8600971 avg loss: 0.08136143
Episode    6 score:  185 steps: 2523 ai:  377 random: 2117 epsilon: 0.8388880 avg loss: 0.08277966
Episode    7 score:   80 steps: 1087 ai:  187 random:  871 epsilon: 0.8300433 avg loss: 0.07813115
Episode    8 score:  105 steps: 1183 ai:  198 random:  956 epsilon: 0.8205106 avg loss: 0.08101995
Episode    9 score:  490 steps: 4691 ai:  938 random: 3724 epsilon: 0.7830829 avg loss: 0.07908433
Episode   10 score:  335 steps: 2271 ai:  509 random: 1733 epsilon: 0.7656996 avg loss: 0.07804619
Episode   11 score:  110 steps: 2285 ai:  566 random: 1690 epsilon: 0.7485976 avg loss: 0.07906475
Episode   12 score:   90 steps: 1829 ai:  481 random: 1319 epsilon: 0.7352212 avg loss: 0.07681037
Episode   13 score:  185 steps: 2285 ai:  588 random: 1668 epsilon: 0.7188025 avg loss: 0.07326781
Episode   14 score:  145 steps: 2343 ai:  658 random: 1656 epsilon: 0.7023398 avg loss: 0.07494270
Episode   15 score:  180 steps: 2341 ai:  712 random: 1600 epsilon: 0.6862644 avg loss: 0.07545520
Episode   16 score:  215 steps: 2873 ai:  961 random: 1883 epsilon: 0.6669984 avg loss: 0.07394933
Episode   17 score:  205 steps: 2599 ai:  887 random: 1683 epsilon: 0.6500512 avg loss: 0.07489359
Episode   18 score:  325 steps: 2235 ai:  784 random: 1422 epsilon: 0.6358495 avg loss: 0.07370887
Episode   19 score:  155 steps: 2403 ai:  861 random: 1513 epsilon: 0.6209103 avg loss: 0.07257185
Episode   20 score:  120 steps: 1853 ai:  718 random: 1106 epsilon: 0.6096701 avg loss: 0.07264479
Episode   21 score:  320 steps: 2355 ai:  942 random: 1384 epsilon: 0.5956392 avg loss: 0.07189063
Episode   22 score:  180 steps: 2541 ai: 1025 random: 1487 epsilon: 0.5808382 avg loss: 0.07084975
Episode   23 score:  490 steps: 3313 ai: 1409 random: 1875 epsilon: 0.5620480 avg loss: 0.07000418
Episode   24 score:  125 steps: 1249 ai:  532 random:  688 epsilon: 0.5552267 avg loss: 0.06844030
Episode   25 score:  110 steps: 1941 ai:  842 random: 1070 epsilon: 0.5446922 avg loss: 0.06931399
Episode   26 score:  110 steps: 2205 ai: 1024 random: 1152 epsilon: 0.5329527 avg loss: 0.06887595
Episode   27 score:  110 steps: 1977 ai:  890 random: 1058 epsilon: 0.5226633 avg loss: 0.06755865
Episode   28 score:  105 steps: 1153 ai:  547 random:  577 epsilon: 0.5168139 avg loss: 0.06698264
Episode   29 score:  180 steps: 2061 ai:  971 random: 1061 epsilon: 0.5064053 avg loss: 0.07022968
Episode   30 score:  200 steps: 2297 ai: 1125 random: 1143 epsilon: 0.4950334 avg loss: 0.06642947
Episode   31 score:  140 steps: 2355 ai: 1234 random: 1092 epsilon: 0.4836352 avg loss: 0.06498350
Episode   32 score:  150 steps: 1667 ai:  830 random:  808 epsilon: 0.4757693 avg loss: 0.06555625
Episode   33 score:  360 steps: 3851 ai: 2041 random: 1781 epsilon: 0.4579047 avg loss: 0.06487488
Episode   34 score:  110 steps: 2031 ai: 1058 random:  944 epsilon: 0.4488163 avg loss: 0.06427770
Episode   35 score:  320 steps: 3171 ai: 1718 random: 1424 epsilon: 0.4349154 avg loss: 0.06408612
Episode   36 score:  105 steps: 1219 ai:  674 random:  516 epsilon: 0.4297622 avg loss: 0.06156864
Episode   37 score:  410 steps: 2637 ai: 1463 random: 1145 epsilon: 0.4186846 avg loss: 0.06298519
Episode   38 score:  130 steps: 2209 ai: 1270 random:  910 epsilon: 0.4096436 avg loss: 0.06226081
Episode   39 score:  230 steps: 2839 ai: 1649 random: 1161 epsilon: 0.3982787 avg loss: 0.06372052
Episode   40 score:  130 steps: 2001 ai: 1180 random:  792 epsilon: 0.3904910 avg loss: 0.06447235
Episode   41 score:  140 steps: 1931 ai: 1141 random:  761 epsilon: 0.3831238 avg loss: 0.05949885
Episode   42 score:  120 steps: 2257 ai: 1342 random:  886 epsilon: 0.3746716 avg loss: 0.05837221
Episode   43 score:  360 steps: 3215 ai: 1974 random: 1212 epsilon: 0.3629072 avg loss: 0.06113790
Episode   44 score:  240 steps: 3471 ai: 2235 random: 1207 epsilon: 0.3506117 avg loss: 0.05650113
Episode   45 score:  135 steps: 2087 ai: 1362 random:  696 epsilon: 0.3434587 avg loss: 0.05894201
Episode   46 score:  170 steps: 2053 ai: 1372 random:  652 epsilon: 0.3365697 avg loss: 0.05530318
Episode   47 score:  425 steps: 3351 ai: 2179 random: 1143 epsilon: 0.3255560 avg loss: 0.05669845
Episode   48 score:  135 steps: 2733 ai: 1846 random:  858 epsilon: 0.3168583 avg loss: 0.05665977
Episode   49 score:  800 steps: 5485 ai: 3738 random: 1718 epsilon: 0.3000139 avg loss: 0.05375919
Episode   50 score:  110 steps: 2079 ai: 1464 random:  586 epsilon: 0.2939178 avg loss: 0.05140466
Episode   51 score:  400 steps: 3905 ai: 2757 random: 1119 epsilon: 0.2827296 avg loss: 0.04960837
Episode   52 score:  105 steps: 1159 ai:  801 random:  329 epsilon: 0.2795484 avg loss: 0.05127118
Episode   53 score:  105 steps: 1309 ai:  926 random:  354 epsilon: 0.2759872 avg loss: 0.04919433
Episode   54 score:  290 steps: 3201 ai: 2318 random:  854 epsilon: 0.2673595 avg loss: 0.04660450
Episode   55 score:  260 steps: 3565 ai: 2597 random:  939 epsilon: 0.2580576 avg loss: 0.04656508
Episode   56 score:  105 steps: 2091 ai: 1536 random:  526 epsilon: 0.2527853 avg loss: 0.04792418
Episode   57 score:  135 steps: 1991 ai: 1452 random:  510 epsilon: 0.2478667 avg loss: 0.04869633
Episode   58 score:  185 steps: 2033 ai: 1523 random:  481 epsilon: 0.2429428 avg loss: 0.04582580
Episode   59 score:  295 steps: 4089 ai: 3132 random:  928 epsilon: 0.2332640 avg loss: 0.04390370
Episode   60 score:   90 steps: 1379 ai: 1024 random:  326 epsilon: 0.2301316 avg loss: 0.04248484
Episode   61 score:  185 steps: 2029 ai: 1568 random:  432 epsilon: 0.2255682 avg loss: 0.04162109
Episode   62 score:   80 steps: 1813 ai: 1387 random:  397 epsilon: 0.2215752 avg loss: 0.04087875
Episode   63 score:   80 steps: 1541 ai: 1155 random:  357 epsilon: 0.2182452 avg loss: 0.04104541
Episode   64 score:  145 steps: 2523 ai: 1977 random:  517 epsilon: 0.2128628 avg loss: 0.04251456
Episode   65 score:  365 steps: 3003 ai: 2344 random:  630 epsilon: 0.2066171 avg loss: 0.04215838
Episode   66 score:  365 steps: 3869 ai: 3029 random:  811 epsilon: 0.1988223 avg loss: 0.03899753
Episode   67 score:  115 steps: 2041 ai: 1630 random:  382 epsilon: 0.1948575 avg loss: 0.04012856
Episode   68 score:  145 steps: 2443 ai: 1966 random:  448 epsilon: 0.1902036 avg loss: 0.03751219
Episode   69 score:  120 steps: 2181 ai: 1757 random:  395 epsilon: 0.1861489 avg loss: 0.03801713
Episode   70 score:  140 steps: 2015 ai: 1628 random:  358 epsilon: 0.1824827 avg loss: 0.03766998
Episode   71 score:  250 steps: 2775 ai: 2259 random:  487 epsilon: 0.1775336 avg loss: 0.03686197
Episode   72 score:  215 steps: 1753 ai: 1417 random:  307 epsilon: 0.1744952 avg loss: 0.03590417
Episode   73 score:  145 steps: 2213 ai: 1783 random:  401 epsilon: 0.1707204 avg loss: 0.03651847
Episode   74 score:  150 steps: 2367 ai: 1961 random:  377 epsilon: 0.1667705 avg loss: 0.03376414
Episode   75 score:  200 steps: 2619 ai: 2165 random:  425 epsilon: 0.1625006 avg loss: 0.03457480
Episode   76 score:  135 steps: 2573 ai: 2126 random:  418 epsilon: 0.1584122 avg loss: 0.03616772
Episode   77 score:  125 steps: 1341 ai: 1091 random:  221 epsilon: 0.1563460 avg loss: 0.03472000
Episode   78 score:  130 steps: 1943 ai: 1615 random:  299 epsilon: 0.1533780 avg loss: 0.03486092
Episode   79 score:  105 steps: 1383 ai: 1146 random:  208 epsilon: 0.1513118 avg loss: 0.03345420
Episode   80 score:  165 steps: 2529 ai: 2133 random:  367 epsilon: 0.1475715 avg loss: 0.03272148
Episode   81 score:  305 steps: 2015 ai: 1702 random:  284 epsilon: 0.1446656 avg loss: 0.03256458
Episode   82 score:  210 steps: 3267 ai: 2779 random:  459 epsilon: 0.1400505 avg loss: 0.03016696
Episode   83 score:  245 steps: 3951 ai: 3425 random:  497 epsilon: 0.1346551 avg loss: 0.03086155
Episode   84 score:  150 steps: 1417 ai: 1211 random:  177 epsilon: 0.1327980 avg loss: 0.03223952
Episode   85 score:  115 steps: 2217 ai: 1902 random:  286 epsilon: 0.1299198 avg loss: 0.03234273
Episode   86 score:  160 steps: 2515 ai: 2173 random:  313 epsilon: 0.1267261 avg loss: 0.02966546
Episode   87 score:  115 steps: 2621 ai: 2273 random:  319 epsilon: 0.1234795 avg loss: 0.03193933
Episode   88 score:  330 steps: 2239 ai: 1940 random:  270 epsilon: 0.1207766 avg loss: 0.02904130
Episode   89 score:  330 steps: 3613 ai: 3168 random:  416 epsilon: 0.1165188 avg loss: 0.02871569
Episode   90 score:  230 steps: 2777 ai: 2425 random:  323 epsilon: 0.1133563 avg loss: 0.02803283
Episode   91 score:  155 steps: 1937 ai: 1708 random:  200 epsilon: 0.1112109 avg loss: 0.02677099
Episode   92 score:  105 steps: 1577 ai: 1393 random:  155 epsilon: 0.1095007 avg loss: 0.02868207
Episode   93 score:  120 steps: 2371 ai: 2084 random:  258 epsilon: 0.1069626 avg loss: 0.02816380
Episode   94 score:  420 steps: 4535 ai: 4023 random:  483 epsilon: 0.1022432 avg loss: 0.02779094
Episode   95 score:  550 steps: 4309 ai: 3858 random:  422 epsilon: 0.1000000 avg loss: 0.02813594
Episode   96 score:  115 steps: 1335 ai: 1193 random:  113 epsilon: 0.1000000 avg loss: 0.02866266
Episode   97 score:  335 steps: 3815 ai: 3401 random:  385 epsilon: 0.1000000 avg loss: 0.02553482
Episode   98 score:  205 steps: 2925 ai: 2590 random:  306 epsilon: 0.1000000 avg loss: 0.02543576
Episode   99 score:  400 steps: 3011 ai: 2683 random:  299 epsilon: 0.1000000 avg loss: 0.02331458
Episode  100 score:  380 steps: 4135 ai: 3696 random:  410 epsilon: 0.1000000 avg loss: 0.02506776
Episode  101 score:  175 steps: 2161 ai: 1926 random:  206 epsilon: 0.1000000 avg loss: 0.02138286
Episode  102 score:  215 steps: 1781 ai: 1574 random:  178 epsilon: 0.1000000 avg loss: 0.02288358
Episode  103 score:  235 steps: 2863 ai: 2549 random:  285 epsilon: 0.1000000 avg loss: 0.02293541
Episode  104 score:  125 steps: 1967 ai: 1766 random:  172 epsilon: 0.1000000 avg loss: 0.02327505
Episode  105 score:  140 steps: 1771 ai: 1568 random:  174 epsilon: 0.1000000 avg loss: 0.02061222
Episode  106 score:  215 steps: 2481 ai: 2185 random:  267 epsilon: 0.1000000 avg loss: 0.02350357
Episode  107 score:  175 steps: 2503 ai: 2220 random:  254 epsilon: 0.1000000 avg loss: 0.02273949
Episode  108 score:   85 steps: 1577 ai: 1387 random:  161 epsilon: 0.1000000 avg loss: 0.02308101
Episode  109 score:  110 steps: 1743 ai: 1530 random:  184 epsilon: 0.1000000 avg loss: 0.02264975
Episode  110 score:  125 steps: 1547 ai: 1383 random:  135 epsilon: 0.1000000 avg loss: 0.02103957
Episode  111 score:  225 steps: 1795 ai: 1592 random:  174 epsilon: 0.1000000 avg loss: 0.02227197
Episode  112 score:  365 steps: 3791 ai: 3368 random:  394 epsilon: 0.1000000 avg loss: 0.02111187
Episode  113 score:  375 steps: 2955 ai: 2631 random:  295 epsilon: 0.1000000 avg loss: 0.02264007
Episode  114 score:  205 steps: 2689 ai: 2397 random:  263 epsilon: 0.1000000 avg loss: 0.02085068
Episode  115 score:  115 steps: 2119 ai: 1873 random:  217 epsilon: 0.1000000 avg loss: 0.02251824
Episode  116 score:  350 steps: 4111 ai: 3661 random:  421 epsilon: 0.1000000 avg loss: 0.02369624
Episode  117 score:  200 steps: 2817 ai: 2526 random:  262 epsilon: 0.1000000 avg loss: 0.02332878
Episode  118 score:  110 steps: 1205 ai: 1060 random:  116 epsilon: 0.1000000 avg loss: 0.02096785
Episode  119 score:  105 steps: 1067 ai:  920 random:  118 epsilon: 0.1000000 avg loss: 0.02190579
Episode  120 score:  245 steps: 2469 ai: 2176 random:  264 epsilon: 0.1000000 avg loss: 0.01979289
Episode  121 score:   95 steps: 1641 ai: 1436 random:  176 epsilon: 0.1000000 avg loss: 0.01992971
Episode  122 score:  555 steps: 3635 ai: 3249 random:  357 epsilon: 0.1000000 avg loss: 0.02180582
Episode  123 score:  140 steps: 2021 ai: 1785 random:  207 epsilon: 0.1000000 avg loss: 0.01996521
Episode  124 score:  300 steps: 3313 ai: 2930 random:  354 epsilon: 0.1000000 avg loss: 0.01885656
Episode  125 score:  180 steps: 2383 ai: 2105 random:  249 epsilon: 0.1000000 avg loss: 0.02355549
Episode  126 score:  155 steps: 2223 ai: 1987 random:  207 epsilon: 0.1000000 avg loss: 0.02107949
Episode  127 score:  215 steps: 1921 ai: 1685 random:  207 epsilon: 0.1000000 avg loss: 0.02005158
Episode  128 score:  235 steps: 4017 ai: 3575 random:  413 epsilon: 0.1000000 avg loss: 0.01973970
Episode  129 score:  240 steps: 3339 ai: 3005 random:  305 epsilon: 0.1000000 avg loss: 0.01912695
Episode  130 score:   95 steps: 1559 ai: 1381 random:  149 epsilon: 0.1000000 avg loss: 0.01884762
Episode  131 score:  370 steps: 2539 ai: 2252 random:  258 epsilon: 0.1000000 avg loss: 0.01949939
Episode  132 score:  155 steps: 2341 ai: 2065 random:  247 epsilon: 0.1000000 avg loss: 0.01944337
Episode  133 score:  115 steps: 1965 ai: 1739 random:  197 epsilon: 0.1000000 avg loss: 0.02043212
Episode  134 score:  165 steps: 1957 ai: 1716 random:  212 epsilon: 0.1000000 avg loss: 0.02214757
Episode  135 score:   80 steps: 1207 ai: 1068 random:  110 epsilon: 0.1000000 avg loss: 0.01906250
Episode  136 score:   75 steps: 1067 ai:  924 random:  114 epsilon: 0.1000000 avg loss: 0.01914430
Episode  137 score:  410 steps: 2445 ai: 2149 random:  267 epsilon: 0.1000000 avg loss: 0.02045389
Episode  138 score:  135 steps: 1781 ai: 1576 random:  176 epsilon: 0.1000000 avg loss: 0.02341182
Episode  139 score:  110 steps: 1207 ai: 1063 random:  115 epsilon: 0.1000000 avg loss: 0.02040580
Episode  140 score:  225 steps: 2591 ai: 2304 random:  258 epsilon: 0.1000000 avg loss: 0.02039078
Episode  141 score:  135 steps: 2033 ai: 1806 random:  198 epsilon: 0.1000000 avg loss: 0.02067330
Episode  142 score:  135 steps: 2413 ai: 2145 random:  239 epsilon: 0.1000000 avg loss: 0.02357499
Episode  143 score:  210 steps: 2389 ai: 2129 random:  231 epsilon: 0.1000000 avg loss: 0.02219982
Episode  144 score:  140 steps: 2553 ai: 2311 random:  213 epsilon: 0.1000000 avg loss: 0.02095683
Episode  145 score:  275 steps: 2901 ai: 2551 random:  321 epsilon: 0.1000000 avg loss: 0.02076238
Episode  146 score:  470 steps: 3483 ai: 3080 random:  374 epsilon: 0.1000000 avg loss: 0.02216950
Episode  147 score:  285 steps: 3509 ai: 3108 random:  372 epsilon: 0.1000000 avg loss: 0.02090570
Episode  148 score:  855 steps: 3971 ai: 3526 random:  416 epsilon: 0.1000000 avg loss: 0.01938781
Episode  149 score:  140 steps: 1991 ai: 1771 random:  191 epsilon: 0.1000000 avg loss: 0.01997290
Episode  150 score:  240 steps: 3295 ai: 2925 random:  341 epsilon: 0.1000000 avg loss: 0.02150989
Episode  151 score:  195 steps: 2499 ai: 2219 random:  251 epsilon: 0.1000000 avg loss: 0.01944700
Episode  152 score:  160 steps: 2495 ai: 2237 random:  229 epsilon: 0.1000000 avg loss: 0.01914534
Episode  153 score:  185 steps: 2501 ai: 2224 random:  248 epsilon: 0.1000000 avg loss: 0.02359714
Episode  154 score:  110 steps: 2359 ai: 2071 random:  259 epsilon: 0.1000000 avg loss: 0.01946053
Episode  155 score:  525 steps: 3861 ai: 3454 random:  378 epsilon: 0.1000000 avg loss: 0.02023390
Episode  156 score:  300 steps: 4121 ai: 3682 random:  410 epsilon: 0.1000000 avg loss: 0.02015646
Episode  157 score:  140 steps: 2009 ai: 1767 random:  213 epsilon: 0.1000000 avg loss: 0.01943730
Episode  158 score:  170 steps: 2371 ai: 2099 random:  243 epsilon: 0.1000000 avg loss: 0.02185627
Episode  159 score:  240 steps: 3265 ai: 2912 random:  324 epsilon: 0.1000000 avg loss: 0.02031610
Episode  160 score:  160 steps: 2543 ai: 2279 random:  235 epsilon: 0.1000000 avg loss: 0.02030497
Episode  161 score:  320 steps: 3511 ai: 3194 random:  288 epsilon: 0.1000000 avg loss: 0.01861180
Episode  162 score:  210 steps: 2459 ai: 2182 random:  248 epsilon: 0.1000000 avg loss: 0.02045884
Episode  163 score:  215 steps: 2545 ai: 2242 random:  274 epsilon: 0.1000000 avg loss: 0.01791472
Episode  164 score:  540 steps: 4083 ai: 3659 random:  395 epsilon: 0.1000000 avg loss: 0.01988556
Episode  165 score:  160 steps: 2011 ai: 1778 random:  204 epsilon: 0.1000000 avg loss: 0.01846900
Episode  166 score:  115 steps: 1967 ai: 1726 random:  212 epsilon: 0.1000000 avg loss: 0.01818367
Episode  167 score:  110 steps: 1989 ai: 1760 random:  200 epsilon: 0.1000000 avg loss: 0.02077522
Episode  168 score:  215 steps: 1999 ai: 1779 random:  191 epsilon: 0.1000000 avg loss: 0.02149950
Episode  169 score:  130 steps: 3109 ai: 2774 random:  306 epsilon: 0.1000000 avg loss: 0.01869002
Episode  170 score:  445 steps: 4011 ai: 3603 random:  379 epsilon: 0.1000000 avg loss: 0.01970230
Episode  171 score:  265 steps: 3931 ai: 3487 random:  415 epsilon: 0.1000000 avg loss: 0.01972561
Episode  172 score:  225 steps: 3509 ai: 3143 random:  337 epsilon: 0.1000000 avg loss: 0.01728672
Episode  173 score:  160 steps: 2225 ai: 1982 random:  214 epsilon: 0.1000000 avg loss: 0.02004285
Episode  174 score:  225 steps: 3335 ai: 2979 random:  327 epsilon: 0.1000000 avg loss: 0.01703903
Episode  175 score:  175 steps: 2373 ai: 2095 random:  249 epsilon: 0.1000000 avg loss: 0.01813231
Episode  176 score:  180 steps: 3011 ai: 2662 random:  320 epsilon: 0.1000000 avg loss: 0.01753346
Episode  177 score:  450 steps: 3495 ai: 3144 random:  322 epsilon: 0.1000000 avg loss: 0.01970138
Episode  178 score:   90 steps: 1373 ai: 1219 random:  125 epsilon: 0.1000000 avg loss: 0.01570764
Episode  179 score:  115 steps: 2111 ai: 1878 random:  204 epsilon: 0.1000000 avg loss: 0.01733973
Episode  180 score:  345 steps: 3015 ai: 2674 random:  312 epsilon: 0.1000000 avg loss: 0.02069186
Episode  181 score:  370 steps: 2475 ai: 2196 random:  250 epsilon: 0.1000000 avg loss: 0.01798049
Episode  182 score:  120 steps: 1981 ai: 1774 random:  178 epsilon: 0.1000000 avg loss: 0.01913254
Episode  183 score:  490 steps: 3733 ai: 3350 random:  354 epsilon: 0.1000000 avg loss: 0.01936118
Episode  184 score:  360 steps: 3713 ai: 3326 random:  358 epsilon: 0.1000000 avg loss: 0.02002667
Episode  185 score:  140 steps: 2587 ai: 2309 random:  249 epsilon: 0.1000000 avg loss: 0.02110136
Episode  186 score:  525 steps: 3443 ai: 3077 random:  337 epsilon: 0.1000000 avg loss: 0.01864295
Episode  187 score:  360 steps: 3559 ai: 3187 random:  343 epsilon: 0.1000000 avg loss: 0.02012145
Episode  188 score:  130 steps: 1977 ai: 1772 random:  176 epsilon: 0.1000000 avg loss: 0.01713397
Episode  189 score:  115 steps: 2065 ai: 1832 random:  204 epsilon: 0.1000000 avg loss: 0.02086237
Episode  190 score:   85 steps: 1565 ai: 1394 random:  142 epsilon: 0.1000000 avg loss: 0.01851118
Episode  191 score:  145 steps: 2099 ai: 1840 random:  230 epsilon: 0.1000000 avg loss: 0.02087504
Episode  192 score:   85 steps: 1291 ai: 1138 random:  124 epsilon: 0.1000000 avg loss: 0.01751798
Episode  193 score:  380 steps: 3211 ai: 2880 random:  302 epsilon: 0.1000000 avg loss: 0.01926681
Episode  194 score:  300 steps: 3051 ai: 2724 random:  298 epsilon: 0.1000000 avg loss: 0.01938251
Episode  195 score:  315 steps: 2087 ai: 1866 random:  192 epsilon: 0.1000000 avg loss: 0.02012321
Episode  196 score:  540 steps: 2759 ai: 2455 random:  275 epsilon: 0.1000000 avg loss: 0.01794440
Episode  197 score:  120 steps: 1949 ai: 1732 random:  188 epsilon: 0.1000000 avg loss: 0.01885047
Episode  198 score:  505 steps: 3961 ai: 3546 random:  386 epsilon: 0.1000000 avg loss: 0.01853458
Episode  199 score:  365 steps: 3033 ai: 2712 random:  292 epsilon: 0.1000000 avg loss: 0.01949481
Episode  200 score:  180 steps: 2085 ai: 1860 random:  196 epsilon: 0.1000000 avg loss: 0.01988617
Episode  201 score:  110 steps: 1207 ai: 1047 random:  131 epsilon: 0.1000000 avg loss: 0.02029895
Episode  202 score:  150 steps: 2161 ai: 1902 random:  230 epsilon: 0.1000000 avg loss: 0.01882077
Episode  203 score:  420 steps: 3205 ai: 2877 random:  299 epsilon: 0.1000000 avg loss: 0.02039621
Episode  204 score:  160 steps: 2637 ai: 2370 random:  238 epsilon: 0.1000000 avg loss: 0.02186196
Episode  205 score:  140 steps: 2147 ai: 1921 random:  197 epsilon: 0.1000000 avg loss: 0.01876019
Episode  206 score:  155 steps: 2015 ai: 1803 random:  183 epsilon: 0.1000000 avg loss: 0.01949791
Episode  207 score:  140 steps: 1995 ai: 1764 random:  202 epsilon: 0.1000000 avg loss: 0.01950199
Episode  208 score:  130 steps: 2595 ai: 2328 random:  238 epsilon: 0.1000000 avg loss: 0.02163403
Episode  209 score:  150 steps: 2185 ai: 1955 random:  201 epsilon: 0.1000000 avg loss: 0.01766559
Episode  210 score:  470 steps: 3739 ai: 3325 random:  385 epsilon: 0.1000000 avg loss: 0.01922285
Episode  211 score:  120 steps: 1793 ai: 1589 random:  175 epsilon: 0.1000000 avg loss: 0.01908798
Episode  212 score:  150 steps: 2035 ai: 1790 random:  216 epsilon: 0.1000000 avg loss: 0.02259250
Episode  213 score:  355 steps: 2341 ai: 2091 random:  221 epsilon: 0.1000000 avg loss: 0.02056723
Episode  214 score:   95 steps: 1735 ai: 1535 random:  171 epsilon: 0.1000000 avg loss: 0.01887133
Episode  215 score:  705 steps: 3901 ai: 3483 random:  389 epsilon: 0.1000000 avg loss: 0.02069886
Episode  216 score:  130 steps: 2595 ai: 2336 random:  230 epsilon: 0.1000000 avg loss: 0.02136963
Episode  217 score:  325 steps: 3391 ai: 3021 random:  341 epsilon: 0.1000000 avg loss: 0.02123986
Episode  218 score:  110 steps: 1329 ai: 1171 random:  129 epsilon: 0.1000000 avg loss: 0.02081424
Episode  219 score:   75 steps: 1209 ai: 1061 random:  119 epsilon: 0.1000000 avg loss: 0.01996133
Episode  220 score:  160 steps: 2523 ai: 2242 random:  252 epsilon: 0.1000000 avg loss: 0.01975427
Episode  221 score:  345 steps: 3205 ai: 2912 random:  264 epsilon: 0.1000000 avg loss: 0.01921506
Episode  222 score:  150 steps: 2059 ai: 1806 random:  224 epsilon: 0.1000000 avg loss: 0.02162008
Episode  223 score:  220 steps: 2687 ai: 2403 random:  255 epsilon: 0.1000000 avg loss: 0.01975392
Episode  224 score:  110 steps: 2549 ai: 2271 random:  249 epsilon: 0.1000000 avg loss: 0.02248261
Episode  225 score:  525 steps: 3759 ai: 3326 random:  404 epsilon: 0.1000000 avg loss: 0.02004345
Episode  226 score:  150 steps: 2095 ai: 1852 random:  214 epsilon: 0.1000000 avg loss: 0.01899056
Episode  227 score:  665 steps: 5307 ai: 4759 random:  519 epsilon: 0.1000000 avg loss: 0.01922308
Episode  228 score:  120 steps: 2061 ai: 1819 random:  213 epsilon: 0.1000000 avg loss: 0.02197481
Episode  229 score:  185 steps: 2303 ai: 2015 random:  259 epsilon: 0.1000000 avg loss: 0.02042131
Episode  230 score:  170 steps: 2377 ai: 2115 random:  233 epsilon: 0.1000000 avg loss: 0.02394552
Episode  231 score:  200 steps: 2635 ai: 2358 random:  248 epsilon: 0.1000000 avg loss: 0.02035205
Episode  232 score:  390 steps: 3297 ai: 2948 random:  320 epsilon: 0.1000000 avg loss: 0.02090600
Episode  233 score:  110 steps: 1239 ai: 1101 random:  109 epsilon: 0.1000000 avg loss: 0.02018711
Episode  234 score:  235 steps: 2487 ai: 2209 random:  249 epsilon: 0.1000000 avg loss: 0.02168339
Episode  235 score:  475 steps: 3913 ai: 3498 random:  386 epsilon: 0.1000000 avg loss: 0.01951008
Episode  236 score:  350 steps: 2997 ai: 2686 random:  282 epsilon: 0.1000000 avg loss: 0.02276515
Episode  237 score:  110 steps: 2017 ai: 1754 random:  234 epsilon: 0.1000000 avg loss: 0.02102333
Episode  238 score:  125 steps: 1237 ai: 1109 random:   99 epsilon: 0.1000000 avg loss: 0.02083553
Episode  239 score:  510 steps: 3017 ai: 2688 random:  300 epsilon: 0.1000000 avg loss: 0.01976022
Episode  240 score:   75 steps: 1067 ai:  940 random:   98 epsilon: 0.1000000 avg loss: 0.02245567
Episode  241 score:  370 steps: 3883 ai: 3476 random:  378 epsilon: 0.1000000 avg loss: 0.02059192
Episode  242 score:  315 steps: 1989 ai: 1780 random:  180 epsilon: 0.1000000 avg loss: 0.02319442
Episode  243 score:  355 steps: 2073 ai: 1834 random:  210 epsilon: 0.1000000 avg loss: 0.02254751
Episode  244 score:  140 steps: 2529 ai: 2260 random:  240 epsilon: 0.1000000 avg loss: 0.02021857
Episode  245 score:  185 steps: 2577 ai: 2292 random:  256 epsilon: 0.1000000 avg loss: 0.02004355
Episode  246 score:  110 steps: 1255 ai: 1097 random:  129 epsilon: 0.1000000 avg loss: 0.02142240
Episode  247 score:  420 steps: 2901 ai: 2564 random:  308 epsilon: 0.1000000 avg loss: 0.02234574
Episode  248 score:  125 steps: 2061 ai: 1813 random:  219 epsilon: 0.1000000 avg loss: 0.01796877
Episode  249 score:  480 steps: 4293 ai: 3819 random:  445 epsilon: 0.1000000 avg loss: 0.02002244
Episode  250 score:  125 steps: 2005 ai: 1790 random:  186 epsilon: 0.1000000 avg loss: 0.01955468
Episode  251 score:  240 steps: 2491 ai: 2184 random:  278 epsilon: 0.1000000 avg loss: 0.02121124
Episode  252 score:  365 steps: 2981 ai: 2674 random:  278 epsilon: 0.1000000 avg loss: 0.02113894
Episode  253 score:  295 steps: 4005 ai: 3565 random:  411 epsilon: 0.1000000 avg loss: 0.01806179
Episode  254 score:  110 steps: 2205 ai: 1960 random:  216 epsilon: 0.1000000 avg loss: 0.01991941
Episode  255 score:  245 steps: 3813 ai: 3401 random:  383 epsilon: 0.1000000 avg loss: 0.01986587
Episode  256 score:  340 steps: 2435 ai: 2178 random:  228 epsilon: 0.1000000 avg loss: 0.02025683
Episode  257 score:  135 steps: 2437 ai: 2156 random:  252 epsilon: 0.1000000 avg loss: 0.01960419
Episode  258 score:  420 steps: 2573 ai: 2280 random:  264 epsilon: 0.1000000 avg loss: 0.01770940
Episode  259 score:  145 steps: 2869 ai: 2550 random:  290 epsilon: 0.1000000 avg loss: 0.02043491
Episode  260 score:  130 steps: 1899 ai: 1681 random:  189 epsilon: 0.1000000 avg loss: 0.02190297
Episode  261 score:  140 steps: 2149 ai: 1920 random:  200 epsilon: 0.1000000 avg loss: 0.01986695
Episode  262 score:  195 steps: 3511 ai: 3149 random:  333 epsilon: 0.1000000 avg loss: 0.02040257
Episode  263 score:  145 steps: 1579 ai: 1391 random:  159 epsilon: 0.1000000 avg loss: 0.02272870
Episode  264 score:  110 steps: 1235 ai: 1095 random:  111 epsilon: 0.1000000 avg loss: 0.01966287
Episode  265 score:  185 steps: 2547 ai: 2274 random:  244 epsilon: 0.1000000 avg loss: 0.01944611
Episode  266 score:  125 steps: 1987 ai: 1775 random:  183 epsilon: 0.1000000 avg loss: 0.02166791
Episode  267 score:  110 steps: 1205 ai: 1069 random:  107 epsilon: 0.1000000 avg loss: 0.02459738
Episode  268 score:   80 steps: 1209 ai: 1065 random:  115 epsilon: 0.1000000 avg loss: 0.02465679
Episode  269 score:  165 steps: 2479 ai: 2196 random:  254 epsilon: 0.1000000 avg loss: 0.02082071
Episode  270 score:  195 steps: 2577 ai: 2297 random:  251 epsilon: 0.1000000 avg loss: 0.02055951
Episode  271 score:  170 steps: 2379 ai: 2106 random:  244 epsilon: 0.1000000 avg loss: 0.02171948
Episode  272 score:  130 steps: 1981 ai: 1755 random:  197 epsilon: 0.1000000 avg loss: 0.02149209
Episode  273 score:  115 steps: 1853 ai: 1635 random:  189 epsilon: 0.1000000 avg loss: 0.02257518
Episode  274 score:  170 steps: 2361 ai: 2085 random:  247 epsilon: 0.1000000 avg loss: 0.02239164
Episode  275 score:   80 steps: 1205 ai: 1058 random:  118 epsilon: 0.1000000 avg loss: 0.02144781
Episode  276 score:  220 steps: 2579 ai: 2311 random:  239 epsilon: 0.1000000 avg loss: 0.02267451
Episode  277 score:   80 steps: 1205 ai: 1052 random:  124 epsilon: 0.1000000 avg loss: 0.02325712
Episode  278 score:  135 steps: 2079 ai: 1868 random:  182 epsilon: 0.1000000 avg loss: 0.02172604
Episode  279 score:  240 steps: 3159 ai: 2822 random:  308 epsilon: 0.1000000 avg loss: 0.01939409
Episode  280 score:  290 steps: 3575 ai: 3172 random:  374 epsilon: 0.1000000 avg loss: 0.02364055
Episode  281 score:  255 steps: 3543 ai: 3167 random:  347 epsilon: 0.1000000 avg loss: 0.02207743
Episode  282 score:  155 steps: 1963 ai: 1757 random:  177 epsilon: 0.1000000 avg loss: 0.02067093
Episode  283 score:  145 steps: 2083 ai: 1846 random:  208 epsilon: 0.1000000 avg loss: 0.02338866
Episode  284 score:  155 steps: 2521 ai: 2238 random:  254 epsilon: 0.1000000 avg loss: 0.02320709
Episode  285 score:  305 steps: 2739 ai: 2427 random:  283 epsilon: 0.1000000 avg loss: 0.02029391
Episode  286 score:  425 steps: 3431 ai: 3051 random:  351 epsilon: 0.1000000 avg loss: 0.02159880
Episode  287 score:  190 steps: 2563 ai: 2261 random:  273 epsilon: 0.1000000 avg loss: 0.02363064
Episode  288 score:  190 steps: 3115 ai: 2787 random:  299 epsilon: 0.1000000 avg loss: 0.02018079
Episode  289 score:  350 steps: 2599 ai: 2315 random:  255 epsilon: 0.1000000 avg loss: 0.02139569
Episode  290 score:   75 steps: 1067 ai:  922 random:  116 epsilon: 0.1000000 avg loss: 0.01953597
Episode  291 score:  445 steps: 3811 ai: 3404 random:  378 epsilon: 0.1000000 avg loss: 0.02159123
Episode  292 score:  115 steps: 2009 ai: 1774 random:  206 epsilon: 0.1000000 avg loss: 0.02189032
Episode  293 score:  185 steps: 2463 ai: 2192 random:  242 epsilon: 0.1000000 avg loss: 0.02354819
Episode  294 score:  120 steps: 2501 ai: 2234 random:  238 epsilon: 0.1000000 avg loss: 0.02173295
Episode  295 score:  130 steps: 1755 ai: 1562 random:  164 epsilon: 0.1000000 avg loss: 0.02292344
Episode  296 score:  110 steps: 2177 ai: 1939 random:  209 epsilon: 0.1000000 avg loss: 0.02332597
Episode  297 score:  195 steps: 2577 ai: 2294 random:  254 epsilon: 0.1000000 avg loss: 0.02358468
Episode  298 score:   75 steps: 1067 ai:  921 random:  117 epsilon: 0.1000000 avg loss: 0.02117272
Episode  299 score:  135 steps: 2183 ai: 1927 random:  227 epsilon: 0.1000000 avg loss: 0.02439626
Episode  300 score:  365 steps: 2509 ai: 2245 random:  235 epsilon: 0.1000000 avg loss: 0.02163588
Episode  301 score:   75 steps: 1067 ai:  940 random:   98 epsilon: 0.1000000 avg loss: 0.02672251
Episode  302 score:  160 steps: 2429 ai: 2153 random:  247 epsilon: 0.1000000 avg loss: 0.02328789
Episode  303 score:  490 steps: 3913 ai: 3507 random:  377 epsilon: 0.1000000 avg loss: 0.02130195
Episode  304 score:  160 steps: 3275 ai: 2926 random:  320 epsilon: 0.1000000 avg loss: 0.02277497
Episode  305 score:  260 steps: 4071 ai: 3614 random:  428 epsilon: 0.1000000 avg loss: 0.02138488
Episode  306 score:  105 steps: 2033 ai: 1811 random:  193 epsilon: 0.1000000 avg loss: 0.02231893
Episode  307 score:  670 steps: 3755 ai: 3350 random:  376 epsilon: 0.1000000 avg loss: 0.02108004
Episode  308 score:  140 steps: 2397 ai: 2145 random:  223 epsilon: 0.1000000 avg loss: 0.02014227
Episode  309 score:   95 steps: 1517 ai: 1329 random:  159 epsilon: 0.1000000 avg loss: 0.01902873
Episode  310 score:  410 steps: 2891 ai: 2585 random:  277 epsilon: 0.1000000 avg loss: 0.02067852
Episode  311 score:  530 steps: 3421 ai: 3066 random:  326 epsilon: 0.1000000 avg loss: 0.01938980
Episode  312 score:  260 steps: 2983 ai: 2660 random:  294 epsilon: 0.1000000 avg loss: 0.02020803
Episode  313 score:  130 steps: 2513 ai: 2233 random:  251 epsilon: 0.1000000 avg loss: 0.02174846
Episode  314 score:  120 steps: 1761 ai: 1548 random:  184 epsilon: 0.1000000 avg loss: 0.01937201
Episode  315 score:  135 steps: 2477 ai: 2184 random:  264 epsilon: 0.1000000 avg loss: 0.02068137
Episode  316 score:   75 steps: 1363 ai: 1193 random:  141 epsilon: 0.1000000 avg loss: 0.02072613
Episode  317 score:  470 steps: 4191 ai: 3747 random:  415 epsilon: 0.1000000 avg loss: 0.02040448
Episode  318 score:  180 steps: 2619 ai: 2337 random:  253 epsilon: 0.1000000 avg loss: 0.01999793
Episode  319 score:  155 steps: 2979 ai: 2688 random:  262 epsilon: 0.1000000 avg loss: 0.01949939
Episode  320 score:  150 steps: 2501 ai: 2227 random:  245 epsilon: 0.1000000 avg loss: 0.01829369
Episode  321 score:  290 steps: 4067 ai: 3653 random:  385 epsilon: 0.1000000 avg loss: 0.01970855
Episode  322 score:   75 steps: 1293 ai: 1130 random:  134 epsilon: 0.1000000 avg loss: 0.01868015
Episode  323 score:  130 steps: 2109 ai: 1878 random:  202 epsilon: 0.1000000 avg loss: 0.02146095
Episode  324 score:  445 steps: 2541 ai: 2261 random:  251 epsilon: 0.1000000 avg loss: 0.02116708
Episode  325 score:  135 steps: 2023 ai: 1780 random:  214 epsilon: 0.1000000 avg loss: 0.01933924
Episode  326 score:  135 steps: 2367 ai: 2096 random:  242 epsilon: 0.1000000 avg loss: 0.01977562
Episode  327 score:   80 steps: 1209 ai: 1067 random:  113 epsilon: 0.1000000 avg loss: 0.02116547
Episode  328 score:  185 steps: 1999 ai: 1775 random:  195 epsilon: 0.1000000 avg loss: 0.02048984
Episode  329 score:  115 steps: 2397 ai: 2120 random:  248 epsilon: 0.1000000 avg loss: 0.02305578
Episode  330 score:   80 steps: 1207 ai: 1055 random:  123 epsilon: 0.1000000 avg loss: 0.01903487
Episode  331 score:  170 steps: 2409 ai: 2126 random:  254 epsilon: 0.1000000 avg loss: 0.02146824
Episode  332 score:  320 steps: 3269 ai: 2915 random:  325 epsilon: 0.1000000 avg loss: 0.02223871
Episode  333 score:  315 steps: 2105 ai: 1871 random:  205 epsilon: 0.1000000 avg loss: 0.01979865
Episode  334 score:  140 steps: 2527 ai: 2254 random:  244 epsilon: 0.1000000 avg loss: 0.02138062
Episode  335 score:  115 steps: 2079 ai: 1869 random:  181 epsilon: 0.1000000 avg loss: 0.02084331
Episode  336 score:  105 steps: 1339 ai: 1178 random:  132 epsilon: 0.1000000 avg loss: 0.01772806
Episode  337 score:   70 steps: 1439 ai: 1274 random:  136 epsilon: 0.1000000 avg loss: 0.01952938
Episode  338 score:  385 steps: 2329 ai: 2070 random:  230 epsilon: 0.1000000 avg loss: 0.01904741
Episode  339 score:  195 steps: 2559 ai: 2276 random:  254 epsilon: 0.1000000 avg loss: 0.01929836
Episode  340 score:  145 steps: 1567 ai: 1395 random:  143 epsilon: 0.1000000 avg loss: 0.02076185
Episode  341 score:  420 steps: 4027 ai: 3611 random:  387 epsilon: 0.1000000 avg loss: 0.02041600
Episode  342 score:  400 steps: 2511 ai: 2269 random:  213 epsilon: 0.1000000 avg loss: 0.02045049
Episode  343 score:  160 steps: 2515 ai: 2242 random:  244 epsilon: 0.1000000 avg loss: 0.02147362
Episode  344 score:  120 steps: 2065 ai: 1851 random:  185 epsilon: 0.1000000 avg loss: 0.02085380
Episode  345 score:  415 steps: 2667 ai: 2369 random:  269 epsilon: 0.1000000 avg loss: 0.02002511
Episode  346 score:  195 steps: 1967 ai: 1741 random:  197 epsilon: 0.1000000 avg loss: 0.02134988
Episode  347 score:  230 steps: 2357 ai: 2092 random:  236 epsilon: 0.1000000 avg loss: 0.01909796
Episode  348 score:   80 steps: 1205 ai: 1072 random:  104 epsilon: 0.1000000 avg loss: 0.01970954
Episode  349 score:  150 steps: 1645 ai: 1441 random:  175 epsilon: 0.1000000 avg loss: 0.02129763
Episode  350 score:  235 steps: 3227 ai: 2904 random:  294 epsilon: 0.1000000 avg loss: 0.02117354
Episode  351 score:  195 steps: 2977 ai: 2649 random:  299 epsilon: 0.1000000 avg loss: 0.02227155
Episode  352 score:  210 steps: 2653 ai: 2371 random:  253 epsilon: 0.1000000 avg loss: 0.01971368
Episode  353 score:  485 steps: 3415 ai: 3064 random:  322 epsilon: 0.1000000 avg loss: 0.02133241
Episode  354 score:  330 steps: 3469 ai: 3115 random:  325 epsilon: 0.1000000 avg loss: 0.01986434
Episode  355 score:  210 steps: 2537 ai: 2273 random:  235 epsilon: 0.1000000 avg loss: 0.02179548
Episode  356 score:  195 steps: 2705 ai: 2392 random:  284 epsilon: 0.1000000 avg loss: 0.02062789
Episode  357 score:  145 steps: 2279 ai: 2040 random:  210 epsilon: 0.1000000 avg loss: 0.01862279
Episode  358 score:  245 steps: 2805 ai: 2523 random:  253 epsilon: 0.1000000 avg loss: 0.01812377
Episode  359 score:  175 steps: 2381 ai: 2104 random:  248 epsilon: 0.1000000 avg loss: 0.01899478
Episode  360 score:  110 steps: 2013 ai: 1768 random:  216 epsilon: 0.1000000 avg loss: 0.02132634
Episode  361 score:  110 steps: 2079 ai: 1854 random:  196 epsilon: 0.1000000 avg loss: 0.01919639
Episode  362 score:  135 steps: 2965 ai: 2644 random:  292 epsilon: 0.1000000 avg loss: 0.01827839
Episode  363 score:  135 steps: 1991 ai: 1756 random:  206 epsilon: 0.1000000 avg loss: 0.01982048
Episode  364 score:  130 steps: 1927 ai: 1721 random:  177 epsilon: 0.1000000 avg loss: 0.01907569
Episode  365 score:  135 steps: 2067 ai: 1848 random:  190 epsilon: 0.1000000 avg loss: 0.02072450
Episode  366 score:  240 steps: 2379 ai: 2125 random:  225 epsilon: 0.1000000 avg loss: 0.02129945
Episode  367 score:  380 steps: 3049 ai: 2704 random:  316 epsilon: 0.1000000 avg loss: 0.01728349
Episode  368 score:  160 steps: 2363 ai: 2111 random:  223 epsilon: 0.1000000 avg loss: 0.02112645
Episode  369 score:  155 steps: 1779 ai: 1560 random:  190 epsilon: 0.1000000 avg loss: 0.02188399
Episode  370 score:  190 steps: 2459 ai: 2195 random:  235 epsilon: 0.1000000 avg loss: 0.01972488
Episode  371 score:  485 steps: 3749 ai: 3326 random:  394 epsilon: 0.1000000 avg loss: 0.02019461
Episode  372 score:   80 steps: 1207 ai: 1063 random:  115 epsilon: 0.1000000 avg loss: 0.01842429
Episode  373 score:  180 steps: 2587 ai: 2286 random:  272 epsilon: 0.1000000 avg loss: 0.02003456
Episode  374 score:  120 steps: 1331 ai: 1166 random:  136 epsilon: 0.1000000 avg loss: 0.02070859
Episode  375 score:  155 steps: 2571 ai: 2297 random:  245 epsilon: 0.1000000 avg loss: 0.02034315
Episode  376 score:  225 steps: 3383 ai: 3019 random:  335 epsilon: 0.1000000 avg loss: 0.02114285
Episode  377 score:  275 steps: 3423 ai: 3062 random:  332 epsilon: 0.1000000 avg loss: 0.02168875
Episode  378 score:  660 steps: 4155 ai: 3713 random:  413 epsilon: 0.1000000 avg loss: 0.02013901
Episode  379 score:   80 steps: 1207 ai: 1067 random:  111 epsilon: 0.1000000 avg loss: 0.02261310
Episode  380 score:  140 steps: 2511 ai: 2220 random:  262 epsilon: 0.1000000 avg loss: 0.01821164
Episode  381 score:  375 steps: 3031 ai: 2686 random:  316 epsilon: 0.1000000 avg loss: 0.02055416
Episode  382 score:  155 steps: 1809 ai: 1589 random:  191 epsilon: 0.1000000 avg loss: 0.02411336
Episode  383 score:   60 steps: 1285 ai: 1136 random:  120 epsilon: 0.1000000 avg loss: 0.01900233
Episode  384 score:  735 steps: 4697 ai: 4209 random:  459 epsilon: 0.1000000 avg loss: 0.01999736
Episode  385 score:  365 steps: 3967 ai: 3534 random:  404 epsilon: 0.1000000 avg loss: 0.01966083
Episode  386 score:  165 steps: 2647 ai: 2390 random:  228 epsilon: 0.1000000 avg loss: 0.02007654
Episode  387 score:  305 steps: 3003 ai: 2700 random:  274 epsilon: 0.1000000 avg loss: 0.02019262
Episode  388 score:  195 steps: 3243 ai: 2883 random:  331 epsilon: 0.1000000 avg loss: 0.01853961
Episode  389 score:  110 steps: 2017 ai: 1782 random:  206 epsilon: 0.1000000 avg loss: 0.02000858
Episode  390 score:  150 steps: 2199 ai: 1958 random:  212 epsilon: 0.1000000 avg loss: 0.02196954
Episode  391 score:  435 steps: 3437 ai: 3088 random:  320 epsilon: 0.1000000 avg loss: 0.02082549
Episode  392 score:  170 steps: 2921 ai: 2575 random:  317 epsilon: 0.1000000 avg loss: 0.02023344
Episode  393 score:  160 steps: 1853 ai: 1637 random:  187 epsilon: 0.1000000 avg loss: 0.01992411
Episode  394 score:  150 steps: 2507 ai: 2227 random:  251 epsilon: 0.1000000 avg loss: 0.02012544
Episode  395 score:  280 steps: 3415 ai: 3010 random:  376 epsilon: 0.1000000 avg loss: 0.01845904
Episode  396 score:  125 steps: 2357 ai: 2098 random:  230 epsilon: 0.1000000 avg loss: 0.01962401
Episode  397 score:  165 steps: 2307 ai: 2068 random:  210 epsilon: 0.1000000 avg loss: 0.01683598
Episode  398 score:  115 steps: 2383 ai: 2114 random:  240 epsilon: 0.1000000 avg loss: 0.02060352
Episode  399 score:  215 steps: 2363 ai: 2109 random:  225 epsilon: 0.1000000 avg loss: 0.02253824
Episode  400 score:  220 steps: 2591 ai: 2323 random:  239 epsilon: 0.1000000 avg loss: 0.01861296
Episode  401 score:  485 steps: 3311 ai: 2947 random:  335 epsilon: 0.1000000 avg loss: 0.02020365
Episode  402 score:  115 steps: 1999 ai: 1775 random:  195 epsilon: 0.1000000 avg loss: 0.02396567
Episode  403 score:  170 steps: 2085 ai: 1838 random:  218 epsilon: 0.1000000 avg loss: 0.01747648
Episode  404 score:  305 steps: 3841 ai: 3402 random:  410 epsilon: 0.1000000 avg loss: 0.02021620
Episode  405 score:  310 steps: 2345 ai: 2085 random:  231 epsilon: 0.1000000 avg loss: 0.01951511
Episode  406 score:  320 steps: 2437 ai: 2160 random:  248 epsilon: 0.1000000 avg loss: 0.02106041
Episode  407 score:  110 steps: 2059 ai: 1801 random:  229 epsilon: 0.1000000 avg loss: 0.01763620
Episode  408 score:  145 steps: 2533 ai: 2268 random:  236 epsilon: 0.1000000 avg loss: 0.02083290
Episode  409 score:  325 steps: 3507 ai: 3134 random:  344 epsilon: 0.1000000 avg loss: 0.01997514
Episode  410 score:  320 steps: 4525 ai: 4027 random:  469 epsilon: 0.1000000 avg loss: 0.01847386
Episode  411 score:  365 steps: 3249 ai: 2909 random:  311 epsilon: 0.1000000 avg loss: 0.01868392
Episode  412 score:  145 steps: 2771 ai: 2454 random:  288 epsilon: 0.1000000 avg loss: 0.01887729
Episode  413 score:  355 steps: 2447 ai: 2185 random:  233 epsilon: 0.1000000 avg loss: 0.01938612
Episode  414 score:  140 steps: 2039 ai: 1783 random:  227 epsilon: 0.1000000 avg loss: 0.02121865
Episode  415 score:  245 steps: 2693 ai: 2410 random:  254 epsilon: 0.1000000 avg loss: 0.01849307
Episode  416 score:  230 steps: 3337 ai: 2980 random:  328 epsilon: 0.1000000 avg loss: 0.01729937
Episode  417 score:  170 steps: 2403 ai: 2156 random:  218 epsilon: 0.1000000 avg loss: 0.01868231
Episode  418 score:  550 steps: 3041 ai: 2721 random:  291 epsilon: 0.1000000 avg loss: 0.01980646
Episode  419 score:  240 steps: 2573 ai: 2301 random:  243 epsilon: 0.1000000 avg loss: 0.01910928
Episode  420 score:   85 steps: 1803 ai: 1588 random:  186 epsilon: 0.1000000 avg loss: 0.01838334
Episode  421 score:  115 steps: 2019 ai: 1785 random:  205 epsilon: 0.1000000 avg loss: 0.01979961
Episode  422 score:  240 steps: 3385 ai: 3037 random:  319 epsilon: 0.1000000 avg loss: 0.02112720
Episode  423 score:  115 steps: 1283 ai: 1126 random:  128 epsilon: 0.1000000 avg loss: 0.02061316
Episode  424 score:  150 steps: 2523 ai: 2238 random:  256 epsilon: 0.1000000 avg loss: 0.01805972
Episode  425 score:  165 steps: 2473 ai: 2205 random:  239 epsilon: 0.1000000 avg loss: 0.01812875
Episode  426 score:  135 steps: 2067 ai: 1821 random:  217 epsilon: 0.1000000 avg loss: 0.01973960
Episode  427 score:  130 steps: 2343 ai: 2087 random:  227 epsilon: 0.1000000 avg loss: 0.01790732
Episode  428 score:  215 steps: 3283 ai: 2929 random:  325 epsilon: 0.1000000 avg loss: 0.01889770
Episode  429 score:   65 steps: 1277 ai: 1133 random:  115 epsilon: 0.1000000 avg loss: 0.02003113
Episode  430 score:  110 steps: 1621 ai: 1443 random:  149 epsilon: 0.1000000 avg loss: 0.01884075
Episode  431 score:   85 steps: 1293 ai: 1144 random:  120 epsilon: 0.1000000 avg loss: 0.01866241
Episode  432 score:  400 steps: 2183 ai: 1944 random:  210 epsilon: 0.1000000 avg loss: 0.02041571
Episode  433 score:  360 steps: 2557 ai: 2272 random:  256 epsilon: 0.1000000 avg loss: 0.02220882
Episode  434 score:  350 steps: 2621 ai: 2336 random:  256 epsilon: 0.1000000 avg loss: 0.02220243
Episode  435 score:  120 steps: 2793 ai: 2518 random:  246 epsilon: 0.1000000 avg loss: 0.01893407
Episode  436 score:  600 steps: 4103 ai: 3628 random:  446 epsilon: 0.1000000 avg loss: 0.01940230
Episode  437 score:  140 steps: 2627 ai: 2337 random:  261 epsilon: 0.1000000 avg loss: 0.02151215
Episode  438 score:  305 steps: 4673 ai: 4187 random:  457 epsilon: 0.1000000 avg loss: 0.01982966
Episode  439 score:  260 steps: 2897 ai: 2562 random:  306 epsilon: 0.1000000 avg loss: 0.01920467
Episode  440 score:   75 steps: 1351 ai: 1190 random:  132 epsilon: 0.1000000 avg loss: 0.01798326
Episode  441 score:  400 steps: 2847 ai: 2522 random:  296 epsilon: 0.1000000 avg loss: 0.02074289
Episode  442 score:  415 steps: 3501 ai: 3120 random:  352 epsilon: 0.1000000 avg loss: 0.02033905
Episode  443 score:  185 steps: 2297 ai: 2045 random:  223 epsilon: 0.1000000 avg loss: 0.02148691
Episode  444 score:  155 steps: 2071 ai: 1870 random:  172 epsilon: 0.1000000 avg loss: 0.02144928
Episode  445 score:  110 steps: 1271 ai: 1118 random:  124 epsilon: 0.1000000 avg loss: 0.01887731
Episode  446 score:  535 steps: 3337 ai: 2997 random:  311 epsilon: 0.1000000 avg loss: 0.02068298
Episode  447 score:  185 steps: 2485 ai: 2190 random:  266 epsilon: 0.1000000 avg loss: 0.01992943
Episode  448 score:  290 steps: 2781 ai: 2471 random:  281 epsilon: 0.1000000 avg loss: 0.01932862
Episode  449 score:  380 steps: 2673 ai: 2375 random:  269 epsilon: 0.1000000 avg loss: 0.01704770
Episode  450 score:  380 steps: 3863 ai: 3455 random:  379 epsilon: 0.1000000 avg loss: 0.02130644
Episode  451 score:  325 steps: 3087 ai: 2750 random:  308 epsilon: 0.1000000 avg loss: 0.01977038
Episode  452 score:  185 steps: 2015 ai: 1766 random:  220 epsilon: 0.1000000 avg loss: 0.01733372
Episode  453 score:   90 steps: 1485 ai: 1316 random:  140 epsilon: 0.1000000 avg loss: 0.02085543
Episode  454 score:  120 steps: 1753 ai: 1547 random:  177 epsilon: 0.1000000 avg loss: 0.02172339
Episode  455 score:  245 steps: 2499 ai: 2237 random:  233 epsilon: 0.1000000 avg loss: 0.02117007
Episode  456 score:  135 steps: 2027 ai: 1809 random:  189 epsilon: 0.1000000 avg loss: 0.02296472
Episode  457 score:  325 steps: 2363 ai: 2094 random:  240 epsilon: 0.1000000 avg loss: 0.02039813
Episode  458 score:  240 steps: 2903 ai: 2568 random:  306 epsilon: 0.1000000 avg loss: 0.02242111
Episode  459 score:  115 steps: 2089 ai: 1859 random:  201 epsilon: 0.1000000 avg loss: 0.02054114
Episode  460 score:  115 steps: 2095 ai: 1850 random:  216 epsilon: 0.1000000 avg loss: 0.01930447
Episode  461 score:  140 steps: 1459 ai: 1301 random:  129 epsilon: 0.1000000 avg loss: 0.02352670
Episode  462 score:  440 steps: 3867 ai: 3443 random:  395 epsilon: 0.1000000 avg loss: 0.01935710
Episode  463 score:  145 steps: 1579 ai: 1397 random:  153 epsilon: 0.1000000 avg loss: 0.02215302
Episode  464 score:  165 steps: 1803 ai: 1607 random:  167 epsilon: 0.1000000 avg loss: 0.01834240
Episode  465 score:  160 steps: 2013 ai: 1799 random:  185 epsilon: 0.1000000 avg loss: 0.02097312
Episode  466 score:  185 steps: 2509 ai: 2254 random:  226 epsilon: 0.1000000 avg loss: 0.02103466
Episode  467 score:  420 steps: 3265 ai: 2902 random:  334 epsilon: 0.1000000 avg loss: 0.02024893
Episode  468 score:  220 steps: 3359 ai: 2998 random:  332 epsilon: 0.1000000 avg loss: 0.01885523
Episode  469 score:  120 steps: 1981 ai: 1757 random:  195 epsilon: 0.1000000 avg loss: 0.02055925
Episode  470 score:  120 steps: 2401 ai: 2121 random:  251 epsilon: 0.1000000 avg loss: 0.02254774
Episode  471 score:  345 steps: 3217 ai: 2880 random:  308 epsilon: 0.1000000 avg loss: 0.01958009
Episode  472 score:  200 steps: 2537 ai: 2256 random:  252 epsilon: 0.1000000 avg loss: 0.02166461
Episode  473 score:  295 steps: 3409 ai: 3042 random:  338 epsilon: 0.1000000 avg loss: 0.01922745
Episode  474 score:  345 steps: 3235 ai: 2896 random:  310 epsilon: 0.1000000 avg loss: 0.01909329
Episode  475 score:  125 steps: 2035 ai: 1811 random:  195 epsilon: 0.1000000 avg loss: 0.01898650
Episode  476 score:  110 steps: 2053 ai: 1819 random:  205 epsilon: 0.1000000 avg loss: 0.01935764
Episode  477 score:  150 steps: 1939 ai: 1727 random:  183 epsilon: 0.1000000 avg loss: 0.01991808
Episode  478 score:  460 steps: 4805 ai: 4315 random:  461 epsilon: 0.1000000 avg loss: 0.02030659
Episode  479 score:  205 steps: 2209 ai: 1962 random:  218 epsilon: 0.1000000 avg loss: 0.02032691
Episode  480 score:  125 steps: 2011 ai: 1802 random:  180 epsilon: 0.1000000 avg loss: 0.01935114
Episode  481 score:  140 steps: 2371 ai: 2107 random:  235 epsilon: 0.1000000 avg loss: 0.01687684
Episode  482 score:  165 steps: 3297 ai: 2932 random:  336 epsilon: 0.1000000 avg loss: 0.02045010
Episode  483 score:  130 steps: 2007 ai: 1779 random:  199 epsilon: 0.1000000 avg loss: 0.02065774
Episode  484 score:  160 steps: 2455 ai: 2167 random:  259 epsilon: 0.1000000 avg loss: 0.02303519
Episode  485 score:  115 steps: 1273 ai: 1113 random:  131 epsilon: 0.1000000 avg loss: 0.01897353
Episode  486 score:  135 steps: 2865 ai: 2555 random:  281 epsilon: 0.1000000 avg loss: 0.02082756
Episode  487 score:  150 steps: 1797 ai: 1590 random:  178 epsilon: 0.1000000 avg loss: 0.02031681
Episode  488 score:  230 steps: 3299 ai: 2936 random:  334 epsilon: 0.1000000 avg loss: 0.02146810
Episode  489 score:  520 steps: 4399 ai: 3941 random:  429 epsilon: 0.1000000 avg loss: 0.02046681
Episode  490 score:  110 steps: 1317 ai: 1172 random:  116 epsilon: 0.1000000 avg loss: 0.01862408
Episode  491 score:  445 steps: 2609 ai: 2333 random:  247 epsilon: 0.1000000 avg loss: 0.02003464
Episode  492 score:  215 steps: 3403 ai: 3051 random:  323 epsilon: 0.1000000 avg loss: 0.02014601
Episode  493 score:  475 steps: 2961 ai: 2664 random:  268 epsilon: 0.1000000 avg loss: 0.01897883
Episode  494 score:  110 steps: 2083 ai: 1823 random:  231 epsilon: 0.1000000 avg loss: 0.01940511
Episode  495 score:  105 steps: 1567 ai: 1391 random:  147 epsilon: 0.1000000 avg loss: 0.02090904
Episode  496 score:   60 steps: 1229 ai: 1077 random:  123 epsilon: 0.1000000 avg loss: 0.02039336
Episode  497 score:  235 steps: 4037 ai: 3610 random:  398 epsilon: 0.1000000 avg loss: 0.01921308
Episode  498 score:   90 steps: 1305 ai: 1167 random:  109 epsilon: 0.1000000 avg loss: 0.02071637
Episode  499 score:  385 steps: 4067 ai: 3658 random:  380 epsilon: 0.1000000 avg loss: 0.01929407
Episode  500 score:  355 steps: 3667 ai: 3280 random:  358 epsilon: 0.1000000 avg loss: 0.02077293
Episode  501 score:   85 steps: 1567 ai: 1396 random:  142 epsilon: 0.1000000 avg loss: 0.01825031
Episode  502 score:  110 steps: 1257 ai: 1098 random:  130 epsilon: 0.1000000 avg loss: 0.01770949
Episode  503 score:  365 steps: 2997 ai: 2686 random:  282 epsilon: 0.1000000 avg loss: 0.01890836
Episode  504 score:  375 steps: 2787 ai: 2478 random:  280 epsilon: 0.1000000 avg loss: 0.01787696
Episode  505 score:  290 steps: 3223 ai: 2880 random:  314 epsilon: 0.1000000 avg loss: 0.01849568
Episode  506 score:  330 steps: 2583 ai: 2277 random:  277 epsilon: 0.1000000 avg loss: 0.01987108
Episode  507 score:  390 steps: 2701 ai: 2373 random:  299 epsilon: 0.1000000 avg loss: 0.01918456
Episode  508 score:  260 steps: 4019 ai: 3644 random:  346 epsilon: 0.1000000 avg loss: 0.01930370
Episode  509 score:   80 steps: 1167 ai: 1017 random:  121 epsilon: 0.1000000 avg loss: 0.01844582
Episode  510 score:   80 steps: 1377 ai: 1210 random:  138 epsilon: 0.1000000 avg loss: 0.02132238
Episode  511 score:   80 steps: 1209 ai: 1062 random:  118 epsilon: 0.1000000 avg loss: 0.01873767
Episode  512 score:  140 steps: 2207 ai: 1957 random:  221 epsilon: 0.1000000 avg loss: 0.02248909
Episode  513 score:  155 steps: 2201 ai: 1956 random:  216 epsilon: 0.1000000 avg loss: 0.02068202
Episode  514 score:  540 steps: 3315 ai: 2956 random:  330 epsilon: 0.1000000 avg loss: 0.02118518
Episode  515 score:  200 steps: 2541 ai: 2278 random:  234 epsilon: 0.1000000 avg loss: 0.02057064
Episode  516 score:  110 steps: 2067 ai: 1842 random:  196 epsilon: 0.1000000 avg loss: 0.01849690
Episode  517 score:  235 steps: 3473 ai: 3092 random:  352 epsilon: 0.1000000 avg loss: 0.02183892
Episode  518 score:   80 steps: 1207 ai: 1066 random:  112 epsilon: 0.1000000 avg loss: 0.01812360
Episode  519 score:  115 steps: 2083 ai: 1849 random:  205 epsilon: 0.1000000 avg loss: 0.02010999
Episode  520 score:  120 steps: 1985 ai: 1749 random:  207 epsilon: 0.1000000 avg loss: 0.02014108
Episode  521 score:  330 steps: 2389 ai: 2110 random:  250 epsilon: 0.1000000 avg loss: 0.02071266
Episode  522 score:   85 steps: 1121 ai:  991 random:  101 epsilon: 0.1000000 avg loss: 0.01851290
Episode  523 score:  390 steps: 3219 ai: 2867 random:  323 epsilon: 0.1000000 avg loss: 0.02119173
Episode  524 score:  150 steps: 2065 ai: 1820 random:  216 epsilon: 0.1000000 avg loss: 0.02088511
Episode  525 score:  335 steps: 2751 ai: 2452 random:  270 epsilon: 0.1000000 avg loss: 0.02198828
Episode  526 score:  345 steps: 2407 ai: 2118 random:  260 epsilon: 0.1000000 avg loss: 0.02197893
Episode  527 score:  150 steps: 2887 ai: 2577 random:  281 epsilon: 0.1000000 avg loss: 0.02064384
Episode  528 score:  170 steps: 2013 ai: 1783 random:  201 epsilon: 0.1000000 avg loss: 0.01989112
Episode  529 score:  150 steps: 2359 ai: 2106 random:  224 epsilon: 0.1000000 avg loss: 0.02140262
Episode  530 score:  185 steps: 2275 ai: 2030 random:  216 epsilon: 0.1000000 avg loss: 0.01970025
Episode  531 score:  140 steps: 2195 ai: 1971 random:  195 epsilon: 0.1000000 avg loss: 0.01842766
Episode  532 score:  165 steps: 1787 ai: 1568 random:  190 epsilon: 0.1000000 avg loss: 0.01992644
Episode  533 score:  270 steps: 3039 ai: 2732 random:  278 epsilon: 0.1000000 avg loss: 0.02076598
Episode  534 score:  620 steps: 3567 ai: 3178 random:  360 epsilon: 0.1000000 avg loss: 0.01996375
Episode  535 score:  775 steps: 5061 ai: 4554 random:  478 epsilon: 0.1000000 avg loss: 0.02163360
Episode  536 score:  280 steps: 4491 ai: 4039 random:  423 epsilon: 0.1000000 avg loss: 0.01973830
Episode  537 score:  160 steps: 2741 ai: 2440 random:  272 epsilon: 0.1000000 avg loss: 0.01884338
Episode  538 score:  425 steps: 5091 ai: 4531 random:  531 epsilon: 0.1000000 avg loss: 0.01983520
Episode  539 score:  175 steps: 2473 ai: 2222 random:  222 epsilon: 0.1000000 avg loss: 0.02068176
Episode  540 score:  450 steps: 3311 ai: 2950 random:  332 epsilon: 0.1000000 avg loss: 0.02214342
Episode  541 score:  355 steps: 3793 ai: 3400 random:  364 epsilon: 0.1000000 avg loss: 0.01895816
Episode  542 score:  380 steps: 4101 ai: 3645 random:  427 epsilon: 0.1000000 avg loss: 0.02002840
Episode  543 score:  110 steps: 1291 ai: 1133 random:  129 epsilon: 0.1000000 avg loss: 0.01907214
Episode  544 score:  120 steps: 1925 ai: 1682 random:  214 epsilon: 0.1000000 avg loss: 0.01820400
Episode  545 score:  110 steps: 1323 ai: 1179 random:  115 epsilon: 0.1000000 avg loss: 0.01660382
Episode  546 score:  150 steps: 2559 ai: 2293 random:  237 epsilon: 0.1000000 avg loss: 0.02043601
Episode  547 score:  170 steps: 2623 ai: 2339 random:  255 epsilon: 0.1000000 avg loss: 0.02026057
Episode  548 score:  170 steps: 2011 ai: 1776 random:  206 epsilon: 0.1000000 avg loss: 0.01838793
Episode  549 score:  345 steps: 2993 ai: 2648 random:  316 epsilon: 0.1000000 avg loss: 0.02058542
Episode  550 score:  205 steps: 2717 ai: 2415 random:  273 epsilon: 0.1000000 avg loss: 0.02157178
Episode  551 score:  130 steps: 1661 ai: 1475 random:  157 epsilon: 0.1000000 avg loss: 0.02048256
Episode  552 score:  230 steps: 2381 ai: 2115 random:  237 epsilon: 0.1000000 avg loss: 0.01796275
Episode  553 score:   90 steps: 1657 ai: 1471 random:  157 epsilon: 0.1000000 avg loss: 0.01854912
Episode  554 score:  135 steps: 2591 ai: 2336 random:  226 epsilon: 0.1000000 avg loss: 0.02086818
Episode  555 score:  145 steps: 1767 ai: 1570 random:  168 epsilon: 0.1000000 avg loss: 0.01999017
Episode  556 score:  130 steps: 2053 ai: 1820 random:  204 epsilon: 0.1000000 avg loss: 0.01914850
Episode  557 score:  230 steps: 3557 ai: 3183 random:  345 epsilon: 0.1000000 avg loss: 0.01888714
Episode  558 score:  100 steps: 1739 ai: 1549 random:  161 epsilon: 0.1000000 avg loss: 0.02034156
Episode  559 score:  175 steps: 1815 ai: 1600 random:  186 epsilon: 0.1000000 avg loss: 0.01808783
Episode  560 score:  220 steps: 3355 ai: 3004 random:  322 epsilon: 0.1000000 avg loss: 0.01873648
Episode  561 score:  110 steps: 2015 ai: 1785 random:  201 epsilon: 0.1000000 avg loss: 0.01997191
Episode  562 score:  385 steps: 3067 ai: 2732 random:  306 epsilon: 0.1000000 avg loss: 0.02004973
Episode  563 score:  390 steps: 2583 ai: 2315 random:  239 epsilon: 0.1000000 avg loss: 0.02113862
Episode  564 score:  270 steps: 3235 ai: 2896 random:  310 epsilon: 0.1000000 avg loss: 0.01907637
Episode  565 score:  195 steps: 2071 ai: 1820 random:  222 epsilon: 0.1000000 avg loss: 0.02005647
Episode  566 score:  105 steps: 1183 ai: 1036 random:  118 epsilon: 0.1000000 avg loss: 0.01982934
Episode  567 score:  120 steps: 1439 ai: 1276 random:  134 epsilon: 0.1000000 avg loss: 0.02190673
Episode  568 score:   80 steps: 1205 ai: 1057 random:  119 epsilon: 0.1000000 avg loss: 0.02124900
Episode  569 score:  280 steps: 3967 ai: 3534 random:  404 epsilon: 0.1000000 avg loss: 0.02096037
Episode  570 score:  110 steps: 2091 ai: 1878 random:  184 epsilon: 0.1000000 avg loss: 0.01939115
Episode  571 score:  145 steps: 2031 ai: 1822 random:  180 epsilon: 0.1000000 avg loss: 0.02006919
Episode  572 score:  505 steps: 2819 ai: 2496 random:  294 epsilon: 0.1000000 avg loss: 0.01946675
Episode  573 score:  145 steps: 1205 ai: 1061 random:  115 epsilon: 0.1000000 avg loss: 0.01839785
Episode  574 score:  435 steps: 3859 ai: 3423 random:  407 epsilon: 0.1000000 avg loss: 0.02096471
Episode  575 score:  650 steps: 3309 ai: 2987 random:  293 epsilon: 0.1000000 avg loss: 0.02284099
Episode  576 score:  345 steps: 4247 ai: 3774 random:  444 epsilon: 0.1000000 avg loss: 0.02063398
Episode  577 score:  125 steps: 1385 ai: 1226 random:  130 epsilon: 0.1000000 avg loss: 0.02053678
Episode  578 score:  230 steps: 3389 ai: 3015 random:  345 epsilon: 0.1000000 avg loss: 0.02063023
Episode  579 score:  415 steps: 3385 ai: 3028 random:  328 epsilon: 0.1000000 avg loss: 0.01942868
Episode  580 score:  145 steps: 2089 ai: 1850 random:  210 epsilon: 0.1000000 avg loss: 0.02160247
Episode  581 score:  135 steps: 2067 ai: 1843 random:  195 epsilon: 0.1000000 avg loss: 0.02207657
Episode  582 score:  135 steps: 2171 ai: 1941 random:  201 epsilon: 0.1000000 avg loss: 0.02234564
Episode  583 score:  160 steps: 2483 ai: 2230 random:  224 epsilon: 0.1000000 avg loss: 0.01942165
Episode  584 score:  270 steps: 3257 ai: 2931 random:  297 epsilon: 0.1000000 avg loss: 0.02239087
Episode  585 score:  175 steps: 2237 ai: 2018 random:  190 epsilon: 0.1000000 avg loss: 0.02102865
Episode  586 score:  365 steps: 3563 ai: 3186 random:  348 epsilon: 0.1000000 avg loss: 0.02043647
Episode  587 score:  115 steps: 1165 ai: 1020 random:  116 epsilon: 0.1000000 avg loss: 0.02358240
Episode  588 score:  495 steps: 3787 ai: 3373 random:  385 epsilon: 0.1000000 avg loss: 0.01977442
Episode  589 score:  155 steps: 2361 ai: 2104 random:  228 epsilon: 0.1000000 avg loss: 0.01945978
Episode  590 score:  150 steps: 2405 ai: 2168 random:  208 epsilon: 0.1000000 avg loss: 0.02049846
Episode  591 score:   85 steps: 1153 ai: 1019 random:  105 epsilon: 0.1000000 avg loss: 0.02173522
Episode  592 score:  125 steps: 2383 ai: 2131 random:  223 epsilon: 0.1000000 avg loss: 0.02029396
Episode  593 score:  510 steps: 4075 ai: 3593 random:  453 epsilon: 0.1000000 avg loss: 0.02112016
Episode  594 score:  440 steps: 3405 ai: 3041 random:  335 epsilon: 0.1000000 avg loss: 0.01894234
Episode  595 score:  195 steps: 2625 ai: 2329 random:  267 epsilon: 0.1000000 avg loss: 0.02318683
Episode  596 score:  145 steps: 2583 ai: 2299 random:  255 epsilon: 0.1000000 avg loss: 0.02172421
Episode  597 score:  160 steps: 2581 ai: 2306 random:  246 epsilon: 0.1000000 avg loss: 0.02092005
Episode  598 score:  130 steps: 2069 ai: 1846 random:  194 epsilon: 0.1000000 avg loss: 0.02074800
Episode  599 score:   80 steps: 1203 ai: 1043 random:  131 epsilon: 0.1000000 avg loss: 0.02135117
Episode  600 score:  120 steps: 2025 ai: 1761 random:  235 epsilon: 0.1000000 avg loss: 0.01952724
Episode  601 score:  125 steps: 2783 ai: 2480 random:  274 epsilon: 0.1000000 avg loss: 0.02046284
Episode  602 score:  110 steps: 1235 ai: 1082 random:  124 epsilon: 0.1000000 avg loss: 0.02073641
Episode  603 score:  140 steps: 1631 ai: 1442 random:  160 epsilon: 0.1000000 avg loss: 0.01984391
Episode  604 score:  105 steps: 1565 ai: 1402 random:  134 epsilon: 0.1000000 avg loss: 0.02095380
Episode  605 score:  230 steps: 2615 ai: 2309 random:  277 epsilon: 0.1000000 avg loss: 0.02109654
Episode  606 score:  255 steps: 2591 ai: 2306 random:  256 epsilon: 0.1000000 avg loss: 0.02188395
Episode  607 score:  310 steps: 2049 ai: 1811 random:  209 epsilon: 0.1000000 avg loss: 0.02298756
Episode  608 score:  145 steps: 1583 ai: 1376 random:  178 epsilon: 0.1000000 avg loss: 0.01939250
Episode  609 score:  155 steps: 2183 ai: 1938 random:  216 epsilon: 0.1000000 avg loss: 0.02217211
Episode  610 score:  135 steps: 2381 ai: 2099 random:  253 epsilon: 0.1000000 avg loss: 0.02152177
Episode  611 score:  295 steps: 2913 ai: 2582 random:  302 epsilon: 0.1000000 avg loss: 0.02089079
Episode  612 score:  415 steps: 2779 ai: 2486 random:  264 epsilon: 0.1000000 avg loss: 0.02199012
Episode  613 score:  155 steps: 2859 ai: 2551 random:  279 epsilon: 0.1000000 avg loss: 0.02115637
Episode  614 score:  135 steps: 2209 ai: 1959 random:  221 epsilon: 0.1000000 avg loss: 0.01800766
Episode  615 score:  440 steps: 3389 ai: 3020 random:  340 epsilon: 0.1000000 avg loss: 0.02064947
Episode  616 score:  150 steps: 1949 ai: 1756 random:  164 epsilon: 0.1000000 avg loss: 0.02134631
Episode  617 score:  195 steps: 2661 ai: 2376 random:  256 epsilon: 0.1000000 avg loss: 0.02026093
Episode  618 score:  420 steps: 3479 ai: 3112 random:  338 epsilon: 0.1000000 avg loss: 0.02060758
Episode  619 score:  345 steps: 3573 ai: 3204 random:  340 epsilon: 0.1000000 avg loss: 0.02030333
Episode  620 score:  170 steps: 2651 ai: 2366 random:  256 epsilon: 0.1000000 avg loss: 0.02146482
Episode  621 score:  520 steps: 4711 ai: 4190 random:  492 epsilon: 0.1000000 avg loss: 0.02074337
Episode  622 score:  430 steps: 3881 ai: 3471 random:  381 epsilon: 0.1000000 avg loss: 0.02044191
Episode  623 score:  155 steps: 2045 ai: 1825 random:  191 epsilon: 0.1000000 avg loss: 0.01925915
Episode  624 score:  350 steps: 2381 ai: 2132 random:  220 epsilon: 0.1000000 avg loss: 0.02136731
Episode  625 score:  160 steps: 2535 ai: 2229 random:  277 epsilon: 0.1000000 avg loss: 0.02009890
Episode  626 score:  125 steps: 1603 ai: 1398 random:  176 epsilon: 0.1000000 avg loss: 0.01953518
Episode  627 score:   80 steps: 1119 ai:  988 random:  102 epsilon: 0.1000000 avg loss: 0.02341970
Episode  628 score:  495 steps: 4341 ai: 3838 random:  474 epsilon: 0.1000000 avg loss: 0.02146349
Episode  629 score:  530 steps: 3169 ai: 2847 random:  293 epsilon: 0.1000000 avg loss: 0.02029903
Episode  630 score:  110 steps: 1943 ai: 1718 random:  196 epsilon: 0.1000000 avg loss: 0.02149552
Episode  631 score:  430 steps: 3021 ai: 2675 random:  317 epsilon: 0.1000000 avg loss: 0.01897813
Episode  632 score:  170 steps: 2003 ai: 1751 random:  223 epsilon: 0.1000000 avg loss: 0.02020101
Episode  633 score:  125 steps: 1779 ai: 1572 random:  178 epsilon: 0.1000000 avg loss: 0.02113831
Episode  634 score:  150 steps: 2521 ai: 2244 random:  248 epsilon: 0.1000000 avg loss: 0.02045621
Episode  635 score:  455 steps: 3353 ai: 2999 random:  325 epsilon: 0.1000000 avg loss: 0.02014338
Episode  636 score:  310 steps: 2055 ai: 1803 random:  223 epsilon: 0.1000000 avg loss: 0.02043906
Episode  637 score:  235 steps: 2693 ai: 2420 random:  244 epsilon: 0.1000000 avg loss: 0.02105575
Episode  638 score:  395 steps: 2581 ai: 2300 random:  252 epsilon: 0.1000000 avg loss: 0.01970036
Episode  639 score:  115 steps: 2023 ai: 1785 random:  209 epsilon: 0.1000000 avg loss: 0.01865553
Episode  640 score:  230 steps: 4043 ai: 3632 random:  382 epsilon: 0.1000000 avg loss: 0.02037883
Episode  641 score:  115 steps: 2021 ai: 1792 random:  200 epsilon: 0.1000000 avg loss: 0.01999434
Episode  642 score:  175 steps: 2407 ai: 2103 random:  275 epsilon: 0.1000000 avg loss: 0.02158695
Episode  643 score:  110 steps: 1237 ai: 1090 random:  118 epsilon: 0.1000000 avg loss: 0.02078771
Episode  644 score:  150 steps: 2585 ai: 2294 random:  262 epsilon: 0.1000000 avg loss: 0.01851505
Episode  645 score:  200 steps: 2709 ai: 2429 random:  251 epsilon: 0.1000000 avg loss: 0.02219459
Episode  646 score:  110 steps: 1325 ai: 1164 random:  132 epsilon: 0.1000000 avg loss: 0.01970434
Episode  647 score:  165 steps: 2909 ai: 2591 random:  289 epsilon: 0.1000000 avg loss: 0.02006522
Episode  648 score:  160 steps: 2339 ai: 2061 random:  249 epsilon: 0.1000000 avg loss: 0.01998515
Episode  649 score:  310 steps: 2975 ai: 2651 random:  295 epsilon: 0.1000000 avg loss: 0.01921162
Episode  650 score:  155 steps: 1577 ai: 1396 random:  152 epsilon: 0.1000000 avg loss: 0.02098373
Episode  651 score:  245 steps: 2949 ai: 2656 random:  264 epsilon: 0.1000000 avg loss: 0.02071818
Episode  652 score:  195 steps: 3359 ai: 3023 random:  307 epsilon: 0.1000000 avg loss: 0.01872419
Episode  653 score:  240 steps: 2529 ai: 2239 random:  261 epsilon: 0.1000000 avg loss: 0.01852604
Episode  654 score:  180 steps: 2401 ai: 2143 random:  229 epsilon: 0.1000000 avg loss: 0.01866363
Episode  655 score:  365 steps: 3687 ai: 3295 random:  363 epsilon: 0.1000000 avg loss: 0.02057257
Episode  656 score:  135 steps: 2613 ai: 2336 random:  248 epsilon: 0.1000000 avg loss: 0.01995593
Episode  657 score:  160 steps: 1999 ai: 1742 random:  228 epsilon: 0.1000000 avg loss: 0.02066228
Episode  658 score:  310 steps: 3485 ai: 3120 random:  336 epsilon: 0.1000000 avg loss: 0.01985242
Episode  659 score:  375 steps: 2189 ai: 1945 random:  215 epsilon: 0.1000000 avg loss: 0.01883675
Episode  660 score:  230 steps: 4007 ai: 3589 random:  389 epsilon: 0.1000000 avg loss: 0.01874745
Episode  661 score:  105 steps: 1375 ai: 1219 random:  127 epsilon: 0.1000000 avg loss: 0.01793680
Episode  662 score:  125 steps: 1997 ai: 1777 random:  191 epsilon: 0.1000000 avg loss: 0.02132891
Episode  663 score:  140 steps: 1983 ai: 1769 random:  185 epsilon: 0.1000000 avg loss: 0.02015487
Episode  664 score:  345 steps: 2991 ai: 2645 random:  317 epsilon: 0.1000000 avg loss: 0.02123868
Episode  665 score:  235 steps: 3425 ai: 3058 random:  338 epsilon: 0.1000000 avg loss: 0.02094711
Episode  666 score:  110 steps: 1257 ai: 1110 random:  118 epsilon: 0.1000000 avg loss: 0.02191656
Episode  667 score:  510 steps: 2943 ai: 2634 random:  280 epsilon: 0.1000000 avg loss: 0.01954996
Episode  668 score:  165 steps: 2373 ai: 2130 random:  214 epsilon: 0.1000000 avg loss: 0.02248036
Episode  669 score:  575 steps: 4247 ai: 3833 random:  385 epsilon: 0.1000000 avg loss: 0.02171200
Episode  670 score:  335 steps: 3017 ai: 2688 random:  300 epsilon: 0.1000000 avg loss: 0.02183949
Episode  671 score:  105 steps: 1069 ai:  936 random:  104 epsilon: 0.1000000 avg loss: 0.02152094
Episode  672 score:  195 steps: 2683 ai: 2405 random:  249 epsilon: 0.1000000 avg loss: 0.01829716
Episode  673 score:  110 steps: 2021 ai: 1805 random:  187 epsilon: 0.1000000 avg loss: 0.01854618
Episode  674 score:  365 steps: 2985 ai: 2665 random:  291 epsilon: 0.1000000 avg loss: 0.02005673
Episode  675 score:  230 steps: 3211 ai: 2860 random:  322 epsilon: 0.1000000 avg loss: 0.01956566
Episode  676 score:  255 steps: 3033 ai: 2715 random:  289 epsilon: 0.1000000 avg loss: 0.01839922
Episode  677 score:  330 steps: 3337 ai: 2942 random:  366 epsilon: 0.1000000 avg loss: 0.01972877
Episode  678 score:  140 steps: 2027 ai: 1818 random:  180 epsilon: 0.1000000 avg loss: 0.02006238
Episode  679 score:  170 steps: 2547 ai: 2243 random:  275 epsilon: 0.1000000 avg loss: 0.01989636
Episode  680 score:  260 steps: 3027 ai: 2680 random:  318 epsilon: 0.1000000 avg loss: 0.02099426
Episode  681 score:  350 steps: 2107 ai: 1888 random:  190 epsilon: 0.1000000 avg loss: 0.02101860
Episode  682 score:  110 steps: 2049 ai: 1810 random:  210 epsilon: 0.1000000 avg loss: 0.01874419
Episode  683 score:  175 steps: 2517 ai: 2244 random:  244 epsilon: 0.1000000 avg loss: 0.01943600
Episode  684 score:  120 steps: 1571 ai: 1386 random:  156 epsilon: 0.1000000 avg loss: 0.02102053
Episode  685 score:  195 steps: 3135 ai: 2790 random:  316 epsilon: 0.1000000 avg loss: 0.02066227
Episode  686 score:  160 steps: 2385 ai: 2119 random:  237 epsilon: 0.1000000 avg loss: 0.02145626
Episode  687 score:  260 steps: 3549 ai: 3189 random:  331 epsilon: 0.1000000 avg loss: 0.02134490
Episode  688 score:  105 steps: 2327 ai: 2062 random:  236 epsilon: 0.1000000 avg loss: 0.02046050
Episode  689 score:  295 steps: 3633 ai: 3266 random:  338 epsilon: 0.1000000 avg loss: 0.02058574
Episode  690 score:   95 steps: 1735 ai: 1525 random:  181 epsilon: 0.1000000 avg loss: 0.01791899
Episode  691 score:  125 steps: 1279 ai: 1135 random:  115 epsilon: 0.1000000 avg loss: 0.02140402
Episode  692 score:  460 steps: 3745 ai: 3369 random:  347 epsilon: 0.1000000 avg loss: 0.02310334
Episode  693 score:  150 steps: 1755 ai: 1545 random:  181 epsilon: 0.1000000 avg loss: 0.02197586
Episode  694 score:  170 steps: 2113 ai: 1871 random:  213 epsilon: 0.1000000 avg loss: 0.02264295
Episode  695 score:  125 steps: 1241 ai: 1091 random:  121 epsilon: 0.1000000 avg loss: 0.01885687
Episode  696 score:  265 steps: 2489 ai: 2211 random:  249 epsilon: 0.1000000 avg loss: 0.01976053
Episode  697 score:  110 steps: 1345 ai: 1175 random:  141 epsilon: 0.1000000 avg loss: 0.01975571
Episode  698 score:   95 steps: 1743 ai: 1552 random:  162 epsilon: 0.1000000 avg loss: 0.02315669
Episode  699 score:   80 steps: 1203 ai: 1037 random:  137 epsilon: 0.1000000 avg loss: 0.01994319
Episode  700 score:  400 steps: 3295 ai: 2939 random:  327 epsilon: 0.1000000 avg loss: 0.02154361
Episode  701 score:  180 steps: 2087 ai: 1860 random:  198 epsilon: 0.1000000 avg loss: 0.01929445
Episode  702 score:  410 steps: 2941 ai: 2642 random:  270 epsilon: 0.1000000 avg loss: 0.02004251
Episode  703 score:  115 steps: 2259 ai: 2010 random:  220 epsilon: 0.1000000 avg loss: 0.02310564
Episode  704 score:  140 steps: 2021 ai: 1805 random:  187 epsilon: 0.1000000 avg loss: 0.02188480
Episode  705 score:   80 steps: 1209 ai: 1085 random:   95 epsilon: 0.1000000 avg loss: 0.02369938
Episode  706 score:  220 steps: 2939 ai: 2620 random:  290 epsilon: 0.1000000 avg loss: 0.02213137
Episode  707 score:  195 steps: 2435 ai: 2175 random:  231 epsilon: 0.1000000 avg loss: 0.02250413
Episode  708 score:  180 steps: 2059 ai: 1843 random:  187 epsilon: 0.1000000 avg loss: 0.02069924
Episode  709 score:  205 steps: 2489 ai: 2230 random:  230 epsilon: 0.1000000 avg loss: 0.01864758
Episode  710 score:  205 steps: 2773 ai: 2460 random:  284 epsilon: 0.1000000 avg loss: 0.02291760
Episode  711 score:  110 steps: 1263 ai: 1107 random:  127 epsilon: 0.1000000 avg loss: 0.02234115
Episode  712 score:  410 steps: 3547 ai: 3167 random:  351 epsilon: 0.1000000 avg loss: 0.02156179
Episode  713 score:  230 steps: 2645 ai: 2376 random:  240 epsilon: 0.1000000 avg loss: 0.01969699
Episode  714 score:  255 steps: 3271 ai: 2945 random:  297 epsilon: 0.1000000 avg loss: 0.01931764
Episode  715 score:  540 steps: 3427 ai: 3065 random:  333 epsilon: 0.1000000 avg loss: 0.02096303
Episode  716 score:  235 steps: 1949 ai: 1711 random:  209 epsilon: 0.1000000 avg loss: 0.01771667
Episode  717 score:  125 steps: 1329 ai: 1154 random:  146 epsilon: 0.1000000 avg loss: 0.01779474
Episode  718 score:  115 steps: 1995 ai: 1753 random:  213 epsilon: 0.1000000 avg loss: 0.02017972
Episode  719 score:  630 steps: 3907 ai: 3510 random:  368 epsilon: 0.1000000 avg loss: 0.01957286
Episode  720 score:  120 steps: 2015 ai: 1788 random:  198 epsilon: 0.1000000 avg loss: 0.01941115
Episode  721 score:  610 steps: 4511 ai: 4054 random:  428 epsilon: 0.1000000 avg loss: 0.01984433
Episode  722 score:  110 steps: 1251 ai: 1109 random:  113 epsilon: 0.1000000 avg loss: 0.01960284
Episode  723 score:  130 steps: 1823 ai: 1613 random:  181 epsilon: 0.1000000 avg loss: 0.02061406
Episode  724 score:  150 steps: 2615 ai: 2320 random:  266 epsilon: 0.1000000 avg loss: 0.02097051
Episode  725 score:  315 steps: 2677 ai: 2374 random:  274 epsilon: 0.1000000 avg loss: 0.01917848
Episode  726 score:  245 steps: 3333 ai: 2962 random:  342 epsilon: 0.1000000 avg loss: 0.02085878
Episode  727 score:  475 steps: 3045 ai: 2685 random:  331 epsilon: 0.1000000 avg loss: 0.02115001
Episode  728 score:   80 steps: 1167 ai: 1020 random:  118 epsilon: 0.1000000 avg loss: 0.02185308
Episode  729 score:  160 steps: 2505 ai: 2237 random:  239 epsilon: 0.1000000 avg loss: 0.02236263
Episode  730 score:  245 steps: 4123 ai: 3686 random:  408 epsilon: 0.1000000 avg loss: 0.02186262
Episode  731 score:  295 steps: 3917 ai: 3496 random:  392 epsilon: 0.1000000 avg loss: 0.02047384
Episode  732 score:  105 steps: 1305 ai: 1138 random:  138 epsilon: 0.1000000 avg loss: 0.02199272
Episode  733 score:  210 steps: 2685 ai: 2386 random:  270 epsilon: 0.1000000 avg loss: 0.02312031
Episode  734 score:   85 steps: 1175 ai: 1027 random:  119 epsilon: 0.1000000 avg loss: 0.01901082
Episode  735 score:  215 steps: 3347 ai: 2962 random:  356 epsilon: 0.1000000 avg loss: 0.02004910
Episode  736 score:  170 steps: 2649 ai: 2355 random:  265 epsilon: 0.1000000 avg loss: 0.02063039
Episode  737 score:  230 steps: 2411 ai: 2143 random:  239 epsilon: 0.1000000 avg loss: 0.02002932
Episode  738 score:   90 steps: 1569 ai: 1382 random:  158 epsilon: 0.1000000 avg loss: 0.01982232
Episode  739 score:  320 steps: 3839 ai: 3461 random:  349 epsilon: 0.1000000 avg loss: 0.02024864
Episode  740 score:  115 steps: 2027 ai: 1791 random:  207 epsilon: 0.1000000 avg loss: 0.01804256
Episode  741 score:  260 steps: 2633 ai: 2346 random:  258 epsilon: 0.1000000 avg loss: 0.01935078
Episode  742 score:  230 steps: 3269 ai: 2913 random:  327 epsilon: 0.1000000 avg loss: 0.02224083
Episode  743 score:  110 steps: 1205 ai: 1053 random:  123 epsilon: 0.1000000 avg loss: 0.02015271
Episode  744 score:  195 steps: 2963 ai: 2640 random:  294 epsilon: 0.1000000 avg loss: 0.02113459
Episode  745 score:  150 steps: 1353 ai: 1191 random:  133 epsilon: 0.1000000 avg loss: 0.02053661
Episode  746 score:  290 steps: 2957 ai: 2614 random:  314 epsilon: 0.1000000 avg loss: 0.01947710
Episode  747 score:  120 steps: 2013 ai: 1784 random:  200 epsilon: 0.1000000 avg loss: 0.01971362
Episode  748 score:   85 steps: 1809 ai: 1591 random:  189 epsilon: 0.1000000 avg loss: 0.01816507
Episode  749 score:  150 steps: 2067 ai: 1857 random:  181 epsilon: 0.1000000 avg loss: 0.02040003
Episode  750 score:  320 steps: 3223 ai: 2866 random:  328 epsilon: 0.1000000 avg loss: 0.02128839
Episode  751 score:  245 steps: 2431 ai: 2145 random:  257 epsilon: 0.1000000 avg loss: 0.02208129
Episode  752 score:  335 steps: 2979 ai: 2647 random:  303 epsilon: 0.1000000 avg loss: 0.01919721
Episode  753 score:  210 steps: 2393 ai: 2133 random:  231 epsilon: 0.1000000 avg loss: 0.01987872
Episode  754 score:  125 steps: 2039 ai: 1786 random:  224 epsilon: 0.1000000 avg loss: 0.02231970
Episode  755 score:  170 steps: 2351 ai: 2095 random:  227 epsilon: 0.1000000 avg loss: 0.01916455
Episode  756 score:  420 steps: 3459 ai: 3115 random:  315 epsilon: 0.1000000 avg loss: 0.02154951
Episode  757 score:  235 steps: 3419 ai: 3060 random:  330 epsilon: 0.1000000 avg loss: 0.02056500
Episode  758 score:  115 steps: 2423 ai: 2149 random:  245 epsilon: 0.1000000 avg loss: 0.02116940
Episode  759 score:  190 steps: 2451 ai: 2176 random:  246 epsilon: 0.1000000 avg loss: 0.01920420
Episode  760 score:  280 steps: 2677 ai: 2380 random:  268 epsilon: 0.1000000 avg loss: 0.02099403
Episode  761 score:  505 steps: 3277 ai: 2936 random:  312 epsilon: 0.1000000 avg loss: 0.01835729
Episode  762 score:   80 steps: 1203 ai: 1060 random:  114 epsilon: 0.1000000 avg loss: 0.02141932
Episode  763 score:  415 steps: 3305 ai: 2942 random:  334 epsilon: 0.1000000 avg loss: 0.02043451
Episode  764 score:   75 steps: 1209 ai: 1073 random:  107 epsilon: 0.1000000 avg loss: 0.01832541
Episode  765 score:  185 steps: 3161 ai: 2813 random:  319 epsilon: 0.1000000 avg loss: 0.01957590
Episode  766 score:  345 steps: 2347 ai: 2092 random:  226 epsilon: 0.1000000 avg loss: 0.02078549
Episode  767 score:  125 steps: 2059 ai: 1832 random:  198 epsilon: 0.1000000 avg loss: 0.02015231
Episode  768 score:  255 steps: 3093 ai: 2782 random:  282 epsilon: 0.1000000 avg loss: 0.02118553
Episode  769 score:  180 steps: 2487 ai: 2211 random:  247 epsilon: 0.1000000 avg loss: 0.02116262
Episode  770 score:  110 steps: 2101 ai: 1851 random:  221 epsilon: 0.1000000 avg loss: 0.01889472
Episode  771 score:  175 steps: 2457 ai: 2179 random:  249 epsilon: 0.1000000 avg loss: 0.01978279
Episode  772 score:  360 steps: 2597 ai: 2328 random:  240 epsilon: 0.1000000 avg loss: 0.01882177
Episode  773 score:   95 steps: 1741 ai: 1557 random:  155 epsilon: 0.1000000 avg loss: 0.02083206
Episode  774 score:   80 steps: 1217 ai: 1075 random:  113 epsilon: 0.1000000 avg loss: 0.02021700
Episode  775 score:  185 steps: 1981 ai: 1752 random:  200 epsilon: 0.1000000 avg loss: 0.02095064
Episode  776 score:  110 steps: 1989 ai: 1789 random:  171 epsilon: 0.1000000 avg loss: 0.02011762
Episode  777 score:  210 steps: 2559 ai: 2258 random:  272 epsilon: 0.1000000 avg loss: 0.02015655
Episode  778 score:  200 steps: 2489 ai: 2221 random:  239 epsilon: 0.1000000 avg loss: 0.02066437
Episode  779 score:  250 steps: 3443 ai: 3091 random:  323 epsilon: 0.1000000 avg loss: 0.02089734
Episode  780 score:  140 steps: 2543 ai: 2277 random:  237 epsilon: 0.1000000 avg loss: 0.01998819
Episode  781 score:  125 steps: 2443 ai: 2160 random:  254 epsilon: 0.1000000 avg loss: 0.02142157
Episode  782 score:  385 steps: 3497 ai: 3134 random:  334 epsilon: 0.1000000 avg loss: 0.02167787
Episode  783 score:  150 steps: 2637 ai: 2354 random:  254 epsilon: 0.1000000 avg loss: 0.02036391
Episode  784 score:  195 steps: 2551 ai: 2261 random:  261 epsilon: 0.1000000 avg loss: 0.02230482
Episode  785 score:  585 steps: 3591 ai: 3206 random:  356 epsilon: 0.1000000 avg loss: 0.02244364
Episode  786 score:  210 steps: 2501 ai: 2255 random:  217 epsilon: 0.1000000 avg loss: 0.02019413
Episode  787 score:  210 steps: 1995 ai: 1800 random:  166 epsilon: 0.1000000 avg loss: 0.02168396
Episode  788 score:  135 steps: 1959 ai: 1751 random:  179 epsilon: 0.1000000 avg loss: 0.02197847
Episode  789 score:  145 steps: 2089 ai: 1848 random:  212 epsilon: 0.1000000 avg loss: 0.02026099
Episode  790 score:   80 steps: 1207 ai: 1049 random:  129 epsilon: 0.1000000 avg loss: 0.02239805
Episode  791 score:   80 steps: 1209 ai: 1055 random:  125 epsilon: 0.1000000 avg loss: 0.02070984
Episode  792 score:  130 steps: 2005 ai: 1790 random:  186 epsilon: 0.1000000 avg loss: 0.02003796
Episode  793 score:  275 steps: 3027 ai: 2699 random:  299 epsilon: 0.1000000 avg loss: 0.02095516
Episode  794 score:  110 steps: 1261 ai: 1115 random:  117 epsilon: 0.1000000 avg loss: 0.02069819
Episode  795 score:  275 steps: 2901 ai: 2580 random:  292 epsilon: 0.1000000 avg loss: 0.02170928
Episode  796 score:  145 steps: 2557 ai: 2272 random:  256 epsilon: 0.1000000 avg loss: 0.02107595
Episode  797 score:  145 steps: 2355 ai: 2105 random:  221 epsilon: 0.1000000 avg loss: 0.02040772
Episode  798 score:  205 steps: 3051 ai: 2670 random:  352 epsilon: 0.1000000 avg loss: 0.02072563
Episode  799 score:  180 steps: 2507 ai: 2245 random:  233 epsilon: 0.1000000 avg loss: 0.02345198
Episode  800 score:  230 steps: 2537 ai: 2241 random:  267 epsilon: 0.1000000 avg loss: 0.02092445
Episode  801 score:  195 steps: 2539 ai: 2266 random:  244 epsilon: 0.1000000 avg loss: 0.02187617
Episode  802 score:  300 steps: 4105 ai: 3671 random:  405 epsilon: 0.1000000 avg loss: 0.02208779
Episode  803 score:  190 steps: 2613 ai: 2334 random:  250 epsilon: 0.1000000 avg loss: 0.01950023
Episode  804 score:  155 steps: 2579 ai: 2285 random:  265 epsilon: 0.1000000 avg loss: 0.02148773
Episode  805 score:  160 steps: 2757 ai: 2439 random:  289 epsilon: 0.1000000 avg loss: 0.02119491
Episode  806 score:  125 steps: 1595 ai: 1421 random:  145 epsilon: 0.1000000 avg loss: 0.02125104
Episode  807 score:   90 steps: 1243 ai: 1091 random:  123 epsilon: 0.1000000 avg loss: 0.02164789
Episode  808 score:  455 steps: 3603 ai: 3236 random:  338 epsilon: 0.1000000 avg loss: 0.02106563
Episode  809 score:  185 steps: 2493 ai: 2211 random:  253 epsilon: 0.1000000 avg loss: 0.02295812
Episode  810 score:  235 steps: 3209 ai: 2871 random:  309 epsilon: 0.1000000 avg loss: 0.02123495
Episode  811 score:  310 steps: 3355 ai: 2991 random:  335 epsilon: 0.1000000 avg loss: 0.02074151
Episode  812 score:  115 steps: 1577 ai: 1401 random:  147 epsilon: 0.1000000 avg loss: 0.02068723
Episode  813 score:  335 steps: 2337 ai: 2089 random:  219 epsilon: 0.1000000 avg loss: 0.02273810
Episode  814 score:  310 steps: 3881 ai: 3467 random:  385 epsilon: 0.1000000 avg loss: 0.02199276
Episode  815 score:  135 steps: 1747 ai: 1555 random:  163 epsilon: 0.1000000 avg loss: 0.02209922
Episode  816 score:  205 steps: 3465 ai: 3075 random:  361 epsilon: 0.1000000 avg loss: 0.02164880
Episode  817 score:  415 steps: 3976 ai: 3553 random:  394 epsilon: 0.1000000 avg loss: 0.02179187
Episode  818 score:  510 steps: 3151 ai: 2809 random:  313 epsilon: 0.1000000 avg loss: 0.02026352
Episode  819 score:  115 steps: 2095 ai: 1852 random:  214 epsilon: 0.1000000 avg loss: 0.02209230
Episode  820 score:  385 steps: 3959 ai: 3533 random:  397 epsilon: 0.1000000 avg loss: 0.02074857
Episode  821 score:  170 steps: 2505 ai: 2197 random:  279 epsilon: 0.1000000 avg loss: 0.02286724
Episode  822 score:  190 steps: 2707 ai: 2429 random:  249 epsilon: 0.1000000 avg loss: 0.02037739
Episode  823 score:  135 steps: 2625 ai: 2331 random:  265 epsilon: 0.1000000 avg loss: 0.02159517
Episode  824 score:  375 steps: 2651 ai: 2329 random:  293 epsilon: 0.1000000 avg loss: 0.01874354
Episode  825 score:   90 steps: 1367 ai: 1207 random:  131 epsilon: 0.1000000 avg loss: 0.02095024
Episode  826 score:  130 steps: 2369 ai: 2093 random:  247 epsilon: 0.1000000 avg loss: 0.01957294
Episode  827 score:  295 steps: 3381 ai: 3026 random:  326 epsilon: 0.1000000 avg loss: 0.01977404
Episode  828 score:  150 steps: 2631 ai: 2355 random:  247 epsilon: 0.1000000 avg loss: 0.02125534
Episode  829 score:  450 steps: 2777 ai: 2487 random:  261 epsilon: 0.1000000 avg loss: 0.01932665
Episode  830 score:  120 steps: 2393 ai: 2145 random:  219 epsilon: 0.1000000 avg loss: 0.01794794
Episode  831 score:  285 steps: 3419 ai: 3054 random:  336 epsilon: 0.1000000 avg loss: 0.01970290
Episode  832 score:  175 steps: 2677 ai: 2382 random:  266 epsilon: 0.1000000 avg loss: 0.02128057
Episode  833 score:  305 steps: 2085 ai: 1855 random:  201 epsilon: 0.1000000 avg loss: 0.02078945
Episode  834 score:  205 steps: 3431 ai: 3031 random:  371 epsilon: 0.1000000 avg loss: 0.01896833
Episode  835 score:  110 steps: 2053 ai: 1804 random:  220 epsilon: 0.1000000 avg loss: 0.02097580
Episode  836 score:  110 steps: 1239 ai: 1083 random:  127 epsilon: 0.1000000 avg loss: 0.02228605
Episode  837 score:  110 steps: 2065 ai: 1822 random:  214 epsilon: 0.1000000 avg loss: 0.02097471
Episode  838 score:   80 steps: 1207 ai: 1062 random:  116 epsilon: 0.1000000 avg loss: 0.02080291
Episode  839 score:  115 steps: 2107 ai: 1868 random:  210 epsilon: 0.1000000 avg loss: 0.02239444
Episode  840 score:  500 steps: 3429 ai: 3064 random:  336 epsilon: 0.1000000 avg loss: 0.01882233
Episode  841 score:  325 steps: 3647 ai: 3254 random:  364 epsilon: 0.1000000 avg loss: 0.01897058
Episode  842 score:   75 steps: 1329 ai: 1165 random:  135 epsilon: 0.1000000 avg loss: 0.02094943
Episode  843 score:  190 steps: 2933 ai: 2592 random:  312 epsilon: 0.1000000 avg loss: 0.02179935
Episode  844 score:  235 steps: 3279 ai: 2916 random:  334 epsilon: 0.1000000 avg loss: 0.01938758
Episode  845 score:   90 steps: 1369 ai: 1217 random:  123 epsilon: 0.1000000 avg loss: 0.02107019
Episode  846 score:  155 steps: 2579 ai: 2299 random:  251 epsilon: 0.1000000 avg loss: 0.01773636
Episode  847 score:  295 steps: 2751 ai: 2469 random:  253 epsilon: 0.1000000 avg loss: 0.01993328
Episode  848 score:  200 steps: 2499 ai: 2225 random:  245 epsilon: 0.1000000 avg loss: 0.02105964
Episode  849 score:  135 steps: 2059 ai: 1838 random:  192 epsilon: 0.1000000 avg loss: 0.02087959
Episode  850 score:  185 steps: 2519 ai: 2237 random:  253 epsilon: 0.1000000 avg loss: 0.02021209
Episode  851 score:   80 steps: 1557 ai: 1367 random:  161 epsilon: 0.1000000 avg loss: 0.02074143
Episode  852 score:  105 steps: 1579 ai: 1382 random:  168 epsilon: 0.1000000 avg loss: 0.01918704
Episode  853 score:  195 steps: 3465 ai: 3078 random:  358 epsilon: 0.1000000 avg loss: 0.01993394
Episode  854 score:  195 steps: 2481 ai: 2205 random:  247 epsilon: 0.1000000 avg loss: 0.02080908
Episode  855 score:  175 steps: 3101 ai: 2765 random:  307 epsilon: 0.1000000 avg loss: 0.01913013
Episode  856 score:  200 steps: 2659 ai: 2381 random:  249 epsilon: 0.1000000 avg loss: 0.02206466
Episode  857 score:  475 steps: 2903 ai: 2564 random:  310 epsilon: 0.1000000 avg loss: 0.01946461
Episode  858 score:   55 steps: 1127 ai:  972 random:  126 epsilon: 0.1000000 avg loss: 0.02004056
Episode  859 score:   80 steps: 1205 ai: 1075 random:  101 epsilon: 0.1000000 avg loss: 0.02058375
Episode  860 score:   75 steps: 1159 ai: 1017 random:  113 epsilon: 0.1000000 avg loss: 0.02073565
Episode  861 score:  135 steps: 1805 ai: 1576 random:  200 epsilon: 0.1000000 avg loss: 0.01734835
Episode  862 score:  115 steps: 2059 ai: 1799 random:  231 epsilon: 0.1000000 avg loss: 0.02113576
Episode  863 score:  215 steps: 2611 ai: 2332 random:  250 epsilon: 0.1000000 avg loss: 0.02230051
Episode  864 score:  725 steps: 4787 ai: 4297 random:  461 epsilon: 0.1000000 avg loss: 0.02107387
Episode  865 score:  220 steps: 3393 ai: 3023 random:  341 epsilon: 0.1000000 avg loss: 0.01823281
Episode  866 score:  345 steps: 4139 ai: 3703 random:  407 epsilon: 0.1000000 avg loss: 0.01885208
Episode  867 score:  390 steps: 3421 ai: 3058 random:  334 epsilon: 0.1000000 avg loss: 0.01989624
Episode  868 score:  125 steps: 1939 ai: 1715 random:  195 epsilon: 0.1000000 avg loss: 0.02166292
Episode  869 score:  130 steps: 2081 ai: 1867 random:  185 epsilon: 0.1000000 avg loss: 0.02151090
Episode  870 score:  145 steps: 2091 ai: 1868 random:  194 epsilon: 0.1000000 avg loss: 0.02058536
Episode  871 score:  170 steps: 2451 ai: 2166 random:  256 epsilon: 0.1000000 avg loss: 0.02099435
Episode  872 score:  125 steps: 1285 ai: 1136 random:  120 epsilon: 0.1000000 avg loss: 0.02179240
Episode  873 score:  160 steps: 2091 ai: 1862 random:  200 epsilon: 0.1000000 avg loss: 0.02095767
Episode  874 score:  160 steps: 2443 ai: 2171 random:  243 epsilon: 0.1000000 avg loss: 0.02151234
Episode  875 score:  170 steps: 3025 ai: 2699 random:  297 epsilon: 0.1000000 avg loss: 0.02069760
Episode  876 score:  145 steps: 2511 ai: 2234 random:  248 epsilon: 0.1000000 avg loss: 0.02087516
Episode  877 score:  135 steps: 1977 ai: 1762 random:  186 epsilon: 0.1000000 avg loss: 0.02209795
Episode  878 score:  385 steps: 4018 ai: 3604 random:  385 epsilon: 0.1000000 avg loss: 0.01905837
Episode  879 score:  295 steps: 3521 ai: 3165 random:  327 epsilon: 0.1000000 avg loss: 0.02141235
Episode  880 score:  390 steps: 2681 ai: 2411 random:  241 epsilon: 0.1000000 avg loss: 0.01751198
Episode  881 score:  160 steps: 2195 ai: 1989 random:  177 epsilon: 0.1000000 avg loss: 0.01908859
Episode  882 score:  410 steps: 2631 ai: 2333 random:  269 epsilon: 0.1000000 avg loss: 0.02042351
Episode  883 score:  265 steps: 3845 ai: 3425 random:  391 epsilon: 0.1000000 avg loss: 0.02023776
Episode  884 score:  425 steps: 3291 ai: 2944 random:  318 epsilon: 0.1000000 avg loss: 0.02047628
Episode  885 score:  460 steps: 3451 ai: 3084 random:  338 epsilon: 0.1000000 avg loss: 0.02009122
Episode  886 score:  225 steps: 2437 ai: 2168 random:  240 epsilon: 0.1000000 avg loss: 0.01855456
Episode  887 score:  220 steps: 3579 ai: 3198 random:  352 epsilon: 0.1000000 avg loss: 0.01940507
Episode  888 score:  135 steps: 2071 ai: 1847 random:  195 epsilon: 0.1000000 avg loss: 0.02003455
Episode  889 score:  320 steps: 3009 ai: 2684 random:  296 epsilon: 0.1000000 avg loss: 0.01842969
Episode  890 score:  235 steps: 1879 ai: 1672 random:  178 epsilon: 0.1000000 avg loss: 0.02035385
Episode  891 score:  200 steps: 2657 ai: 2364 random:  264 epsilon: 0.1000000 avg loss: 0.02085535
Episode  892 score:  140 steps: 1231 ai: 1096 random:  106 epsilon: 0.1000000 avg loss: 0.01650378
Episode  893 score:  200 steps: 2617 ai: 2335 random:  253 epsilon: 0.1000000 avg loss: 0.02109320
Episode  894 score:  120 steps: 2085 ai: 1852 random:  204 epsilon: 0.1000000 avg loss: 0.01986109
Episode  895 score:  250 steps: 3449 ai: 3100 random:  320 epsilon: 0.1000000 avg loss: 0.02006931
Episode  896 score:  250 steps: 2665 ai: 2347 random:  289 epsilon: 0.1000000 avg loss: 0.01795449
Episode  897 score:  175 steps: 2359 ai: 2070 random:  260 epsilon: 0.1000000 avg loss: 0.01838903
Episode  898 score:  190 steps: 2037 ai: 1798 random:  210 epsilon: 0.1000000 avg loss: 0.02013747
Episode  899 score:  315 steps: 3909 ai: 3461 random:  419 epsilon: 0.1000000 avg loss: 0.02071059
Episode  900 score:  290 steps: 3375 ai: 3014 random:  332 epsilon: 0.1000000 avg loss: 0.01993123
Episode  901 score:  125 steps: 1951 ai: 1721 random:  201 epsilon: 0.1000000 avg loss: 0.01901037
Episode  902 score:  535 steps: 4259 ai: 3805 random:  425 epsilon: 0.1000000 avg loss: 0.01953194
Episode  903 score:  125 steps: 2067 ai: 1837 random:  201 epsilon: 0.1000000 avg loss: 0.01983025
Episode  904 score:  195 steps: 2137 ai: 1905 random:  203 epsilon: 0.1000000 avg loss: 0.01777817
Episode  905 score:  590 steps: 3313 ai: 2933 random:  351 epsilon: 0.1000000 avg loss: 0.01956168
Episode  906 score:  110 steps: 2071 ai: 1845 random:  197 epsilon: 0.1000000 avg loss: 0.01938560
Episode  907 score:  275 steps: 3359 ai: 2976 random:  354 epsilon: 0.1000000 avg loss: 0.02160995
Episode  908 score:  720 steps: 4382 ai: 3918 random:  435 epsilon: 0.1000000 avg loss: 0.01995533
Episode  909 score:  140 steps: 2455 ai: 2209 random:  217 epsilon: 0.1000000 avg loss: 0.01999200
Episode  910 score:  145 steps: 2363 ai: 2099 random:  235 epsilon: 0.1000000 avg loss: 0.01788292
Episode  911 score:  330 steps: 3785 ai: 3402 random:  354 epsilon: 0.1000000 avg loss: 0.01855665
Episode  912 score:  150 steps: 2069 ai: 1818 random:  222 epsilon: 0.1000000 avg loss: 0.01850674
Episode  913 score:  200 steps: 2987 ai: 2648 random:  310 epsilon: 0.1000000 avg loss: 0.01878056
Episode  914 score:   85 steps: 1361 ai: 1188 random:  144 epsilon: 0.1000000 avg loss: 0.01908317
Episode  915 score:  160 steps: 1965 ai: 1728 random:  208 epsilon: 0.1000000 avg loss: 0.02044516
Episode  916 score:  150 steps: 2465 ai: 2197 random:  239 epsilon: 0.1000000 avg loss: 0.01977158
Episode  917 score:  170 steps: 3115 ai: 2777 random:  309 epsilon: 0.1000000 avg loss: 0.01949679
Episode  918 score:  380 steps: 3247 ai: 2917 random:  301 epsilon: 0.1000000 avg loss: 0.01945103
Episode  919 score:  145 steps: 2191 ai: 1944 random:  218 epsilon: 0.1000000 avg loss: 0.01970114
Episode  920 score:  295 steps: 2967 ai: 2615 random:  323 epsilon: 0.1000000 avg loss: 0.02103674
Episode  921 score:  330 steps: 4299 ai: 3853 random:  417 epsilon: 0.1000000 avg loss: 0.02148873
Episode  922 score:  165 steps: 2179 ai: 1947 random:  203 epsilon: 0.1000000 avg loss: 0.02161240
Episode  923 score:  115 steps: 2019 ai: 1780 random:  210 epsilon: 0.1000000 avg loss: 0.01905748
Episode  924 score:  335 steps: 3543 ai: 3190 random:  324 epsilon: 0.1000000 avg loss: 0.01985834
Episode  925 score:  165 steps: 2683 ai: 2379 random:  275 epsilon: 0.1000000 avg loss: 0.02001760
Episode  926 score:  430 steps: 3491 ai: 3142 random:  320 epsilon: 0.1000000 avg loss: 0.01932520
Episode  927 score:  265 steps: 2783 ai: 2475 random:  279 epsilon: 0.1000000 avg loss: 0.02081148
Episode  928 score:  135 steps: 2043 ai: 1833 random:  181 epsilon: 0.1000000 avg loss: 0.01926317
Episode  929 score:  145 steps: 1363 ai: 1197 random:  137 epsilon: 0.1000000 avg loss: 0.02096561
Episode  930 score:  130 steps: 1975 ai: 1764 random:  182 epsilon: 0.1000000 avg loss: 0.01872378
Episode  931 score:  110 steps: 2085 ai: 1854 random:  202 epsilon: 0.1000000 avg loss: 0.01788328
Episode  932 score:  210 steps: 1655 ai: 1455 random:  171 epsilon: 0.1000000 avg loss: 0.02293598
Episode  933 score:  410 steps: 3905 ai: 3484 random:  392 epsilon: 0.1000000 avg loss: 0.01969134
Episode  934 score:  140 steps: 2187 ai: 1933 random:  225 epsilon: 0.1000000 avg loss: 0.02122198
Episode  935 score:  105 steps: 2087 ai: 1861 random:  197 epsilon: 0.1000000 avg loss: 0.02260839
Episode  936 score:  360 steps: 3149 ai: 2803 random:  317 epsilon: 0.1000000 avg loss: 0.02213579
Episode  937 score:  370 steps: 3357 ai: 2973 random:  355 epsilon: 0.1000000 avg loss: 0.01932907
Episode  938 score:   85 steps: 1115 ai:  976 random:  110 epsilon: 0.1000000 avg loss: 0.02024123
Episode  939 score:  150 steps: 3007 ai: 2678 random:  300 epsilon: 0.1000000 avg loss: 0.01952433
Episode  940 score:  110 steps: 1247 ai: 1096 random:  122 epsilon: 0.1000000 avg loss: 0.02152845
Episode  941 score:  140 steps: 2017 ai: 1786 random:  202 epsilon: 0.1000000 avg loss: 0.02083926
Episode  942 score:  170 steps: 3029 ai: 2693 random:  307 epsilon: 0.1000000 avg loss: 0.02027294
Episode  943 score:  695 steps: 3507 ai: 3160 random:  318 epsilon: 0.1000000 avg loss: 0.01994444
Episode  944 score:  125 steps: 1999 ai: 1766 random:  204 epsilon: 0.1000000 avg loss: 0.02056081
Episode  945 score:  390 steps: 3493 ai: 3133 random:  331 epsilon: 0.1000000 avg loss: 0.01945939
Episode  946 score:  210 steps: 2975 ai: 2635 random:  311 epsilon: 0.1000000 avg loss: 0.01897878
Episode  947 score:  150 steps: 3007 ai: 2638 random:  340 epsilon: 0.1000000 avg loss: 0.02152793
Episode  948 score:  185 steps: 2383 ai: 2120 random:  234 epsilon: 0.1000000 avg loss: 0.02182474
Episode  949 score:  515 steps: 3383 ai: 3026 random:  328 epsilon: 0.1000000 avg loss: 0.01848688
Episode  950 score:  170 steps: 3479 ai: 3109 random:  341 epsilon: 0.1000000 avg loss: 0.02042898
Episode  951 score:  200 steps: 2489 ai: 2217 random:  243 epsilon: 0.1000000 avg loss: 0.01916842
Episode  952 score:  130 steps: 3025 ai: 2670 random:  326 epsilon: 0.1000000 avg loss: 0.02142180
Episode  953 score:  360 steps: 2659 ai: 2399 random:  231 epsilon: 0.1000000 avg loss: 0.01896647
Episode  954 score:  460 steps: 2861 ai: 2548 random:  284 epsilon: 0.1000000 avg loss: 0.01870500
Episode  955 score:  200 steps: 3245 ai: 2912 random:  304 epsilon: 0.1000000 avg loss: 0.01964142
Episode  956 score:  155 steps: 1993 ai: 1775 random:  189 epsilon: 0.1000000 avg loss: 0.02028232
Episode  957 score:  115 steps: 2051 ai: 1838 random:  184 epsilon: 0.1000000 avg loss: 0.01924103
Episode  958 score:  400 steps: 2481 ai: 2208 random:  244 epsilon: 0.1000000 avg loss: 0.01848160
Episode  959 score:  110 steps: 1253 ai: 1099 random:  125 epsilon: 0.1000000 avg loss: 0.01678726
Episode  960 score:  135 steps: 2017 ai: 1813 random:  175 epsilon: 0.1000000 avg loss: 0.02049561
Episode  961 score:  115 steps: 2027 ai: 1796 random:  202 epsilon: 0.1000000 avg loss: 0.01762520
Episode  962 score:  305 steps: 3207 ai: 2867 random:  311 epsilon: 0.1000000 avg loss: 0.01850799
Episode  963 score:  250 steps: 3459 ai: 3084 random:  346 epsilon: 0.1000000 avg loss: 0.01976163
Episode  964 score:  420 steps: 2805 ai: 2486 random:  290 epsilon: 0.1000000 avg loss: 0.01863386
Episode  965 score:  155 steps: 2391 ai: 2116 random:  246 epsilon: 0.1000000 avg loss: 0.02197316
Episode  966 score:  110 steps: 1987 ai: 1718 random:  240 epsilon: 0.1000000 avg loss: 0.02221700
Episode  967 score:  265 steps: 2693 ai: 2367 random:  297 epsilon: 0.1000000 avg loss: 0.01905524
Episode  968 score:   80 steps: 1207 ai: 1051 random:  127 epsilon: 0.1000000 avg loss: 0.02161800
Episode  969 score:  125 steps: 2071 ai: 1817 random:  225 epsilon: 0.1000000 avg loss: 0.02049041
Episode  970 score:  110 steps: 1595 ai: 1418 random:  148 epsilon: 0.1000000 avg loss: 0.01936208
Episode  971 score:  140 steps: 2049 ai: 1811 random:  209 epsilon: 0.1000000 avg loss: 0.02052974
Episode  972 score:  125 steps: 1909 ai: 1718 random:  162 epsilon: 0.1000000 avg loss: 0.01800017
Episode  973 score:  405 steps: 3167 ai: 2853 random:  285 epsilon: 0.1000000 avg loss: 0.02177942
Episode  974 score:  190 steps: 3359 ai: 3000 random:  330 epsilon: 0.1000000 avg loss: 0.02061676
Episode  975 score:  225 steps: 3775 ai: 3340 random:  406 epsilon: 0.1000000 avg loss: 0.01992976
Episode  976 score:  140 steps: 2119 ai: 1888 random:  202 epsilon: 0.1000000 avg loss: 0.02122702
Episode  977 score:  510 steps: 3835 ai: 3438 random:  368 epsilon: 0.1000000 avg loss: 0.02007736
Episode  978 score:  390 steps: 2749 ai: 2452 random:  268 epsilon: 0.1000000 avg loss: 0.02102949
Episode  979 score:  170 steps: 2007 ai: 1758 random:  220 epsilon: 0.1000000 avg loss: 0.01955159
Episode  980 score:  195 steps: 2945 ai: 2639 random:  277 epsilon: 0.1000000 avg loss: 0.02107799
Episode  981 score:  115 steps: 1371 ai: 1192 random:  150 epsilon: 0.1000000 avg loss: 0.01636036
Episode  982 score:  250 steps: 3379 ai: 3004 random:  346 epsilon: 0.1000000 avg loss: 0.01977766
Episode  983 score:  225 steps: 3285 ai: 2939 random:  317 epsilon: 0.1000000 avg loss: 0.02038049
Episode  984 score:  115 steps: 2229 ai: 2000 random:  200 epsilon: 0.1000000 avg loss: 0.01983387
Episode  985 score:  180 steps: 2533 ai: 2257 random:  247 epsilon: 0.1000000 avg loss: 0.01992161
Episode  986 score:  185 steps: 2621 ai: 2330 random:  262 epsilon: 0.1000000 avg loss: 0.02090449
Episode  987 score:  150 steps: 2991 ai: 2632 random:  330 epsilon: 0.1000000 avg loss: 0.01922566
Episode  988 score:  145 steps: 1373 ai: 1214 random:  130 epsilon: 0.1000000 avg loss: 0.01985304
Episode  989 score:  320 steps: 3743 ai: 3336 random:  378 epsilon: 0.1000000 avg loss: 0.02154363
Episode  990 score:   80 steps: 1207 ai: 1055 random:  123 epsilon: 0.1000000 avg loss: 0.02023605
Episode  991 score:  170 steps: 2177 ai: 1928 random:  220 epsilon: 0.1000000 avg loss: 0.02115583
Episode  992 score:   75 steps: 1179 ai: 1035 random:  115 epsilon: 0.1000000 avg loss: 0.02280362
Episode  993 score:  225 steps: 2867 ai: 2552 random:  286 epsilon: 0.1000000 avg loss: 0.02068316
Episode  994 score:  125 steps: 1807 ai: 1579 random:  199 epsilon: 0.1000000 avg loss: 0.02180156
Episode  995 score:  285 steps: 3977 ai: 3544 random:  404 epsilon: 0.1000000 avg loss: 0.01963130
Episode  996 score:  115 steps: 2561 ai: 2284 random:  248 epsilon: 0.1000000 avg loss: 0.02096787
Episode  997 score:  160 steps: 2019 ai: 1793 random:  197 epsilon: 0.1000000 avg loss: 0.02078629
Episode  998 score:  120 steps: 1125 ai:  982 random:  114 epsilon: 0.1000000 avg loss: 0.01968705
Episode  999 score:  350 steps: 2855 ai: 2532 random:  294 epsilon: 0.1000000 avg loss: 0.02088173

Elapsed Time: 8809s Total Steps: 2522211 - Episode 148 Max Score: 855
